================================================================
== Design Size Report
================================================================

* Total Instructions per Compilation Phase
+---------------+-----------------------------+--------------+----------------------------------------------------------------------------------------+
| Phase         | Step                        | Instructions | Description                                                                            |
+---------------+-----------------------------+--------------+----------------------------------------------------------------------------------------+
| Compile/Link  |                             | 1,882        | After all functions are compiled and linked into a single design                       |
|               |                             |              |                                                                                        |
| Unroll/Inline |                             |              | After user unroll and inline pragmas are applied                                       |
|               | (1) unroll                  |   376        | user unroll pragmas are applied                                                        |
|               | (2) simplification          |   214        | simplification of applied user unroll pragmas                                          |
|               | (3) inline                  |   211        | user inline pragmas are applied                                                        |
|               | (4) simplification          |   211        | simplification of applied user inline pragmas                                          |
|               |                             |              |                                                                                        |
| Array/Struct  |                             |              | After user array partition and struct aggregate/disaggregate pragmas are applied       |
|               | (1) array partition         |   313        | user array partition pragmas are applied                                               |
|               | (2) simplification          |   261        | simplification of applied user array partition & struct aggregate/disaggregate pragmas |
|               | (3) aggregate/disaggregate  |   261        | user struct aggregate/disaggregate pragmas are applied                                 |
|               | (4) array reshape           |   261        | apply array reshape pragmas                                                            |
|               | (5) access patterns         |   294        | array access pattern optmizations                                                      |
|               |                             |              |                                                                                        |
| Performance   |                             |              | After transformations are applied to meet performance pragma targets                   |
|               | (1) loop simplification     |   298        | loop and instruction simplification                                                    |
|               | (2) parallelization         |   294        | loops are unrolled or pipelined to meet performance targets                            |
|               | (3) array partition         |   267        | arrays are partitioned to meet performance targets                                     |
|               | (4) simplification          |   267        | simplification of design after performance transformations                             |
|               |                             |              |                                                                                        |
| HW Transforms |                             |              | After hardware transfomations                                                          |
|               | (1) lowering                |   244        | initial conversion to HW specific instructions                                         |
|               | (2) optimizations           |   258        | high level synthesis optimizations                                                     |
+---------------+-----------------------------+--------------+----------------------------------------------------------------------------------------+

* Instructions per Function for each Compilation Phase
+----------------+------------------+--------------+---------------+--------------+-------------+---------------+
| Function       | Location         | Compile/Link | Unroll/Inline | Array/Struct | Performance | HW Transforms |
+----------------+------------------+--------------+---------------+--------------+-------------+---------------+
| + chan_est_top | chan_est.cpp:190 | 1,882        | 211           | 294          | 267         | 258           |
|    ls_div      | chan_est.cpp:37  | 1,117        |               |              |             |               |
+----------------+------------------+--------------+---------------+--------------+-------------+---------------+

* Design Size Message Settings
+---------------------------------------------+--------+------------------------------------------------------------------+
| Message Setting                             | Value  | Description                                                      |
+---------------------------------------------+--------+------------------------------------------------------------------+
| config_compile -design_size_maximum_warning | 100000 | Show a warning when total design instructions exceeds this value |
+---------------------------------------------+--------+------------------------------------------------------------------+


