================================================================
== Design Size Report
================================================================

* Total Instructions per Compilation Phase
+---------------+-----------------------------+--------------+----------------------------------------------------------------------------------------+
| Phase         | Step                        | Instructions | Description                                                                            |
+---------------+-----------------------------+--------------+----------------------------------------------------------------------------------------+
| Compile/Link  |                             | 2,360        | After all functions are compiled and linked into a single design                       |
|               |                             |              |                                                                                        |
| Unroll/Inline |                             |              | After user unroll and inline pragmas are applied                                       |
|               | (1) unroll                  |   152        | user unroll pragmas are applied                                                        |
|               | (2) simplification          |   130        | simplification of applied user unroll pragmas                                          |
|               | (3) inline                  |   131        | user inline pragmas are applied                                                        |
|               | (4) simplification          |   131        | simplification of applied user inline pragmas                                          |
|               |                             |              |                                                                                        |
| Array/Struct  |                             |              | After user array partition and struct aggregate/disaggregate pragmas are applied       |
|               | (1) array partition         |   120        | user array partition pragmas are applied                                               |
|               | (2) simplification          |   120        | simplification of applied user array partition & struct aggregate/disaggregate pragmas |
|               | (3) aggregate/disaggregate  |   120        | user struct aggregate/disaggregate pragmas are applied                                 |
|               | (4) array reshape           |   120        | apply array reshape pragmas                                                            |
|               | (5) access patterns         |   142        | array access pattern optmizations                                                      |
|               |                             |              |                                                                                        |
| Performance   |                             |              | After transformations are applied to meet performance pragma targets                   |
|               | (1) loop simplification     |   141        | loop and instruction simplification                                                    |
|               | (2) parallelization         |   139        | loops are unrolled or pipelined to meet performance targets                            |
|               | (3) array partition         |   116        | arrays are partitioned to meet performance targets                                     |
|               | (4) simplification          |   116        | simplification of design after performance transformations                             |
|               |                             |              |                                                                                        |
| HW Transforms |                             |              | After hardware transfomations                                                          |
|               | (1) lowering                |   112        | initial conversion to HW specific instructions                                         |
|               | (2) optimizations           |   127        | high level synthesis optimizations                                                     |
+---------------+-----------------------------+--------------+----------------------------------------------------------------------------------------+

* Instructions per Function for each Compilation Phase
+-----------------------+------------------+-----------------+---------------+--------------+-------------+---------------+
| Function              | Location         | Compile/Link    | Unroll/Inline | Array/Struct | Performance | HW Transforms |
+-----------------------+------------------+-----------------+---------------+--------------+-------------+---------------+
| + mlkem_top           | mlkem_ip.cpp:77  | 2,360           | 131           | 142          | 116         | 127           |
|    read_phase         | mlkem_ip.cpp:24  |  143            |  38           |  30          |  21         |  25           |
|  + process_phase      | mlkem_ip.cpp:38  | 2,032           |  42           |  42          |  42         |  47           |
|     montgomery_reduce | mlkem_types.h:49 | 1,491 (3 calls) |               |              |             |               |
|    write_phase        | mlkem_ip.cpp:63  |  149            |  27           |  48          |  31         |  26           |
+-----------------------+------------------+-----------------+---------------+--------------+-------------+---------------+

* Design Size Message Settings
+---------------------------------------------+--------+------------------------------------------------------------------+
| Message Setting                             | Value  | Description                                                      |
+---------------------------------------------+--------+------------------------------------------------------------------+
| config_compile -design_size_maximum_warning | 100000 | Show a warning when total design instructions exceeds this value |
+---------------------------------------------+--------+------------------------------------------------------------------+


