

================================================================
== Vitis HLS Report for 'cp_removal_Pipeline_cp_forward'
================================================================
* Date:           Sat Feb 28 13:09:39 2026

* Version:        2024.1 (Build 5069499 on May 21 2024)
* Project:        cp_removal
* Solution:       solution1 (Vivado IP Flow Target)
* Product family: zynquplus
* Target device:  xczu7ev-ffvc1156-2-e


================================================================
== Performance Estimates
================================================================
+ Timing: 
    * Summary: 
    +--------+---------+----------+------------+
    |  Clock |  Target | Estimated| Uncertainty|
    +--------+---------+----------+------------+
    |ap_clk  |  3.33 ns|  1.652 ns|     0.90 ns|
    +--------+---------+----------+------------+

+ Latency: 
    * Summary: 
    +---------+---------+----------+----------+------+------+-----------------------------------------------+
    |  Latency (cycles) |  Latency (absolute) |   Interval  |                    Pipeline                   |
    |   min   |   max   |    min   |    max   |  min |  max |                      Type                     |
    +---------+---------+----------+----------+------+------+-----------------------------------------------+
    |     1026|     1026|  3.417 us|  3.417 us|  1025|  1025|  loop auto-rewind stp(delay=0 clock cycles(s))|
    +---------+---------+----------+----------+------+------+-----------------------------------------------+

    + Detail: 
        * Instance: 
        N/A

        * Loop: 
        +--------------+---------+---------+----------+-----------+-----------+------+----------+
        |              |  Latency (cycles) | Iteration|  Initiation Interval  | Trip |          |
        |   Loop Name  |   min   |   max   |  Latency |  achieved |   target  | Count| Pipelined|
        +--------------+---------+---------+----------+-----------+-----------+------+----------+
        |- cp_forward  |     1024|     1024|         2|          1|          1|  1024|       yes|
        +--------------+---------+---------+----------+-----------+-----------+------+----------+



================================================================
== Utilization Estimates
================================================================
* Summary: 
+-----------------+---------+------+--------+--------+-----+
|       Name      | BRAM_18K|  DSP |   FF   |   LUT  | URAM|
+-----------------+---------+------+--------+--------+-----+
|DSP              |        -|     -|       -|       -|    -|
|Expression       |        -|     -|       0|      63|    -|
|FIFO             |        -|     -|       -|       -|    -|
|Instance         |        -|     -|       -|       -|    -|
|Memory           |        -|     -|       -|       -|    -|
|Multiplexer      |        -|     -|       0|      54|    -|
|Register         |        -|     -|      51|       -|    -|
+-----------------+---------+------+--------+--------+-----+
|Total            |        0|     0|      51|     117|    0|
+-----------------+---------+------+--------+--------+-----+
|Available        |      624|  1728|  460800|  230400|   96|
+-----------------+---------+------+--------+--------+-----+
|Utilization (%)  |        0|     0|      ~0|      ~0|    0|
+-----------------+---------+------+--------+--------+-----+

+ Detail: 
    * Instance: 
    N/A

    * DSP: 
    N/A

    * Memory: 
    N/A

    * FIFO: 
    N/A

    * Expression: 
    +----------------------------------+----------+----+---+----+------------+------------+
    |           Variable Name          | Operation| DSP| FF| LUT| Bitwidth P0| Bitwidth P1|
    +----------------------------------+----------+----+---+----+------------+------------+
    |i_2_fu_109_p2                     |         +|   0|  0|  18|          11|           1|
    |ap_block_state1_pp0_stage0_iter0  |       and|   0|  0|   2|           1|           1|
    |icmp_ln64_fu_103_p2               |      icmp|   0|  0|  19|          11|          12|
    |icmp_ln68_fu_123_p2               |      icmp|   0|  0|  18|          11|          10|
    |ap_block_pp0_stage0_01001         |        or|   0|  0|   2|           1|           1|
    |ap_block_pp0_stage0_11001         |        or|   0|  0|   2|           1|           1|
    |ap_enable_pp0                     |       xor|   0|  0|   2|           1|           2|
    +----------------------------------+----------+----+---+----+------------+------------+
    |Total                             |          |   0|  0|  63|          37|          28|
    +----------------------------------+----------+----+---+----+------------+------------+

    * Multiplexer: 
    +-------------------------+----+-----------+-----+-----------+
    |           Name          | LUT| Input Size| Bits| Total Bits|
    +-------------------------+----+-----------+-----+-----------+
    |ap_done_int              |   9|          2|    1|          2|
    |ap_enable_reg_pp0_iter1  |   9|          2|    1|          2|
    |ap_sig_allocacmp_i_1     |   9|          2|   11|         22|
    |i_fu_62                  |   9|          2|   11|         22|
    |in_stream_TDATA_blk_n    |   9|          2|    1|          2|
    |out_stream_TDATA_blk_n   |   9|          2|    1|          2|
    +-------------------------+----+-----------+-----+-----------+
    |Total                    |  54|         12|   26|         52|
    +-------------------------+----+-----------+-----+-----------+

    * Register: 
    +-------------------------+----+----+-----+-----------+
    |           Name          | FF | LUT| Bits| Const Bits|
    +-------------------------+----+----+-----+-----------+
    |ap_CS_fsm                |   1|   0|    1|          0|
    |ap_done_reg              |   1|   0|    1|          0|
    |ap_enable_reg_pp0_iter1  |   1|   0|    1|          0|
    |i_fu_62                  |  11|   0|   11|          0|
    |icmp_ln68_reg_154        |   1|   0|    1|          0|
    |s_data_reg_144           |  32|   0|   32|          0|
    |s_strb_reg_149           |   4|   0|    4|          0|
    +-------------------------+----+----+-----+-----------+
    |Total                    |  51|   0|   51|          0|
    +-------------------------+----+----+-----+-----------+



================================================================
== Interface
================================================================
* Summary: 
+-------------------+-----+-----+------------+--------------------------------+--------------+
|     RTL Ports     | Dir | Bits|  Protocol  |          Source Object         |    C Type    |
+-------------------+-----+-----+------------+--------------------------------+--------------+
|ap_clk             |   in|    1|  ap_ctrl_hs|  cp_removal_Pipeline_cp_forward|  return value|
|ap_rst             |   in|    1|  ap_ctrl_hs|  cp_removal_Pipeline_cp_forward|  return value|
|ap_start           |   in|    1|  ap_ctrl_hs|  cp_removal_Pipeline_cp_forward|  return value|
|ap_done            |  out|    1|  ap_ctrl_hs|  cp_removal_Pipeline_cp_forward|  return value|
|ap_idle            |  out|    1|  ap_ctrl_hs|  cp_removal_Pipeline_cp_forward|  return value|
|ap_ready           |  out|    1|  ap_ctrl_hs|  cp_removal_Pipeline_cp_forward|  return value|
|in_stream_TVALID   |   in|    1|        axis|              in_stream_V_data_V|       pointer|
|in_stream_TDATA    |   in|   32|        axis|              in_stream_V_data_V|       pointer|
|out_stream_TREADY  |   in|    1|        axis|             out_stream_V_data_V|       pointer|
|out_stream_TDATA   |  out|   32|        axis|             out_stream_V_data_V|       pointer|
|in_stream_TREADY   |  out|    1|        axis|              in_stream_V_last_V|       pointer|
|in_stream_TLAST    |   in|    1|        axis|              in_stream_V_last_V|       pointer|
|in_stream_TKEEP    |   in|    4|        axis|              in_stream_V_keep_V|       pointer|
|in_stream_TSTRB    |   in|    4|        axis|              in_stream_V_strb_V|       pointer|
|out_stream_TVALID  |  out|    1|        axis|             out_stream_V_last_V|       pointer|
|out_stream_TLAST   |  out|    1|        axis|             out_stream_V_last_V|       pointer|
|out_stream_TKEEP   |  out|    4|        axis|             out_stream_V_keep_V|       pointer|
|out_stream_TSTRB   |  out|    4|        axis|             out_stream_V_strb_V|       pointer|
+-------------------+-----+-----+------------+--------------------------------+--------------+

============================================================
+ Verbose Summary: Synthesis Manager
============================================================
InlineROM: 1
ExposeGlobal: 0
============================================================
+ Verbose Summary: CDFG Model
============================================================
IsTopModel: 0
ResetActiveHigh: 1
IsCombinational: 2
IsDatapathOnly: 2
HasWiredReturn: 1
HasMFsm: 2
HasVarLatency: 1
IsPipeline: 0
IsRtlPipelined: 0
IsInstanceOverlapped: 0
IsDontTouch: 0
HasImplIP: 0
IsGatedGlobalClock: 0

+ Individual pipeline summary: 
  * Pipeline-0: initiation interval (II) = 1, depth = 2


============================================================
+ Verbose Summary: Schedule
============================================================
* Number of FSM states : 2
* Pipeline : 1
  Pipeline-0 : II = 1, D = 2, States = { 1 2 }
* Dataflow Pipeline: 0

* FSM state transitions: 
1 --> 2 
2 --> 

* FSM state operations: 

State 1 <SV = 0> <Delay = 1.65>
ST_1 : Operation 5 [1/1] (0.00ns)   --->   "%i = alloca i32 1" [cp_removal.cpp:64]   --->   Operation 5 'alloca' 'i' <Predicate = true> <Delay = 0.00>
ST_1 : Operation 6 [1/1] (0.00ns)   --->   "%specaxissidechannel_ln0 = specaxissidechannel void @_ssdm_op_SpecAXISSideChannel, i32 %out_stream_V_data_V, i4 %out_stream_V_keep_V, i4 %out_stream_V_strb_V, i1 0, i1 %out_stream_V_last_V, i1 0, i1 0, void @empty_2"   --->   Operation 6 'specaxissidechannel' 'specaxissidechannel_ln0' <Predicate = true> <Delay = 0.00>
ST_1 : Operation 7 [1/1] (0.00ns)   --->   "%specaxissidechannel_ln0 = specaxissidechannel void @_ssdm_op_SpecAXISSideChannel, i32 %in_stream_V_data_V, i4 %in_stream_V_keep_V, i4 %in_stream_V_strb_V, i1 0, i1 %in_stream_V_last_V, i1 0, i1 0, void @empty_3"   --->   Operation 7 'specaxissidechannel' 'specaxissidechannel_ln0' <Predicate = true> <Delay = 0.00>
ST_1 : Operation 8 [1/1] (0.00ns)   --->   "%specinterface_ln0 = specinterface void @_ssdm_op_SpecInterface, i1 %out_stream_V_last_V, i4 %out_stream_V_strb_V, i4 %out_stream_V_keep_V, i32 %out_stream_V_data_V, void @empty, i32 0, i32 0, void @empty_0, i32 0, i32 0, void @empty_1, void @empty_1, void @empty_1, i32 0, i32 0, i32 0, i32 0, void @empty_1, void @empty_1, i32 4294967295, i32 0, i32 0"   --->   Operation 8 'specinterface' 'specinterface_ln0' <Predicate = true> <Delay = 0.00>
ST_1 : Operation 9 [1/1] (0.00ns)   --->   "%specinterface_ln0 = specinterface void @_ssdm_op_SpecInterface, i1 %in_stream_V_last_V, void @empty, i32 0, i32 0, void @empty_0, i32 0, i32 0, void @empty_1, void @empty_1, void @empty_1, i32 0, i32 0, i32 0, i32 0, void @empty_1, void @empty_1, i32 4294967295, i32 0, i32 0"   --->   Operation 9 'specinterface' 'specinterface_ln0' <Predicate = true> <Delay = 0.00>
ST_1 : Operation 10 [1/1] (0.00ns)   --->   "%specinterface_ln0 = specinterface void @_ssdm_op_SpecInterface, i4 %in_stream_V_strb_V, void @empty, i32 0, i32 0, void @empty_0, i32 0, i32 0, void @empty_1, void @empty_1, void @empty_1, i32 0, i32 0, i32 0, i32 0, void @empty_1, void @empty_1, i32 4294967295, i32 0, i32 0"   --->   Operation 10 'specinterface' 'specinterface_ln0' <Predicate = true> <Delay = 0.00>
ST_1 : Operation 11 [1/1] (0.00ns)   --->   "%specinterface_ln0 = specinterface void @_ssdm_op_SpecInterface, i4 %in_stream_V_keep_V, void @empty, i32 0, i32 0, void @empty_0, i32 0, i32 0, void @empty_1, void @empty_1, void @empty_1, i32 0, i32 0, i32 0, i32 0, void @empty_1, void @empty_1, i32 4294967295, i32 0, i32 0"   --->   Operation 11 'specinterface' 'specinterface_ln0' <Predicate = true> <Delay = 0.00>
ST_1 : Operation 12 [1/1] (0.00ns)   --->   "%specinterface_ln0 = specinterface void @_ssdm_op_SpecInterface, i32 %in_stream_V_data_V, void @empty, i32 0, i32 0, void @empty_0, i32 0, i32 0, void @empty_1, void @empty_1, void @empty_1, i32 0, i32 0, i32 0, i32 0, void @empty_1, void @empty_1, i32 4294967295, i32 0, i32 0"   --->   Operation 12 'specinterface' 'specinterface_ln0' <Predicate = true> <Delay = 0.00>
ST_1 : Operation 13 [1/1] (0.42ns)   --->   "%store_ln64 = store i11 0, i11 %i" [cp_removal.cpp:64]   --->   Operation 13 'store' 'store_ln64' <Predicate = true> <Delay = 0.42>
ST_1 : Operation 14 [1/1] (0.00ns)   --->   "%br_ln64 = br void %for.body5" [cp_removal.cpp:64]   --->   Operation 14 'br' 'br_ln64' <Predicate = true> <Delay = 0.00>
ST_1 : Operation 15 [1/1] (0.00ns)   --->   "%i_1 = load i11 %i" [cp_removal.cpp:64]   --->   Operation 15 'load' 'i_1' <Predicate = true> <Delay = 0.00>
ST_1 : Operation 16 [1/1] (0.79ns)   --->   "%icmp_ln64 = icmp_eq  i11 %i_1, i11 1024" [cp_removal.cpp:64]   --->   Operation 16 'icmp' 'icmp_ln64' <Predicate = true> <Delay = 0.79> <CoreInst = "Cmp">   --->   Core 9 'Cmp' <Latency = 0> <II = 1> <Delay = 0.80> <FuncUnit> <Opcode : 'seteq' 'setne' 'setle' 'setge' 'setlt' 'setgt'> <InPorts = 2> <OutPorts = 1>
ST_1 : Operation 17 [1/1] (0.79ns)   --->   "%i_2 = add i11 %i_1, i11 1" [cp_removal.cpp:64]   --->   Operation 17 'add' 'i_2' <Predicate = true> <Delay = 0.79> <CoreInst = "Adder">   --->   Core 1 'Adder' <Latency = 0> <II = 1> <Delay = 0.79> <FuncUnit> <Opcode : 'add' 'sub'> <InPorts = 2> <OutPorts = 1>
ST_1 : Operation 18 [1/1] (0.00ns)   --->   "%br_ln64 = br i1 %icmp_ln64, void %for.body5.split, void %for.end11.exitStub" [cp_removal.cpp:64]   --->   Operation 18 'br' 'br_ln64' <Predicate = true> <Delay = 0.00>
ST_1 : Operation 19 [1/1] (0.07ns)   --->   "%empty = read i41 @_ssdm_op_Read.axis.volatile.i32P0A.i4P0A.i4P0A.i1P0A, i32 %in_stream_V_data_V, i4 %in_stream_V_keep_V, i4 %in_stream_V_strb_V, i1 %in_stream_V_last_V" [cp_removal.cpp:67]   --->   Operation 19 'read' 'empty' <Predicate = (!icmp_ln64)> <Delay = 0.07> <CoreInst = "regslice">   --->   Core 148 'regslice' <Latency = 0> <II = 1> <Delay = 0.65> <Adapter> <Opcode : 'read' 'write'>
ST_1 : Operation 20 [1/1] (0.00ns)   --->   "%s_data = extractvalue i41 %empty" [cp_removal.cpp:67]   --->   Operation 20 'extractvalue' 's_data' <Predicate = (!icmp_ln64)> <Delay = 0.00>
ST_1 : Operation 21 [1/1] (0.00ns)   --->   "%s_strb = extractvalue i41 %empty" [cp_removal.cpp:67]   --->   Operation 21 'extractvalue' 's_strb' <Predicate = (!icmp_ln64)> <Delay = 0.00>
ST_1 : Operation 22 [1/1] (0.79ns)   --->   "%icmp_ln68 = icmp_eq  i11 %i_1, i11 1023" [cp_removal.cpp:68]   --->   Operation 22 'icmp' 'icmp_ln68' <Predicate = (!icmp_ln64)> <Delay = 0.79> <CoreInst = "Cmp">   --->   Core 9 'Cmp' <Latency = 0> <II = 1> <Delay = 0.79> <FuncUnit> <Opcode : 'seteq' 'setne' 'setle' 'setge' 'setlt' 'setgt'> <InPorts = 2> <OutPorts = 1>
ST_1 : Operation 23 [1/1] (0.42ns)   --->   "%store_ln64 = store i11 %i_2, i11 %i" [cp_removal.cpp:64]   --->   Operation 23 'store' 'store_ln64' <Predicate = (!icmp_ln64)> <Delay = 0.42>
ST_1 : Operation 29 [1/1] (0.42ns)   --->   "%ret_ln0 = ret"   --->   Operation 29 'ret' 'ret_ln0' <Predicate = (icmp_ln64)> <Delay = 0.42>

State 2 <SV = 1> <Delay = 0.49>
ST_2 : Operation 24 [1/1] (0.00ns)   --->   "%specpipeline_ln66 = specpipeline void @_ssdm_op_SpecPipeline, i32 1, i32 0, i32 0, i32 0, void @empty_1" [cp_removal.cpp:66]   --->   Operation 24 'specpipeline' 'specpipeline_ln66' <Predicate = true> <Delay = 0.00>
ST_2 : Operation 25 [1/1] (0.00ns)   --->   "%speclooptripcount_ln64 = speclooptripcount void @_ssdm_op_SpecLoopTripCount, i64 1024, i64 1024, i64 1024" [cp_removal.cpp:64]   --->   Operation 25 'speclooptripcount' 'speclooptripcount_ln64' <Predicate = true> <Delay = 0.00>
ST_2 : Operation 26 [1/1] (0.00ns)   --->   "%specloopname_ln64 = specloopname void @_ssdm_op_SpecLoopName, void @empty_6" [cp_removal.cpp:64]   --->   Operation 26 'specloopname' 'specloopname_ln64' <Predicate = true> <Delay = 0.00>
ST_2 : Operation 27 [1/1] (0.49ns)   --->   "%write_ln70 = write void @_ssdm_op_Write.axis.volatile.i32P0A.i4P0A.i4P0A.i1P0A, i32 %out_stream_V_data_V, i4 %out_stream_V_keep_V, i4 %out_stream_V_strb_V, i1 %out_stream_V_last_V, i32 %s_data, i4 15, i4 %s_strb, i1 %icmp_ln68" [cp_removal.cpp:70]   --->   Operation 27 'write' 'write_ln70' <Predicate = true> <Delay = 0.49> <CoreInst = "regslice">   --->   Core 148 'regslice' <Latency = 0> <II = 1> <Delay = 0.65> <Adapter> <Opcode : 'read' 'write'>
ST_2 : Operation 28 [1/1] (0.00ns)   --->   "%br_ln64 = br void %for.body5" [cp_removal.cpp:64]   --->   Operation 28 'br' 'br_ln64' <Predicate = true> <Delay = 0.00>


============================================================
+ Verbose Summary: Binding
============================================================
STG Binding: 
---------------- STG Properties BEGIN ----------------
- Is combinational: 0
- Is one-state seq: 0
- Is datapath-only: 0
- Is pipelined: 0
- Is top level: 0
Port [ Return ] is wired: 1; IO mode=ap_ctrl_hs:ce=0
Port [ in_stream_V_data_V]:  wired=1; compound=1; hidden=0; nouse=0; global=0; static=0; extern=0; dir=0; type=0; pingpong=0; private_global=0; IO mode=axis:ce=0
Port [ in_stream_V_keep_V]:  wired=1; compound=1; hidden=0; nouse=0; global=0; static=0; extern=0; dir=0; type=0; pingpong=0; private_global=0; IO mode=axis:ce=0
Port [ in_stream_V_strb_V]:  wired=1; compound=1; hidden=0; nouse=0; global=0; static=0; extern=0; dir=0; type=0; pingpong=0; private_global=0; IO mode=axis:ce=0
Port [ in_stream_V_last_V]:  wired=1; compound=1; hidden=0; nouse=0; global=0; static=0; extern=0; dir=0; type=0; pingpong=0; private_global=0; IO mode=axis:ce=0
Port [ out_stream_V_data_V]:  wired=1; compound=1; hidden=0; nouse=0; global=0; static=0; extern=0; dir=1; type=0; pingpong=0; private_global=0; IO mode=axis:ce=0
Port [ out_stream_V_keep_V]:  wired=1; compound=1; hidden=0; nouse=0; global=0; static=0; extern=0; dir=1; type=0; pingpong=0; private_global=0; IO mode=axis:ce=0
Port [ out_stream_V_strb_V]:  wired=1; compound=1; hidden=0; nouse=0; global=0; static=0; extern=0; dir=1; type=0; pingpong=0; private_global=0; IO mode=axis:ce=0
Port [ out_stream_V_last_V]:  wired=1; compound=1; hidden=0; nouse=0; global=0; static=0; extern=0; dir=1; type=0; pingpong=0; private_global=0; IO mode=axis:ce=0
---------------- STG Properties END ------------------

---------------- Datapath Model BEGIN ----------------

<LifeTime>
<method=bitvector/>
i                       (alloca             ) [ 010]
specaxissidechannel_ln0 (specaxissidechannel) [ 000]
specaxissidechannel_ln0 (specaxissidechannel) [ 000]
specinterface_ln0       (specinterface      ) [ 000]
specinterface_ln0       (specinterface      ) [ 000]
specinterface_ln0       (specinterface      ) [ 000]
specinterface_ln0       (specinterface      ) [ 000]
specinterface_ln0       (specinterface      ) [ 000]
store_ln64              (store              ) [ 000]
br_ln64                 (br                 ) [ 000]
i_1                     (load               ) [ 000]
icmp_ln64               (icmp               ) [ 010]
i_2                     (add                ) [ 000]
br_ln64                 (br                 ) [ 000]
empty                   (read               ) [ 000]
s_data                  (extractvalue       ) [ 011]
s_strb                  (extractvalue       ) [ 011]
icmp_ln68               (icmp               ) [ 011]
store_ln64              (store              ) [ 000]
specpipeline_ln66       (specpipeline       ) [ 000]
speclooptripcount_ln64  (speclooptripcount  ) [ 000]
specloopname_ln64       (specloopname       ) [ 000]
write_ln70              (write              ) [ 000]
br_ln64                 (br                 ) [ 000]
ret_ln0                 (ret                ) [ 000]
</LifeTime>

<model>

<comp_list>
<comp id="0" class="1000" name="in_stream_V_data_V">
<pin_list>
<pin id="1" dir="1" index="0" bw="1" slack="0"/>
</pin_list>
<bind>
<StgValue><ssdm name="in_stream_V_data_V"/></StgValue>
</bind>
</comp>

<comp id="2" class="1000" name="in_stream_V_keep_V">
<pin_list>
<pin id="3" dir="1" index="0" bw="1" slack="0"/>
</pin_list>
<bind>
<StgValue><ssdm name="in_stream_V_keep_V"/></StgValue>
</bind>
</comp>

<comp id="4" class="1000" name="in_stream_V_strb_V">
<pin_list>
<pin id="5" dir="1" index="0" bw="1" slack="0"/>
</pin_list>
<bind>
<StgValue><ssdm name="in_stream_V_strb_V"/></StgValue>
</bind>
</comp>

<comp id="6" class="1000" name="in_stream_V_last_V">
<pin_list>
<pin id="7" dir="1" index="0" bw="1" slack="0"/>
</pin_list>
<bind>
<StgValue><ssdm name="in_stream_V_last_V"/></StgValue>
</bind>
</comp>

<comp id="8" class="1000" name="out_stream_V_data_V">
<pin_list>
<pin id="9" dir="1" index="0" bw="1" slack="0"/>
</pin_list>
<bind>
<StgValue><ssdm name="out_stream_V_data_V"/></StgValue>
</bind>
</comp>

<comp id="10" class="1000" name="out_stream_V_keep_V">
<pin_list>
<pin id="11" dir="1" index="0" bw="1" slack="0"/>
</pin_list>
<bind>
<StgValue><ssdm name="out_stream_V_keep_V"/></StgValue>
</bind>
</comp>

<comp id="12" class="1000" name="out_stream_V_strb_V">
<pin_list>
<pin id="13" dir="1" index="0" bw="1" slack="0"/>
</pin_list>
<bind>
<StgValue><ssdm name="out_stream_V_strb_V"/></StgValue>
</bind>
</comp>

<comp id="14" class="1000" name="out_stream_V_last_V">
<pin_list>
<pin id="15" dir="1" index="0" bw="1" slack="0"/>
</pin_list>
<bind>
<StgValue><ssdm name="out_stream_V_last_V"/></StgValue>
</bind>
</comp>

<comp id="16" class="1001" name="const_16">
<pin_list>
<pin id="17" dir="1" index="0" bw="1" slack="0"/>
</pin_list>
<bind>
<StgValue><ssdm name=""/></StgValue>
</bind>
</comp>

<comp id="18" class="1001" name="const_18">
<pin_list>
<pin id="19" dir="1" index="0" bw="1" slack="2147483647"/>
</pin_list>
<bind>
<StgValue><ssdm name="_ssdm_op_SpecAXISSideChannel"/></StgValue>
</bind>
</comp>

<comp id="20" class="1001" name="const_20">
<pin_list>
<pin id="21" dir="1" index="0" bw="1" slack="2147483647"/>
</pin_list>
<bind>
<StgValue><ssdm name=""/></StgValue>
</bind>
</comp>

<comp id="22" class="1001" name="const_22">
<pin_list>
<pin id="23" dir="1" index="0" bw="1" slack="2147483647"/>
</pin_list>
<bind>
<StgValue><ssdm name="empty_2"/></StgValue>
</bind>
</comp>

<comp id="24" class="1001" name="const_24">
<pin_list>
<pin id="25" dir="1" index="0" bw="1" slack="2147483647"/>
</pin_list>
<bind>
<StgValue><ssdm name="empty_3"/></StgValue>
</bind>
</comp>

<comp id="26" class="1001" name="const_26">
<pin_list>
<pin id="27" dir="1" index="0" bw="1" slack="2147483647"/>
</pin_list>
<bind>
<StgValue><ssdm name="_ssdm_op_SpecInterface"/></StgValue>
</bind>
</comp>

<comp id="28" class="1001" name="const_28">
<pin_list>
<pin id="29" dir="1" index="0" bw="1" slack="2147483647"/>
</pin_list>
<bind>
<StgValue><ssdm name="empty"/></StgValue>
</bind>
</comp>

<comp id="30" class="1001" name="const_30">
<pin_list>
<pin id="31" dir="1" index="0" bw="1" slack="2147483647"/>
</pin_list>
<bind>
<StgValue><ssdm name=""/></StgValue>
</bind>
</comp>

<comp id="32" class="1001" name="const_32">
<pin_list>
<pin id="33" dir="1" index="0" bw="1" slack="2147483647"/>
</pin_list>
<bind>
<StgValue><ssdm name="empty_0"/></StgValue>
</bind>
</comp>

<comp id="34" class="1001" name="const_34">
<pin_list>
<pin id="35" dir="1" index="0" bw="1" slack="2147483647"/>
</pin_list>
<bind>
<StgValue><ssdm name="empty_1"/></StgValue>
</bind>
</comp>

<comp id="36" class="1001" name="const_36">
<pin_list>
<pin id="37" dir="1" index="0" bw="1" slack="2147483647"/>
</pin_list>
<bind>
<StgValue><ssdm name=""/></StgValue>
</bind>
</comp>

<comp id="38" class="1001" name="const_38">
<pin_list>
<pin id="39" dir="1" index="0" bw="1" slack="0"/>
</pin_list>
<bind>
<StgValue><ssdm name=""/></StgValue>
</bind>
</comp>

<comp id="40" class="1001" name="const_40">
<pin_list>
<pin id="41" dir="1" index="0" bw="1" slack="0"/>
</pin_list>
<bind>
<StgValue><ssdm name=""/></StgValue>
</bind>
</comp>

<comp id="42" class="1001" name="const_42">
<pin_list>
<pin id="43" dir="1" index="0" bw="1" slack="0"/>
</pin_list>
<bind>
<StgValue><ssdm name=""/></StgValue>
</bind>
</comp>

<comp id="44" class="1001" name="const_44">
<pin_list>
<pin id="45" dir="1" index="0" bw="1" slack="0"/>
</pin_list>
<bind>
<StgValue><ssdm name="_ssdm_op_Read.axis.volatile.i32P0A.i4P0A.i4P0A.i1P0A"/></StgValue>
</bind>
</comp>

<comp id="46" class="1001" name="const_46">
<pin_list>
<pin id="47" dir="1" index="0" bw="1" slack="0"/>
</pin_list>
<bind>
<StgValue><ssdm name=""/></StgValue>
</bind>
</comp>

<comp id="48" class="1001" name="const_48">
<pin_list>
<pin id="49" dir="1" index="0" bw="1" slack="2147483647"/>
</pin_list>
<bind>
<StgValue><ssdm name="_ssdm_op_SpecPipeline"/></StgValue>
</bind>
</comp>

<comp id="50" class="1001" name="const_50">
<pin_list>
<pin id="51" dir="1" index="0" bw="1" slack="2147483647"/>
</pin_list>
<bind>
<StgValue><ssdm name="_ssdm_op_SpecLoopTripCount"/></StgValue>
</bind>
</comp>

<comp id="52" class="1001" name="const_52">
<pin_list>
<pin id="53" dir="1" index="0" bw="1" slack="2147483647"/>
</pin_list>
<bind>
<StgValue><ssdm name=""/></StgValue>
</bind>
</comp>

<comp id="54" class="1001" name="const_54">
<pin_list>
<pin id="55" dir="1" index="0" bw="1" slack="2147483647"/>
</pin_list>
<bind>
<StgValue><ssdm name="_ssdm_op_SpecLoopName"/></StgValue>
</bind>
</comp>

<comp id="56" class="1001" name="const_56">
<pin_list>
<pin id="57" dir="1" index="0" bw="1" slack="2147483647"/>
</pin_list>
<bind>
<StgValue><ssdm name="empty_6"/></StgValue>
</bind>
</comp>

<comp id="58" class="1001" name="const_58">
<pin_list>
<pin id="59" dir="1" index="0" bw="1" slack="0"/>
</pin_list>
<bind>
<StgValue><ssdm name="_ssdm_op_Write.axis.volatile.i32P0A.i4P0A.i4P0A.i1P0A"/></StgValue>
</bind>
</comp>

<comp id="60" class="1001" name="const_60">
<pin_list>
<pin id="61" dir="1" index="0" bw="1" slack="0"/>
</pin_list>
<bind>
<StgValue><ssdm name=""/></StgValue>
</bind>
</comp>

<comp id="62" class="1004" name="i_fu_62">
<pin_list>
<pin id="63" dir="0" index="0" bw="1" slack="0"/>
<pin id="64" dir="1" index="1" bw="11" slack="0"/>
</pin_list>
<bind>
<opcode="alloca(26) " fcode="alloca"/>
<opset="i/1 "/>
</bind>
</comp>

<comp id="66" class="1004" name="empty_read_fu_66">
<pin_list>
<pin id="67" dir="0" index="0" bw="41" slack="0"/>
<pin id="68" dir="0" index="1" bw="32" slack="0"/>
<pin id="69" dir="0" index="2" bw="4" slack="0"/>
<pin id="70" dir="0" index="3" bw="4" slack="0"/>
<pin id="71" dir="0" index="4" bw="1" slack="0"/>
<pin id="72" dir="1" index="5" bw="41" slack="0"/>
</pin_list>
<bind>
<opcode="read(1150) " fcode="read"/>
<opset="empty/1 "/>
</bind>
</comp>

<comp id="78" class="1004" name="write_ln70_write_fu_78">
<pin_list>
<pin id="79" dir="0" index="0" bw="0" slack="0"/>
<pin id="80" dir="0" index="1" bw="32" slack="0"/>
<pin id="81" dir="0" index="2" bw="4" slack="0"/>
<pin id="82" dir="0" index="3" bw="4" slack="0"/>
<pin id="83" dir="0" index="4" bw="1" slack="0"/>
<pin id="84" dir="0" index="5" bw="32" slack="1"/>
<pin id="85" dir="0" index="6" bw="1" slack="0"/>
<pin id="86" dir="0" index="7" bw="4" slack="1"/>
<pin id="87" dir="0" index="8" bw="1" slack="1"/>
<pin id="88" dir="1" index="9" bw="0" slack="2147483647"/>
</pin_list>
<bind>
<opcode="write(1151) " fcode="write"/>
<opset="write_ln70/2 "/>
</bind>
</comp>

<comp id="95" class="1004" name="store_ln64_store_fu_95">
<pin_list>
<pin id="96" dir="0" index="0" bw="1" slack="0"/>
<pin id="97" dir="0" index="1" bw="11" slack="0"/>
<pin id="98" dir="1" index="2" bw="0" slack="2147483647"/>
</pin_list>
<bind>
<opcode="store(28) " fcode="store"/>
<opset="store_ln64/1 "/>
</bind>
</comp>

<comp id="100" class="1004" name="i_1_load_fu_100">
<pin_list>
<pin id="101" dir="0" index="0" bw="11" slack="0"/>
<pin id="102" dir="1" index="1" bw="11" slack="0"/>
</pin_list>
<bind>
<opcode="load(27) " fcode="load"/>
<opset="i_1/1 "/>
</bind>
</comp>

<comp id="103" class="1004" name="icmp_ln64_fu_103">
<pin_list>
<pin id="104" dir="0" index="0" bw="11" slack="0"/>
<pin id="105" dir="0" index="1" bw="11" slack="0"/>
<pin id="106" dir="1" index="2" bw="1" slack="2147483647"/>
</pin_list>
<bind>
<opcode="icmp(45) " fcode="icmp"/>
<opset="icmp_ln64/1 "/>
</bind>
</comp>

<comp id="109" class="1004" name="i_2_fu_109">
<pin_list>
<pin id="110" dir="0" index="0" bw="11" slack="0"/>
<pin id="111" dir="0" index="1" bw="1" slack="0"/>
<pin id="112" dir="1" index="2" bw="11" slack="0"/>
</pin_list>
<bind>
<opcode="add(8) " fcode="add"/>
<opset="i_2/1 "/>
</bind>
</comp>

<comp id="115" class="1004" name="s_data_fu_115">
<pin_list>
<pin id="116" dir="0" index="0" bw="41" slack="0"/>
<pin id="117" dir="1" index="1" bw="32" slack="1"/>
</pin_list>
<bind>
<opcode="extractvalue(56) " fcode="extractvalue"/>
<opset="s_data/1 "/>
</bind>
</comp>

<comp id="119" class="1004" name="s_strb_fu_119">
<pin_list>
<pin id="120" dir="0" index="0" bw="41" slack="0"/>
<pin id="121" dir="1" index="1" bw="4" slack="1"/>
</pin_list>
<bind>
<opcode="extractvalue(56) " fcode="extractvalue"/>
<opset="s_strb/1 "/>
</bind>
</comp>

<comp id="123" class="1004" name="icmp_ln68_fu_123">
<pin_list>
<pin id="124" dir="0" index="0" bw="11" slack="0"/>
<pin id="125" dir="0" index="1" bw="11" slack="0"/>
<pin id="126" dir="1" index="2" bw="1" slack="1"/>
</pin_list>
<bind>
<opcode="icmp(45) " fcode="icmp"/>
<opset="icmp_ln68/1 "/>
</bind>
</comp>

<comp id="129" class="1004" name="store_ln64_store_fu_129">
<pin_list>
<pin id="130" dir="0" index="0" bw="11" slack="0"/>
<pin id="131" dir="0" index="1" bw="11" slack="0"/>
<pin id="132" dir="1" index="2" bw="0" slack="2147483647"/>
</pin_list>
<bind>
<opcode="store(28) " fcode="store"/>
<opset="store_ln64/1 "/>
</bind>
</comp>

<comp id="134" class="1005" name="i_reg_134">
<pin_list>
<pin id="135" dir="0" index="0" bw="11" slack="0"/>
<pin id="136" dir="1" index="1" bw="11" slack="0"/>
</pin_list>
<bind>
<opset="i "/>
</bind>
</comp>

<comp id="144" class="1005" name="s_data_reg_144">
<pin_list>
<pin id="145" dir="0" index="0" bw="32" slack="1"/>
<pin id="146" dir="1" index="1" bw="32" slack="1"/>
</pin_list>
<bind>
<opset="s_data "/>
</bind>
</comp>

<comp id="149" class="1005" name="s_strb_reg_149">
<pin_list>
<pin id="150" dir="0" index="0" bw="4" slack="1"/>
<pin id="151" dir="1" index="1" bw="4" slack="1"/>
</pin_list>
<bind>
<opset="s_strb "/>
</bind>
</comp>

<comp id="154" class="1005" name="icmp_ln68_reg_154">
<pin_list>
<pin id="155" dir="0" index="0" bw="1" slack="1"/>
<pin id="156" dir="1" index="1" bw="1" slack="1"/>
</pin_list>
<bind>
<opset="icmp_ln68 "/>
</bind>
</comp>

</comp_list>

<net_list>
<net id="65"><net_src comp="16" pin="0"/><net_sink comp="62" pin=0"/></net>

<net id="73"><net_src comp="44" pin="0"/><net_sink comp="66" pin=0"/></net>

<net id="74"><net_src comp="0" pin="0"/><net_sink comp="66" pin=1"/></net>

<net id="75"><net_src comp="2" pin="0"/><net_sink comp="66" pin=2"/></net>

<net id="76"><net_src comp="4" pin="0"/><net_sink comp="66" pin=3"/></net>

<net id="77"><net_src comp="6" pin="0"/><net_sink comp="66" pin=4"/></net>

<net id="89"><net_src comp="58" pin="0"/><net_sink comp="78" pin=0"/></net>

<net id="90"><net_src comp="8" pin="0"/><net_sink comp="78" pin=1"/></net>

<net id="91"><net_src comp="10" pin="0"/><net_sink comp="78" pin=2"/></net>

<net id="92"><net_src comp="12" pin="0"/><net_sink comp="78" pin=3"/></net>

<net id="93"><net_src comp="14" pin="0"/><net_sink comp="78" pin=4"/></net>

<net id="94"><net_src comp="60" pin="0"/><net_sink comp="78" pin=6"/></net>

<net id="99"><net_src comp="38" pin="0"/><net_sink comp="95" pin=0"/></net>

<net id="107"><net_src comp="100" pin="1"/><net_sink comp="103" pin=0"/></net>

<net id="108"><net_src comp="40" pin="0"/><net_sink comp="103" pin=1"/></net>

<net id="113"><net_src comp="100" pin="1"/><net_sink comp="109" pin=0"/></net>

<net id="114"><net_src comp="42" pin="0"/><net_sink comp="109" pin=1"/></net>

<net id="118"><net_src comp="66" pin="5"/><net_sink comp="115" pin=0"/></net>

<net id="122"><net_src comp="66" pin="5"/><net_sink comp="119" pin=0"/></net>

<net id="127"><net_src comp="100" pin="1"/><net_sink comp="123" pin=0"/></net>

<net id="128"><net_src comp="46" pin="0"/><net_sink comp="123" pin=1"/></net>

<net id="133"><net_src comp="109" pin="2"/><net_sink comp="129" pin=0"/></net>

<net id="137"><net_src comp="62" pin="1"/><net_sink comp="134" pin=0"/></net>

<net id="138"><net_src comp="134" pin="1"/><net_sink comp="95" pin=1"/></net>

<net id="139"><net_src comp="134" pin="1"/><net_sink comp="100" pin=0"/></net>

<net id="140"><net_src comp="134" pin="1"/><net_sink comp="129" pin=1"/></net>

<net id="147"><net_src comp="115" pin="1"/><net_sink comp="144" pin=0"/></net>

<net id="148"><net_src comp="144" pin="1"/><net_sink comp="78" pin=5"/></net>

<net id="152"><net_src comp="119" pin="1"/><net_sink comp="149" pin=0"/></net>

<net id="153"><net_src comp="149" pin="1"/><net_sink comp="78" pin=7"/></net>

<net id="157"><net_src comp="123" pin="2"/><net_sink comp="154" pin=0"/></net>

<net id="158"><net_src comp="154" pin="1"/><net_sink comp="78" pin=8"/></net>

</net_list>

</model> 
---------------- Datapath Model END ------------------

* FSMD analyzer results:
  - Output states:
	Port: in_stream_V_data_V | {}
	Port: in_stream_V_keep_V | {}
	Port: in_stream_V_strb_V | {}
	Port: in_stream_V_last_V | {}
	Port: out_stream_V_data_V | {2 }
	Port: out_stream_V_keep_V | {2 }
	Port: out_stream_V_strb_V | {2 }
	Port: out_stream_V_last_V | {2 }
 - Input state : 
	Port: cp_removal_Pipeline_cp_forward : in_stream_V_data_V | {1 }
	Port: cp_removal_Pipeline_cp_forward : in_stream_V_keep_V | {1 }
	Port: cp_removal_Pipeline_cp_forward : in_stream_V_strb_V | {1 }
	Port: cp_removal_Pipeline_cp_forward : in_stream_V_last_V | {1 }
	Port: cp_removal_Pipeline_cp_forward : out_stream_V_data_V | {}
	Port: cp_removal_Pipeline_cp_forward : out_stream_V_keep_V | {}
	Port: cp_removal_Pipeline_cp_forward : out_stream_V_strb_V | {}
	Port: cp_removal_Pipeline_cp_forward : out_stream_V_last_V | {}
  - Chain level:
	State 1
		store_ln64 : 1
		i_1 : 1
		icmp_ln64 : 2
		i_2 : 2
		br_ln64 : 3
		icmp_ln68 : 2
		store_ln64 : 3
	State 2


============================================================
+ Verbose Summary: Datapath Resource usage 
============================================================

* Functional unit list:
|----------|------------------------|---------|---------|
| Operation|     Functional Unit    |    FF   |   LUT   |
|----------|------------------------|---------|---------|
|   icmp   |    icmp_ln64_fu_103    |    0    |    18   |
|          |    icmp_ln68_fu_123    |    0    |    18   |
|----------|------------------------|---------|---------|
|    add   |       i_2_fu_109       |    0    |    18   |
|----------|------------------------|---------|---------|
|   read   |    empty_read_fu_66    |    0    |    0    |
|----------|------------------------|---------|---------|
|   write  | write_ln70_write_fu_78 |    0    |    0    |
|----------|------------------------|---------|---------|
|extractvalue|      s_data_fu_115     |    0    |    0    |
|          |      s_strb_fu_119     |    0    |    0    |
|----------|------------------------|---------|---------|
|   Total  |                        |    0    |    54   |
|----------|------------------------|---------|---------|

Memories:
N/A

* Register list:
+-----------------+--------+
|                 |   FF   |
+-----------------+--------+
|    i_reg_134    |   11   |
|icmp_ln68_reg_154|    1   |
|  s_data_reg_144 |   32   |
|  s_strb_reg_149 |    4   |
+-----------------+--------+
|      Total      |   48   |
+-----------------+--------+

* Multiplexer (MUX) list: 
|--------|------|------|------|--------|
|  Comp  |  Pin | Size |  BW  | S x BW |
|--------|------|------|------|--------|
|  Total |      |      |      |    0   |
|--------|------|------|------|--------|



* Summary:
+-----------+--------+--------+
|           |   FF   |   LUT  |
+-----------+--------+--------+
|  Function |    0   |   54   |
|   Memory  |    -   |    -   |
|Multiplexer|    -   |    -   |
|  Register |   48   |    -   |
+-----------+--------+--------+
|   Total   |   48   |   54   |
+-----------+--------+--------+
