

================================================================
== Vitis HLS Report for 'cp_insertion_Pipeline_buf_fill'
================================================================
* Date:           Sat Feb 28 13:05:15 2026

* Version:        2024.1 (Build 5069499 on May 21 2024)
* Project:        cp_insertion
* Solution:       solution1 (Vivado IP Flow Target)
* Product family: zynquplus
* Target device:  xczu7ev-ffvc1156-2-e


================================================================
== Performance Estimates
================================================================
+ Timing: 
    * Summary: 
    +--------+---------+----------+------------+
    |  Clock |  Target | Estimated| Uncertainty|
    +--------+---------+----------+------------+
    |ap_clk  |  3.33 ns|  1.652 ns|     0.90 ns|
    +--------+---------+----------+------------+

+ Latency: 
    * Summary: 
    +---------+---------+----------+----------+------+------+-----------------------------------------------+
    |  Latency (cycles) |  Latency (absolute) |   Interval  |                    Pipeline                   |
    |   min   |   max   |    min   |    max   |  min |  max |                      Type                     |
    +---------+---------+----------+----------+------+------+-----------------------------------------------+
    |     1026|     1026|  3.417 us|  3.417 us|  1025|  1025|  loop auto-rewind stp(delay=0 clock cycles(s))|
    +---------+---------+----------+----------+------+------+-----------------------------------------------+

    + Detail: 
        * Instance: 
        N/A

        * Loop: 
        +------------+---------+---------+----------+-----------+-----------+------+----------+
        |            |  Latency (cycles) | Iteration|  Initiation Interval  | Trip |          |
        |  Loop Name |   min   |   max   |  Latency |  achieved |   target  | Count| Pipelined|
        +------------+---------+---------+----------+-----------+-----------+------+----------+
        |- buf_fill  |     1024|     1024|         2|          1|          1|  1024|       yes|
        +------------+---------+---------+----------+-----------+-----------+------+----------+



================================================================
== Utilization Estimates
================================================================
* Summary: 
+-----------------+---------+------+--------+--------+-----+
|       Name      | BRAM_18K|  DSP |   FF   |   LUT  | URAM|
+-----------------+---------+------+--------+--------+-----+
|DSP              |        -|     -|       -|       -|    -|
|Expression       |        -|     -|       0|      43|    -|
|FIFO             |        -|     -|       -|       -|    -|
|Instance         |        -|     -|       -|       -|    -|
|Memory           |        -|     -|       -|       -|    -|
|Multiplexer      |        -|     -|       0|      45|    -|
|Register         |        -|     -|      60|       -|    -|
+-----------------+---------+------+--------+--------+-----+
|Total            |        0|     0|      60|      88|    0|
+-----------------+---------+------+--------+--------+-----+
|Available        |      624|  1728|  460800|  230400|   96|
+-----------------+---------+------+--------+--------+-----+
|Utilization (%)  |        0|     0|      ~0|      ~0|    0|
+-----------------+---------+------+--------+--------+-----+

+ Detail: 
    * Instance: 
    N/A

    * DSP: 
    N/A

    * Memory: 
    N/A

    * FIFO: 
    N/A

    * Expression: 
    +----------------------------------+----------+----+---+----+------------+------------+
    |           Variable Name          | Operation| DSP| FF| LUT| Bitwidth P0| Bitwidth P1|
    +----------------------------------+----------+----+---+----+------------+------------+
    |add_ln56_fu_210_p2                |         +|   0|  0|  18|          11|           1|
    |ap_block_pp0_stage0_11001         |       and|   0|  0|   2|           1|           1|
    |ap_block_state1_pp0_stage0_iter0  |       and|   0|  0|   2|           1|           1|
    |icmp_ln56_fu_204_p2               |      icmp|   0|  0|  19|          11|          12|
    |ap_enable_pp0                     |       xor|   0|  0|   2|           1|           2|
    +----------------------------------+----------+----+---+----+------------+------------+
    |Total                             |          |   0|  0|  43|          25|          17|
    +----------------------------------+----------+----+---+----+------------+------------+

    * Multiplexer: 
    +-------------------------+----+-----------+-----+-----------+
    |           Name          | LUT| Input Size| Bits| Total Bits|
    +-------------------------+----+-----------+-----+-----------+
    |ap_done_int              |   9|          2|    1|          2|
    |ap_enable_reg_pp0_iter1  |   9|          2|    1|          2|
    |ap_sig_allocacmp_i_2     |   9|          2|   11|         22|
    |i_fu_76                  |   9|          2|   11|         22|
    |in_stream_TDATA_blk_n    |   9|          2|    1|          2|
    +-------------------------+----+-----------+-----+-----------+
    |Total                    |  45|         10|   25|         50|
    +-------------------------+----+-----------+-----+-----------+

    * Register: 
    +-------------------------+----+----+-----+-----------+
    |           Name          | FF | LUT| Bits| Const Bits|
    +-------------------------+----+----+-----+-----------+
    |ap_CS_fsm                |   1|   0|    1|          0|
    |ap_done_reg              |   1|   0|    1|          0|
    |ap_enable_reg_pp0_iter1  |   1|   0|    1|          0|
    |i_fu_76                  |  11|   0|   11|          0|
    |lshr_ln_reg_268          |   8|   0|    8|          0|
    |p_1_reg_281              |   4|   0|    4|          0|
    |p_s_reg_273              |  32|   0|   32|          0|
    |trunc_ln56_reg_264       |   2|   0|    2|          0|
    +-------------------------+----+----+-----+-----------+
    |Total                    |  60|   0|   60|          0|
    +-------------------------+----+----+-----+-----------+



================================================================
== Interface
================================================================
* Summary: 
+---------------------+-----+-----+------------+--------------------------------+--------------+
|      RTL Ports      | Dir | Bits|  Protocol  |          Source Object         |    C Type    |
+---------------------+-----+-----+------------+--------------------------------+--------------+
|ap_clk               |   in|    1|  ap_ctrl_hs|  cp_insertion_Pipeline_buf_fill|  return value|
|ap_rst               |   in|    1|  ap_ctrl_hs|  cp_insertion_Pipeline_buf_fill|  return value|
|ap_start             |   in|    1|  ap_ctrl_hs|  cp_insertion_Pipeline_buf_fill|  return value|
|ap_done              |  out|    1|  ap_ctrl_hs|  cp_insertion_Pipeline_buf_fill|  return value|
|ap_idle              |  out|    1|  ap_ctrl_hs|  cp_insertion_Pipeline_buf_fill|  return value|
|ap_ready             |  out|    1|  ap_ctrl_hs|  cp_insertion_Pipeline_buf_fill|  return value|
|in_stream_TVALID     |   in|    1|        axis|              in_stream_V_data_V|       pointer|
|in_stream_TDATA      |   in|   32|        axis|              in_stream_V_data_V|       pointer|
|buf_strb_3_address0  |  out|    8|   ap_memory|                      buf_strb_3|         array|
|buf_strb_3_ce0       |  out|    1|   ap_memory|                      buf_strb_3|         array|
|buf_strb_3_we0       |  out|    1|   ap_memory|                      buf_strb_3|         array|
|buf_strb_3_d0        |  out|    4|   ap_memory|                      buf_strb_3|         array|
|buf_strb_2_address0  |  out|    8|   ap_memory|                      buf_strb_2|         array|
|buf_strb_2_ce0       |  out|    1|   ap_memory|                      buf_strb_2|         array|
|buf_strb_2_we0       |  out|    1|   ap_memory|                      buf_strb_2|         array|
|buf_strb_2_d0        |  out|    4|   ap_memory|                      buf_strb_2|         array|
|buf_strb_1_address0  |  out|    8|   ap_memory|                      buf_strb_1|         array|
|buf_strb_1_ce0       |  out|    1|   ap_memory|                      buf_strb_1|         array|
|buf_strb_1_we0       |  out|    1|   ap_memory|                      buf_strb_1|         array|
|buf_strb_1_d0        |  out|    4|   ap_memory|                      buf_strb_1|         array|
|buf_strb_address0    |  out|    8|   ap_memory|                        buf_strb|         array|
|buf_strb_ce0         |  out|    1|   ap_memory|                        buf_strb|         array|
|buf_strb_we0         |  out|    1|   ap_memory|                        buf_strb|         array|
|buf_strb_d0          |  out|    4|   ap_memory|                        buf_strb|         array|
|buf_data_3_address0  |  out|    8|   ap_memory|                      buf_data_3|         array|
|buf_data_3_ce0       |  out|    1|   ap_memory|                      buf_data_3|         array|
|buf_data_3_we0       |  out|    1|   ap_memory|                      buf_data_3|         array|
|buf_data_3_d0        |  out|   32|   ap_memory|                      buf_data_3|         array|
|buf_data_2_address0  |  out|    8|   ap_memory|                      buf_data_2|         array|
|buf_data_2_ce0       |  out|    1|   ap_memory|                      buf_data_2|         array|
|buf_data_2_we0       |  out|    1|   ap_memory|                      buf_data_2|         array|
|buf_data_2_d0        |  out|   32|   ap_memory|                      buf_data_2|         array|
|buf_data_1_address0  |  out|    8|   ap_memory|                      buf_data_1|         array|
|buf_data_1_ce0       |  out|    1|   ap_memory|                      buf_data_1|         array|
|buf_data_1_we0       |  out|    1|   ap_memory|                      buf_data_1|         array|
|buf_data_1_d0        |  out|   32|   ap_memory|                      buf_data_1|         array|
|buf_data_address0    |  out|    8|   ap_memory|                        buf_data|         array|
|buf_data_ce0         |  out|    1|   ap_memory|                        buf_data|         array|
|buf_data_we0         |  out|    1|   ap_memory|                        buf_data|         array|
|buf_data_d0          |  out|   32|   ap_memory|                        buf_data|         array|
|in_stream_TREADY     |  out|    1|        axis|              in_stream_V_last_V|       pointer|
|in_stream_TLAST      |   in|    1|        axis|              in_stream_V_last_V|       pointer|
|in_stream_TKEEP      |   in|    4|        axis|              in_stream_V_keep_V|       pointer|
|in_stream_TSTRB      |   in|    4|        axis|              in_stream_V_strb_V|       pointer|
+---------------------+-----+-----+------------+--------------------------------+--------------+

