

================================================================
== Vitis HLS Report for 'cp_insertion_Pipeline_data_out'
================================================================
* Date:           Sat Feb 28 13:05:15 2026

* Version:        2024.1 (Build 5069499 on May 21 2024)
* Project:        cp_insertion
* Solution:       solution1 (Vivado IP Flow Target)
* Product family: zynquplus
* Target device:  xczu7ev-ffvc1156-2-e


================================================================
== Performance Estimates
================================================================
+ Timing: 
    * Summary: 
    +--------+---------+----------+------------+
    |  Clock |  Target | Estimated| Uncertainty|
    +--------+---------+----------+------------+
    |ap_clk  |  3.33 ns|  2.259 ns|     0.90 ns|
    +--------+---------+----------+------------+

+ Latency: 
    * Summary: 
    +---------+---------+----------+----------+------+------+-----------------------------------------------+
    |  Latency (cycles) |  Latency (absolute) |   Interval  |                    Pipeline                   |
    |   min   |   max   |    min   |    max   |  min |  max |                      Type                     |
    +---------+---------+----------+----------+------+------+-----------------------------------------------+
    |     1026|     1026|  3.417 us|  3.417 us|  1025|  1025|  loop auto-rewind stp(delay=0 clock cycles(s))|
    +---------+---------+----------+----------+------+------+-----------------------------------------------+

    + Detail: 
        * Instance: 
        N/A

        * Loop: 
        +------------+---------+---------+----------+-----------+-----------+------+----------+
        |            |  Latency (cycles) | Iteration|  Initiation Interval  | Trip |          |
        |  Loop Name |   min   |   max   |  Latency |  achieved |   target  | Count| Pipelined|
        +------------+---------+---------+----------+-----------+-----------+------+----------+
        |- data_out  |     1024|     1024|         2|          1|          1|  1024|       yes|
        +------------+---------+---------+----------+-----------+-----------+------+----------+



================================================================
== Utilization Estimates
================================================================
* Summary: 
+-----------------+---------+------+--------+--------+-----+
|       Name      | BRAM_18K|  DSP |   FF   |   LUT  | URAM|
+-----------------+---------+------+--------+--------+-----+
|DSP              |        -|     -|       -|       -|    -|
|Expression       |        -|     -|       0|      61|    -|
|FIFO             |        -|     -|       -|       -|    -|
|Instance         |        -|     -|       0|      40|    -|
|Memory           |        -|     -|       -|       -|    -|
|Multiplexer      |        -|     -|       0|      45|    -|
|Register         |        -|     -|      17|       -|    -|
+-----------------+---------+------+--------+--------+-----+
|Total            |        0|     0|      17|     146|    0|
+-----------------+---------+------+--------+--------+-----+
|Available        |      624|  1728|  460800|  230400|   96|
+-----------------+---------+------+--------+--------+-----+
|Utilization (%)  |        0|     0|      ~0|      ~0|    0|
+-----------------+---------+------+--------+--------+-----+

+ Detail: 
    * Instance: 
    +--------------------------+----------------------+---------+----+---+----+-----+
    |         Instance         |        Module        | BRAM_18K| DSP| FF| LUT| URAM|
    +--------------------------+----------------------+---------+----+---+----+-----+
    |sparsemux_9_2_32_1_1_U29  |sparsemux_9_2_32_1_1  |        0|   0|  0|  20|    0|
    |sparsemux_9_2_4_1_1_U30   |sparsemux_9_2_4_1_1   |        0|   0|  0|  20|    0|
    +--------------------------+----------------------+---------+----+---+----+-----+
    |Total                     |                      |        0|   0|  0|  40|    0|
    +--------------------------+----------------------+---------+----+---+----+-----+

    * DSP: 
    N/A

    * Memory: 
    N/A

    * FIFO: 
    N/A

    * Expression: 
    +---------------------------+----------+----+---+----+------------+------------+
    |       Variable Name       | Operation| DSP| FF| LUT| Bitwidth P0| Bitwidth P1|
    +---------------------------+----------+----+---+----+------------+------------+
    |add_ln79_fu_229_p2         |         +|   0|  0|  18|          11|           1|
    |ap_block_pp0_stage0_01001  |       and|   0|  0|   2|           1|           1|
    |ap_block_pp0_stage0_11001  |       and|   0|  0|   2|           1|           1|
    |icmp_ln79_fu_223_p2        |      icmp|   0|  0|  19|          11|          12|
    |s_last_fu_261_p2           |      icmp|   0|  0|  18|          11|          10|
    |ap_enable_pp0              |       xor|   0|  0|   2|           1|           2|
    +---------------------------+----------+----+---+----+------------+------------+
    |Total                      |          |   0|  0|  61|          36|          27|
    +---------------------------+----------+----+---+----+------------+------------+

    * Multiplexer: 
    +-------------------------+----+-----------+-----+-----------+
    |           Name          | LUT| Input Size| Bits| Total Bits|
    +-------------------------+----+-----------+-----+-----------+
    |ap_done_int              |   9|          2|    1|          2|
    |ap_enable_reg_pp0_iter1  |   9|          2|    1|          2|
    |ap_sig_allocacmp_i_1     |   9|          2|   11|         22|
    |i_fu_90                  |   9|          2|   11|         22|
    |out_stream_TDATA_blk_n   |   9|          2|    1|          2|
    +-------------------------+----+-----------+-----+-----------+
    |Total                    |  45|         10|   25|         50|
    +-------------------------+----+-----------+-----+-----------+

    * Register: 
    +-------------------------+----+----+-----+-----------+
    |           Name          | FF | LUT| Bits| Const Bits|
    +-------------------------+----+----+-----+-----------+
    |ap_CS_fsm                |   1|   0|    1|          0|
    |ap_done_reg              |   1|   0|    1|          0|
    |ap_enable_reg_pp0_iter1  |   1|   0|    1|          0|
    |i_fu_90                  |  11|   0|   11|          0|
    |s_last_reg_376           |   1|   0|    1|          0|
    |trunc_ln79_reg_330       |   2|   0|    2|          0|
    +-------------------------+----+----+-----+-----------+
    |Total                    |  17|   0|   17|          0|
    +-------------------------+----+----+-----+-----------+



================================================================
== Interface
================================================================
* Summary: 
+---------------------+-----+-----+------------+--------------------------------+--------------+
|      RTL Ports      | Dir | Bits|  Protocol  |          Source Object         |    C Type    |
+---------------------+-----+-----+------------+--------------------------------+--------------+
|ap_clk               |   in|    1|  ap_ctrl_hs|  cp_insertion_Pipeline_data_out|  return value|
|ap_rst               |   in|    1|  ap_ctrl_hs|  cp_insertion_Pipeline_data_out|  return value|
|ap_start             |   in|    1|  ap_ctrl_hs|  cp_insertion_Pipeline_data_out|  return value|
|ap_done              |  out|    1|  ap_ctrl_hs|  cp_insertion_Pipeline_data_out|  return value|
|ap_idle              |  out|    1|  ap_ctrl_hs|  cp_insertion_Pipeline_data_out|  return value|
|ap_ready             |  out|    1|  ap_ctrl_hs|  cp_insertion_Pipeline_data_out|  return value|
|out_stream_TREADY    |   in|    1|        axis|             out_stream_V_data_V|       pointer|
|out_stream_TDATA     |  out|   32|        axis|             out_stream_V_data_V|       pointer|
|buf_data_address0    |  out|    8|   ap_memory|                        buf_data|         array|
|buf_data_ce0         |  out|    1|   ap_memory|                        buf_data|         array|
|buf_data_q0          |   in|   32|   ap_memory|                        buf_data|         array|
|buf_data_1_address0  |  out|    8|   ap_memory|                      buf_data_1|         array|
|buf_data_1_ce0       |  out|    1|   ap_memory|                      buf_data_1|         array|
|buf_data_1_q0        |   in|   32|   ap_memory|                      buf_data_1|         array|
|buf_data_2_address0  |  out|    8|   ap_memory|                      buf_data_2|         array|
|buf_data_2_ce0       |  out|    1|   ap_memory|                      buf_data_2|         array|
|buf_data_2_q0        |   in|   32|   ap_memory|                      buf_data_2|         array|
|buf_data_3_address0  |  out|    8|   ap_memory|                      buf_data_3|         array|
|buf_data_3_ce0       |  out|    1|   ap_memory|                      buf_data_3|         array|
|buf_data_3_q0        |   in|   32|   ap_memory|                      buf_data_3|         array|
|buf_strb_address0    |  out|    8|   ap_memory|                        buf_strb|         array|
|buf_strb_ce0         |  out|    1|   ap_memory|                        buf_strb|         array|
|buf_strb_q0          |   in|    4|   ap_memory|                        buf_strb|         array|
|buf_strb_1_address0  |  out|    8|   ap_memory|                      buf_strb_1|         array|
|buf_strb_1_ce0       |  out|    1|   ap_memory|                      buf_strb_1|         array|
|buf_strb_1_q0        |   in|    4|   ap_memory|                      buf_strb_1|         array|
|buf_strb_2_address0  |  out|    8|   ap_memory|                      buf_strb_2|         array|
|buf_strb_2_ce0       |  out|    1|   ap_memory|                      buf_strb_2|         array|
|buf_strb_2_q0        |   in|    4|   ap_memory|                      buf_strb_2|         array|
|buf_strb_3_address0  |  out|    8|   ap_memory|                      buf_strb_3|         array|
|buf_strb_3_ce0       |  out|    1|   ap_memory|                      buf_strb_3|         array|
|buf_strb_3_q0        |   in|    4|   ap_memory|                      buf_strb_3|         array|
|out_stream_TVALID    |  out|    1|        axis|             out_stream_V_last_V|       pointer|
|out_stream_TLAST     |  out|    1|        axis|             out_stream_V_last_V|       pointer|
|out_stream_TKEEP     |  out|    4|        axis|             out_stream_V_keep_V|       pointer|
|out_stream_TSTRB     |  out|    4|        axis|             out_stream_V_strb_V|       pointer|
+---------------------+-----+-----+------------+--------------------------------+--------------+

