

================================================================
== Vitis HLS Report for 'beamformer_top'
================================================================
* Date:           Sat Feb 28 17:35:08 2026

* Version:        2024.1 (Build 5069499 on May 21 2024)
* Project:        beamforming
* Solution:       solution1 (Vivado IP Flow Target)
* Product family: zynquplus
* Target device:  xczu7ev-ffvc1156-2-e


================================================================
== Performance Estimates
================================================================
+ Timing: 
    * Summary: 
    +--------+---------+----------+------------+
    |  Clock |  Target | Estimated| Uncertainty|
    +--------+---------+----------+------------+
    |ap_clk  |  3.33 ns|  2.380 ns|     0.90 ns|
    +--------+---------+----------+------------+

+ Latency: 
    * Summary: 
    +---------+---------+-----------+-----------+------+------+---------+
    |  Latency (cycles) |   Latency (absolute)  |   Interval  | Pipeline|
    |   min   |   max   |    min    |    max    |  min |  max |   Type  |
    +---------+---------+-----------+-----------+------+------+---------+
    |     5133|     5133|  17.093 us|  17.093 us|  5134|  5134|       no|
    +---------+---------+-----------+-----------+------+------+---------+

    + Detail: 
        * Instance: 
        +----------------------------------------------------+-----------------------------------------+---------+---------+-----------+-----------+------+------+-----------------------------------------------+
        |                                                    |                                         |  Latency (cycles) |   Latency (absolute)  |   Interval  |                    Pipeline                   |
        |                      Instance                      |                  Module                 |   min   |   max   |    min    |    max    |  min |  max |                      Type                     |
        +----------------------------------------------------+-----------------------------------------+---------+---------+-----------+-----------+------+------+-----------------------------------------------+
        |grp_beamformer_top_Pipeline_weight_load_fu_116      |beamformer_top_Pipeline_weight_load      |     4098|     4098|  13.646 us|  13.646 us|  4097|  4097|  loop auto-rewind stp(delay=0 clock cycles(s))|
        |grp_beamformer_top_Pipeline_subcarrier_loop_fu_136  |beamformer_top_Pipeline_subcarrier_loop  |     1029|     1029|   3.427 us|   3.427 us|  1025|  1025|  loop auto-rewind stp(delay=0 clock cycles(s))|
        +----------------------------------------------------+-----------------------------------------+---------+---------+-----------+-----------+------+------+-----------------------------------------------+

        * Loop: 
        N/A



================================================================
== Utilization Estimates
================================================================
* Summary: 
+-----------------+---------+------+--------+--------+-----+
|       Name      | BRAM_18K|  DSP |   FF   |   LUT  | URAM|
+-----------------+---------+------+--------+--------+-----+
|DSP              |        -|     -|       -|       -|    -|
|Expression       |        -|     -|       0|       6|    -|
|FIFO             |        -|     -|       -|       -|    -|
|Instance         |        -|    16|    1613|    1796|    -|
|Memory           |        8|     -|       0|       0|    0|
|Multiplexer      |        -|     -|       0|     366|    -|
|Register         |        -|     -|       9|       -|    -|
+-----------------+---------+------+--------+--------+-----+
|Total            |        8|    16|    1622|    2168|    0|
+-----------------+---------+------+--------+--------+-----+
|Available        |      624|  1728|  460800|  230400|   96|
+-----------------+---------+------+--------+--------+-----+
|Utilization (%)  |        1|    ~0|      ~0|      ~0|    0|
+-----------------+---------+------+--------+--------+-----+

+ Detail: 
    * Instance: 
    +----------------------------------------------------+-----------------------------------------+---------+----+------+------+-----+
    |                      Instance                      |                  Module                 | BRAM_18K| DSP|  FF  |  LUT | URAM|
    +----------------------------------------------------+-----------------------------------------+---------+----+------+------+-----+
    |grp_beamformer_top_Pipeline_subcarrier_loop_fu_136  |beamformer_top_Pipeline_subcarrier_loop  |        0|  16|  1553|  1695|    0|
    |grp_beamformer_top_Pipeline_weight_load_fu_116      |beamformer_top_Pipeline_weight_load      |        0|   0|    60|   101|    0|
    +----------------------------------------------------+-----------------------------------------+---------+----+------+------+-----+
    |Total                                               |                                         |        0|  16|  1613|  1796|    0|
    +----------------------------------------------------+-----------------------------------------+---------+----+------+------+-----+

    * DSP: 
    N/A

    * Memory: 
    +----------------+--------------------------+---------+---+----+-----+------+-----+------+-------------+
    |     Memory     |          Module          | BRAM_18K| FF| LUT| URAM| Words| Bits| Banks| W*Bits*Banks|
    +----------------+--------------------------+---------+---+----+-----+------+-----+------+-------------+
    |weights_re_U    |weights_re_RAM_AUTO_1R1W  |        1|  0|   0|    0|  1024|   16|     1|        16384|
    |weights_re_1_U  |weights_re_RAM_AUTO_1R1W  |        1|  0|   0|    0|  1024|   16|     1|        16384|
    |weights_re_2_U  |weights_re_RAM_AUTO_1R1W  |        1|  0|   0|    0|  1024|   16|     1|        16384|
    |weights_re_3_U  |weights_re_RAM_AUTO_1R1W  |        1|  0|   0|    0|  1024|   16|     1|        16384|
    |weights_im_U    |weights_re_RAM_AUTO_1R1W  |        1|  0|   0|    0|  1024|   16|     1|        16384|
    |weights_im_1_U  |weights_re_RAM_AUTO_1R1W  |        1|  0|   0|    0|  1024|   16|     1|        16384|
    |weights_im_2_U  |weights_re_RAM_AUTO_1R1W  |        1|  0|   0|    0|  1024|   16|     1|        16384|
    |weights_im_3_U  |weights_re_RAM_AUTO_1R1W  |        1|  0|   0|    0|  1024|   16|     1|        16384|
    +----------------+--------------------------+---------+---+----+-----+------+-----+------+-------------+
    |Total           |                          |        8|  0|   0|    0|  8192|  128|     8|       131072|
    +----------------+--------------------------+---------+---+----+-----+------+-----+------+-------------+

    * FIFO: 
    N/A

    * Expression: 
    +------------------------------------------------------------------------+----------+----+---+----+------------+------------+
    |                              Variable Name                             | Operation| DSP| FF| LUT| Bitwidth P0| Bitwidth P1|
    +------------------------------------------------------------------------+----------+----+---+----+------------+------------+
    |grp_beamformer_top_Pipeline_subcarrier_loop_fu_136_out_stream_0_TREADY  |       and|   0|  0|   2|           1|           1|
    |grp_beamformer_top_Pipeline_subcarrier_loop_fu_136_out_stream_1_TREADY  |       and|   0|  0|   2|           1|           1|
    |ap_block_state7                                                         |        or|   0|  0|   2|           1|           1|
    +------------------------------------------------------------------------+----------+----+---+----+------------+------------+
    |Total                                                                   |          |   0|  0|   6|           3|           3|
    +------------------------------------------------------------------------+----------+----+---+----+------------+------------+

    * Multiplexer: 
    +-----------------------------------+----+-----------+-----+-----------+
    |                Name               | LUT| Input Size| Bits| Total Bits|
    +-----------------------------------+----+-----------+-----+-----------+
    |ap_NS_fsm                          |  43|          8|    1|          8|
    |in_stream_0_TREADY_int_regslice    |   9|          2|    1|          2|
    |in_stream_1_TREADY_int_regslice    |   9|          2|    1|          2|
    |weight_stream_TREADY_int_regslice  |   9|          2|    1|          2|
    |weights_im_1_address0              |  14|          3|   10|         30|
    |weights_im_1_ce0                   |  14|          3|    1|          3|
    |weights_im_1_we0                   |   9|          2|    1|          2|
    |weights_im_2_address0              |  14|          3|   10|         30|
    |weights_im_2_ce0                   |  14|          3|    1|          3|
    |weights_im_2_we0                   |   9|          2|    1|          2|
    |weights_im_3_address0              |  14|          3|   10|         30|
    |weights_im_3_ce0                   |  14|          3|    1|          3|
    |weights_im_3_we0                   |   9|          2|    1|          2|
    |weights_im_address0                |  14|          3|   10|         30|
    |weights_im_ce0                     |  14|          3|    1|          3|
    |weights_im_we0                     |   9|          2|    1|          2|
    |weights_re_1_address0              |  14|          3|   10|         30|
    |weights_re_1_ce0                   |  14|          3|    1|          3|
    |weights_re_1_we0                   |   9|          2|    1|          2|
    |weights_re_2_address0              |  14|          3|   10|         30|
    |weights_re_2_ce0                   |  14|          3|    1|          3|
    |weights_re_2_we0                   |   9|          2|    1|          2|
    |weights_re_3_address0              |  14|          3|   10|         30|
    |weights_re_3_ce0                   |  14|          3|    1|          3|
    |weights_re_3_we0                   |   9|          2|    1|          2|
    |weights_re_address0                |  14|          3|   10|         30|
    |weights_re_ce0                     |  14|          3|    1|          3|
    |weights_re_we0                     |   9|          2|    1|          2|
    +-----------------------------------+----+-----------+-----+-----------+
    |Total                              | 366|         78|  100|        294|
    +-----------------------------------+----+-----------+-----+-----------+

    * Register: 
    +-----------------------------------------------------------------+---+----+-----+-----------+
    |                               Name                              | FF| LUT| Bits| Const Bits|
    +-----------------------------------------------------------------+---+----+-----+-----------+
    |ap_CS_fsm                                                        |  7|   0|    7|          0|
    |grp_beamformer_top_Pipeline_subcarrier_loop_fu_136_ap_start_reg  |  1|   0|    1|          0|
    |grp_beamformer_top_Pipeline_weight_load_fu_116_ap_start_reg      |  1|   0|    1|          0|
    +-----------------------------------------------------------------+---+----+-----+-----------+
    |Total                                                            |  9|   0|    9|          0|
    +-----------------------------------------------------------------+---+----+-----+-----------+



================================================================
== Interface
================================================================
* Summary: 
+----------------------+-----+-----+------------+------------------------+--------------+
|       RTL Ports      | Dir | Bits|  Protocol  |      Source Object     |    C Type    |
+----------------------+-----+-----+------------+------------------------+--------------+
|ap_clk                |   in|    1|  ap_ctrl_hs|          beamformer_top|  return value|
|ap_rst_n              |   in|    1|  ap_ctrl_hs|          beamformer_top|  return value|
|ap_start              |   in|    1|  ap_ctrl_hs|          beamformer_top|  return value|
|ap_done               |  out|    1|  ap_ctrl_hs|          beamformer_top|  return value|
|ap_idle               |  out|    1|  ap_ctrl_hs|          beamformer_top|  return value|
|ap_ready              |  out|    1|  ap_ctrl_hs|          beamformer_top|  return value|
|in_stream_0_TDATA     |   in|   32|        axis|    in_stream_0_V_data_V|       pointer|
|in_stream_0_TVALID    |   in|    1|        axis|    in_stream_0_V_last_V|       pointer|
|in_stream_0_TREADY    |  out|    1|        axis|    in_stream_0_V_last_V|       pointer|
|in_stream_0_TLAST     |   in|    1|        axis|    in_stream_0_V_last_V|       pointer|
|in_stream_0_TKEEP     |   in|    4|        axis|    in_stream_0_V_keep_V|       pointer|
|in_stream_0_TSTRB     |   in|    4|        axis|    in_stream_0_V_strb_V|       pointer|
|in_stream_1_TDATA     |   in|   32|        axis|    in_stream_1_V_data_V|       pointer|
|in_stream_1_TVALID    |   in|    1|        axis|    in_stream_1_V_last_V|       pointer|
|in_stream_1_TREADY    |  out|    1|        axis|    in_stream_1_V_last_V|       pointer|
|in_stream_1_TLAST     |   in|    1|        axis|    in_stream_1_V_last_V|       pointer|
|in_stream_1_TKEEP     |   in|    4|        axis|    in_stream_1_V_keep_V|       pointer|
|in_stream_1_TSTRB     |   in|    4|        axis|    in_stream_1_V_strb_V|       pointer|
|out_stream_0_TDATA    |  out|   32|        axis|   out_stream_0_V_data_V|       pointer|
|out_stream_0_TVALID   |  out|    1|        axis|   out_stream_0_V_last_V|       pointer|
|out_stream_0_TREADY   |   in|    1|        axis|   out_stream_0_V_last_V|       pointer|
|out_stream_0_TLAST    |  out|    1|        axis|   out_stream_0_V_last_V|       pointer|
|out_stream_0_TKEEP    |  out|    4|        axis|   out_stream_0_V_keep_V|       pointer|
|out_stream_0_TSTRB    |  out|    4|        axis|   out_stream_0_V_strb_V|       pointer|
|out_stream_1_TDATA    |  out|   32|        axis|   out_stream_1_V_data_V|       pointer|
|out_stream_1_TVALID   |  out|    1|        axis|   out_stream_1_V_last_V|       pointer|
|out_stream_1_TREADY   |   in|    1|        axis|   out_stream_1_V_last_V|       pointer|
|out_stream_1_TLAST    |  out|    1|        axis|   out_stream_1_V_last_V|       pointer|
|out_stream_1_TKEEP    |  out|    4|        axis|   out_stream_1_V_keep_V|       pointer|
|out_stream_1_TSTRB    |  out|    4|        axis|   out_stream_1_V_strb_V|       pointer|
|weight_stream_TDATA   |   in|   32|        axis|  weight_stream_V_data_V|       pointer|
|weight_stream_TVALID  |   in|    1|        axis|  weight_stream_V_last_V|       pointer|
|weight_stream_TREADY  |  out|    1|        axis|  weight_stream_V_last_V|       pointer|
|weight_stream_TLAST   |   in|    1|        axis|  weight_stream_V_last_V|       pointer|
|weight_stream_TKEEP   |   in|    4|        axis|  weight_stream_V_keep_V|       pointer|
|weight_stream_TSTRB   |   in|    4|        axis|  weight_stream_V_strb_V|       pointer|
+----------------------+-----+-----+------------+------------------------+--------------+

