================================================================
== Design Size Report
================================================================

* Total Instructions per Compilation Phase
+---------------+-----------------------------+--------------+----------------------------------------------------------------------------------------+
| Phase         | Step                        | Instructions | Description                                                                            |
+---------------+-----------------------------+--------------+----------------------------------------------------------------------------------------+
| Compile/Link  |                             | 2,871        | After all functions are compiled and linked into a single design                       |
|               |                             |              |                                                                                        |
| Unroll/Inline |                             |              | After user unroll and inline pragmas are applied                                       |
|               | (1) unroll                  |   640        | user unroll pragmas are applied                                                        |
|               | (2) simplification          |   378        | simplification of applied user unroll pragmas                                          |
|               | (3) inline                  |   377        | user inline pragmas are applied                                                        |
|               | (4) simplification          |   377        | simplification of applied user inline pragmas                                          |
|               |                             |              |                                                                                        |
| Array/Struct  |                             |              | After user array partition and struct aggregate/disaggregate pragmas are applied       |
|               | (1) array partition         |   479        | user array partition pragmas are applied                                               |
|               | (2) simplification          |   423        | simplification of applied user array partition & struct aggregate/disaggregate pragmas |
|               | (3) aggregate/disaggregate  |   423        | user struct aggregate/disaggregate pragmas are applied                                 |
|               | (4) array reshape           |   423        | apply array reshape pragmas                                                            |
|               | (5) access patterns         |   485        | array access pattern optmizations                                                      |
|               |                             |              |                                                                                        |
| Performance   |                             |              | After transformations are applied to meet performance pragma targets                   |
|               | (1) loop simplification     |   493        | loop and instruction simplification                                                    |
|               | (2) parallelization         |   485        | loops are unrolled or pipelined to meet performance targets                            |
|               | (3) array partition         |   429        | arrays are partitioned to meet performance targets                                     |
|               | (4) simplification          |   429        | simplification of design after performance transformations                             |
|               |                             |              |                                                                                        |
| HW Transforms |                             |              | After hardware transfomations                                                          |
|               | (1) lowering                |   396        | initial conversion to HW specific instructions                                         |
|               | (2) optimizations           |   399        | high level synthesis optimizations                                                     |
+---------------+-----------------------------+--------------+----------------------------------------------------------------------------------------+

* Instructions per Function for each Compilation Phase
+------------------+-------------------+--------------+---------------+--------------+-------------+---------------+
| Function         | Location          | Compile/Link | Unroll/Inline | Array/Struct | Performance | HW Transforms |
+------------------+-------------------+--------------+---------------+--------------+-------------+---------------+
| + beamformer_top | beamformer.cpp:89 | 2,871        | 377           | 485          | 429         | 399           |
|    cmac          | beamformer.cpp:68 | 1,899        |               |              |             |               |
+------------------+-------------------+--------------+---------------+--------------+-------------+---------------+

* Design Size Message Settings
+---------------------------------------------+--------+------------------------------------------------------------------+
| Message Setting                             | Value  | Description                                                      |
+---------------------------------------------+--------+------------------------------------------------------------------+
| config_compile -design_size_maximum_warning | 100000 | Show a warning when total design instructions exceeds this value |
+---------------------------------------------+--------+------------------------------------------------------------------+


