

================================================================
== Vitis HLS Report for 'beamformer_top_Pipeline_subcarrier_loop'
================================================================
* Date:           Sat Feb 28 17:35:08 2026

* Version:        2024.1 (Build 5069499 on May 21 2024)
* Project:        beamforming
* Solution:       solution1 (Vivado IP Flow Target)
* Product family: zynquplus
* Target device:  xczu7ev-ffvc1156-2-e


================================================================
== Performance Estimates
================================================================
+ Timing: 
    * Summary: 
    +--------+---------+----------+------------+
    |  Clock |  Target | Estimated| Uncertainty|
    +--------+---------+----------+------------+
    |ap_clk  |  3.33 ns|  2.380 ns|     0.90 ns|
    +--------+---------+----------+------------+

+ Latency: 
    * Summary: 
    +---------+---------+----------+----------+------+------+-----------------------------------------------+
    |  Latency (cycles) |  Latency (absolute) |   Interval  |                    Pipeline                   |
    |   min   |   max   |    min   |    max   |  min |  max |                      Type                     |
    +---------+---------+----------+----------+------+------+-----------------------------------------------+
    |     1029|     1029|  3.427 us|  3.427 us|  1025|  1025|  loop auto-rewind stp(delay=0 clock cycles(s))|
    +---------+---------+----------+----------+------+------+-----------------------------------------------+

    + Detail: 
        * Instance: 
        N/A

        * Loop: 
        +-------------------+---------+---------+----------+-----------+-----------+------+----------+
        |                   |  Latency (cycles) | Iteration|  Initiation Interval  | Trip |          |
        |     Loop Name     |   min   |   max   |  Latency |  achieved |   target  | Count| Pipelined|
        +-------------------+---------+---------+----------+-----------+-----------+------+----------+
        |- subcarrier_loop  |     1027|     1027|         5|          1|          1|  1024|       yes|
        +-------------------+---------+---------+----------+-----------+-----------+------+----------+

============================================================
+ Verbose Summary: Synthesis Manager
============================================================
InlineROM: 1
ExposeGlobal: 0
============================================================
+ Verbose Summary: CDFG Model
============================================================
IsTopModel: 0
ResetActiveHigh: 1
IsCombinational: 0
IsDatapathOnly: 0
HasWiredReturn: 1
HasMFsm: 2
HasVarLatency: 1
IsPipeline: 0
IsRtlPipelined: 0
IsInstanceOverlapped: 0
IsDontTouch: 0
HasImplIP: 0
IsGatedGlobalClock: 0

+ Individual pipeline summary: 
  * Pipeline-0: initiation interval (II) = 1, depth = 5


============================================================
+ Verbose Summary: Schedule
============================================================
* Number of FSM states : 5
* Pipeline : 1
  Pipeline-0 : II = 1, D = 5, States = { 1 2 3 4 5 }
* Dataflow Pipeline: 0

* FSM state transitions: 
1 --> 2 
2 --> 3 
3 --> 4 
4 --> 5 
5 --> 

* FSM state operations: 

State 1 <SV = 0> <Delay = 1.66>
ST_1 : Operation 8 [1/1] (0.00ns)   --->   "%k = alloca i32 1" [beamformer.cpp:137]   --->   Operation 8 'alloca' 'k' <Predicate = true> <Delay = 0.00>
ST_1 : Operation 9 [1/1] (0.00ns)   --->   "%specaxissidechannel_ln0 = specaxissidechannel void @_ssdm_op_SpecAXISSideChannel, i32 %out_stream_1_V_data_V, i4 %out_stream_1_V_keep_V, i4 %out_stream_1_V_strb_V, i1 0, i1 %out_stream_1_V_last_V, i1 0, i1 0, void @empty_2"   --->   Operation 9 'specaxissidechannel' 'specaxissidechannel_ln0' <Predicate = true> <Delay = 0.00>
ST_1 : Operation 10 [1/1] (0.00ns)   --->   "%specaxissidechannel_ln0 = specaxissidechannel void @_ssdm_op_SpecAXISSideChannel, i32 %out_stream_0_V_data_V, i4 %out_stream_0_V_keep_V, i4 %out_stream_0_V_strb_V, i1 0, i1 %out_stream_0_V_last_V, i1 0, i1 0, void @empty_3"   --->   Operation 10 'specaxissidechannel' 'specaxissidechannel_ln0' <Predicate = true> <Delay = 0.00>
ST_1 : Operation 11 [1/1] (0.00ns)   --->   "%specaxissidechannel_ln0 = specaxissidechannel void @_ssdm_op_SpecAXISSideChannel, i32 %in_stream_1_V_data_V, i4 %in_stream_1_V_keep_V, i4 %in_stream_1_V_strb_V, i1 0, i1 %in_stream_1_V_last_V, i1 0, i1 0, void @empty_4"   --->   Operation 11 'specaxissidechannel' 'specaxissidechannel_ln0' <Predicate = true> <Delay = 0.00>
ST_1 : Operation 12 [1/1] (0.00ns)   --->   "%specaxissidechannel_ln0 = specaxissidechannel void @_ssdm_op_SpecAXISSideChannel, i32 %in_stream_0_V_data_V, i4 %in_stream_0_V_keep_V, i4 %in_stream_0_V_strb_V, i1 0, i1 %in_stream_0_V_last_V, i1 0, i1 0, void @empty_5"   --->   Operation 12 'specaxissidechannel' 'specaxissidechannel_ln0' <Predicate = true> <Delay = 0.00>
ST_1 : Operation 13 [1/1] (0.00ns)   --->   "%specinterface_ln0 = specinterface void @_ssdm_op_SpecInterface, i1 %out_stream_1_V_last_V, i4 %out_stream_1_V_strb_V, i4 %out_stream_1_V_keep_V, i32 %out_stream_1_V_data_V, void @empty, i32 0, i32 0, void @empty_0, i32 0, i32 0, void @empty_1, void @empty_1, void @empty_1, i32 0, i32 0, i32 0, i32 0, void @empty_1, void @empty_1, i32 4294967295, i32 0, i32 0"   --->   Operation 13 'specinterface' 'specinterface_ln0' <Predicate = true> <Delay = 0.00>
ST_1 : Operation 14 [1/1] (0.00ns)   --->   "%specinterface_ln0 = specinterface void @_ssdm_op_SpecInterface, i1 %out_stream_0_V_last_V, i4 %out_stream_0_V_strb_V, i4 %out_stream_0_V_keep_V, i32 %out_stream_0_V_data_V, void @empty, i32 0, i32 0, void @empty_0, i32 0, i32 0, void @empty_1, void @empty_1, void @empty_1, i32 0, i32 0, i32 0, i32 0, void @empty_1, void @empty_1, i32 4294967295, i32 0, i32 0"   --->   Operation 14 'specinterface' 'specinterface_ln0' <Predicate = true> <Delay = 0.00>
ST_1 : Operation 15 [1/1] (0.00ns)   --->   "%specinterface_ln0 = specinterface void @_ssdm_op_SpecInterface, i1 %in_stream_1_V_last_V, i4 %in_stream_1_V_strb_V, i4 %in_stream_1_V_keep_V, i32 %in_stream_1_V_data_V, void @empty, i32 0, i32 0, void @empty_0, i32 0, i32 0, void @empty_1, void @empty_1, void @empty_1, i32 0, i32 0, i32 0, i32 0, void @empty_1, void @empty_1, i32 4294967295, i32 0, i32 0"   --->   Operation 15 'specinterface' 'specinterface_ln0' <Predicate = true> <Delay = 0.00>
ST_1 : Operation 16 [1/1] (0.00ns)   --->   "%specinterface_ln0 = specinterface void @_ssdm_op_SpecInterface, i1 %in_stream_0_V_last_V, i4 %in_stream_0_V_strb_V, i4 %in_stream_0_V_keep_V, i32 %in_stream_0_V_data_V, void @empty, i32 0, i32 0, void @empty_0, i32 0, i32 0, void @empty_1, void @empty_1, void @empty_1, i32 0, i32 0, i32 0, i32 0, void @empty_1, void @empty_1, i32 4294967295, i32 0, i32 0"   --->   Operation 16 'specinterface' 'specinterface_ln0' <Predicate = true> <Delay = 0.00>
ST_1 : Operation 17 [1/1] (0.42ns)   --->   "%store_ln137 = store i11 0, i11 %k" [beamformer.cpp:137]   --->   Operation 17 'store' 'store_ln137' <Predicate = true> <Delay = 0.42>
ST_1 : Operation 18 [1/1] (0.00ns)   --->   "%br_ln137 = br void %read_loop" [beamformer.cpp:137]   --->   Operation 18 'br' 'br_ln137' <Predicate = true> <Delay = 0.00>
ST_1 : Operation 19 [1/1] (0.00ns)   --->   "%k_1 = load i11 %k" [beamformer.cpp:137]   --->   Operation 19 'load' 'k_1' <Predicate = true> <Delay = 0.00>
ST_1 : Operation 20 [1/1] (0.79ns)   --->   "%icmp_ln137 = icmp_eq  i11 %k_1, i11 1024" [beamformer.cpp:137]   --->   Operation 20 'icmp' 'icmp_ln137' <Predicate = true> <Delay = 0.79> <CoreInst = "Cmp">   --->   Core 9 'Cmp' <Latency = 0> <II = 1> <Delay = 0.79> <FuncUnit> <Opcode : 'seteq' 'setne' 'setle' 'setge' 'setlt' 'setgt'> <InPorts = 2> <OutPorts = 1>
ST_1 : Operation 21 [1/1] (0.79ns)   --->   "%add_ln137 = add i11 %k_1, i11 1" [beamformer.cpp:137]   --->   Operation 21 'add' 'add_ln137' <Predicate = true> <Delay = 0.79> <CoreInst = "Adder">   --->   Core 1 'Adder' <Latency = 0> <II = 1> <Delay = 0.79> <FuncUnit> <Opcode : 'add' 'sub'> <InPorts = 2> <OutPorts = 1>
ST_1 : Operation 22 [1/1] (0.00ns)   --->   "%br_ln137 = br i1 %icmp_ln137, void %read_loop.split_ifconv, void %for.end92.exitStub" [beamformer.cpp:137]   --->   Operation 22 'br' 'br_ln137' <Predicate = true> <Delay = 0.00>
ST_1 : Operation 23 [1/1] (0.00ns)   --->   "%zext_ln137 = zext i11 %k_1" [beamformer.cpp:137]   --->   Operation 23 'zext' 'zext_ln137' <Predicate = (!icmp_ln137)> <Delay = 0.00>
ST_1 : Operation 24 [1/1] (0.07ns)   --->   "%empty = read i41 @_ssdm_op_Read.axis.volatile.i32P0A.i4P0A.i4P0A.i1P0A, i32 %in_stream_0_V_data_V, i4 %in_stream_0_V_keep_V, i4 %in_stream_0_V_strb_V, i1 %in_stream_0_V_last_V" [beamformer.cpp:156]   --->   Operation 24 'read' 'empty' <Predicate = (!icmp_ln137)> <Delay = 0.07> <CoreInst = "regslice">   --->   Core 148 'regslice' <Latency = 0> <II = 1> <Delay = 0.65> <Adapter> <Opcode : 'read' 'write'>
ST_1 : Operation 25 [1/1] (0.00ns)   --->   "%s_data = extractvalue i41 %empty" [beamformer.cpp:156]   --->   Operation 25 'extractvalue' 's_data' <Predicate = (!icmp_ln137)> <Delay = 0.00>
ST_1 : Operation 26 [1/1] (0.00ns)   --->   "%x_re = trunc i32 %s_data" [beamformer.cpp:157]   --->   Operation 26 'trunc' 'x_re' <Predicate = (!icmp_ln137)> <Delay = 0.00>
ST_1 : Operation 27 [1/1] (0.00ns)   --->   "%x_im = partselect i16 @_ssdm_op_PartSelect.i16.i32.i32.i32, i32 %s_data, i32 16, i32 31" [beamformer.cpp:158]   --->   Operation 27 'partselect' 'x_im' <Predicate = (!icmp_ln137)> <Delay = 0.00>
ST_1 : Operation 28 [1/1] (0.07ns)   --->   "%empty_20 = read i41 @_ssdm_op_Read.axis.volatile.i32P0A.i4P0A.i4P0A.i1P0A, i32 %in_stream_1_V_data_V, i4 %in_stream_1_V_keep_V, i4 %in_stream_1_V_strb_V, i1 %in_stream_1_V_last_V" [beamformer.cpp:156]   --->   Operation 28 'read' 'empty_20' <Predicate = (!icmp_ln137)> <Delay = 0.07> <CoreInst = "regslice">   --->   Core 148 'regslice' <Latency = 0> <II = 1> <Delay = 0.65> <Adapter> <Opcode : 'read' 'write'>
ST_1 : Operation 29 [1/1] (0.00ns)   --->   "%s_data_1 = extractvalue i41 %empty_20" [beamformer.cpp:156]   --->   Operation 29 'extractvalue' 's_data_1' <Predicate = (!icmp_ln137)> <Delay = 0.00>
ST_1 : Operation 30 [1/1] (0.00ns)   --->   "%s_last = extractvalue i41 %empty_20" [beamformer.cpp:156]   --->   Operation 30 'extractvalue' 's_last' <Predicate = (!icmp_ln137)> <Delay = 0.00>
ST_1 : Operation 31 [1/1] (0.00ns)   --->   "%x_re_1 = trunc i32 %s_data_1" [beamformer.cpp:157]   --->   Operation 31 'trunc' 'x_re_1' <Predicate = (!icmp_ln137)> <Delay = 0.00>
ST_1 : Operation 32 [1/1] (0.00ns)   --->   "%x_im_1 = partselect i16 @_ssdm_op_PartSelect.i16.i32.i32.i32, i32 %s_data_1, i32 16, i32 31" [beamformer.cpp:158]   --->   Operation 32 'partselect' 'x_im_1' <Predicate = (!icmp_ln137)> <Delay = 0.00>
ST_1 : Operation 33 [1/1] (0.00ns)   --->   "%weights_re_addr = getelementptr i16 %weights_re, i64 0, i64 %zext_ln137" [beamformer.cpp:178]   --->   Operation 33 'getelementptr' 'weights_re_addr' <Predicate = (!icmp_ln137)> <Delay = 0.00>
ST_1 : Operation 34 [2/2] (1.23ns)   --->   "%w_re = load i10 %weights_re_addr" [beamformer.cpp:178]   --->   Operation 34 'load' 'w_re' <Predicate = (!icmp_ln137)> <Delay = 1.23> <CoreInst = "RAM">   --->   Core 82 'RAM' <Latency = 1> <II = 1> <Delay = 1.23> <Storage> <Opcode : 'load' 'store'> <Ports = 2> <Width = 16> <Depth = 1024> <RAM>
ST_1 : Operation 35 [1/1] (0.00ns)   --->   "%weights_im_addr = getelementptr i16 %weights_im, i64 0, i64 %zext_ln137" [beamformer.cpp:178]   --->   Operation 35 'getelementptr' 'weights_im_addr' <Predicate = (!icmp_ln137)> <Delay = 0.00>
ST_1 : Operation 36 [2/2] (1.23ns)   --->   "%w_im = load i10 %weights_im_addr" [beamformer.cpp:178]   --->   Operation 36 'load' 'w_im' <Predicate = (!icmp_ln137)> <Delay = 1.23> <CoreInst = "RAM">   --->   Core 82 'RAM' <Latency = 1> <II = 1> <Delay = 1.23> <Storage> <Opcode : 'load' 'store'> <Ports = 2> <Width = 16> <Depth = 1024> <RAM>
ST_1 : Operation 37 [1/1] (0.00ns)   --->   "%weights_re_1_addr = getelementptr i16 %weights_re_1, i64 0, i64 %zext_ln137" [beamformer.cpp:178]   --->   Operation 37 'getelementptr' 'weights_re_1_addr' <Predicate = (!icmp_ln137)> <Delay = 0.00>
ST_1 : Operation 38 [2/2] (1.23ns)   --->   "%w_re_1 = load i10 %weights_re_1_addr" [beamformer.cpp:178]   --->   Operation 38 'load' 'w_re_1' <Predicate = (!icmp_ln137)> <Delay = 1.23> <CoreInst = "RAM">   --->   Core 82 'RAM' <Latency = 1> <II = 1> <Delay = 1.23> <Storage> <Opcode : 'load' 'store'> <Ports = 2> <Width = 16> <Depth = 1024> <RAM>
ST_1 : Operation 39 [1/1] (0.00ns)   --->   "%weights_im_1_addr = getelementptr i16 %weights_im_1, i64 0, i64 %zext_ln137" [beamformer.cpp:178]   --->   Operation 39 'getelementptr' 'weights_im_1_addr' <Predicate = (!icmp_ln137)> <Delay = 0.00>
ST_1 : Operation 40 [2/2] (1.23ns)   --->   "%w_im_1 = load i10 %weights_im_1_addr" [beamformer.cpp:178]   --->   Operation 40 'load' 'w_im_1' <Predicate = (!icmp_ln137)> <Delay = 1.23> <CoreInst = "RAM">   --->   Core 82 'RAM' <Latency = 1> <II = 1> <Delay = 1.23> <Storage> <Opcode : 'load' 'store'> <Ports = 2> <Width = 16> <Depth = 1024> <RAM>
ST_1 : Operation 41 [1/1] (0.00ns)   --->   "%weights_re_2_addr = getelementptr i16 %weights_re_2, i64 0, i64 %zext_ln137" [beamformer.cpp:178]   --->   Operation 41 'getelementptr' 'weights_re_2_addr' <Predicate = (!icmp_ln137)> <Delay = 0.00>
ST_1 : Operation 42 [2/2] (1.23ns)   --->   "%w_re_2 = load i10 %weights_re_2_addr" [beamformer.cpp:178]   --->   Operation 42 'load' 'w_re_2' <Predicate = (!icmp_ln137)> <Delay = 1.23> <CoreInst = "RAM">   --->   Core 82 'RAM' <Latency = 1> <II = 1> <Delay = 1.23> <Storage> <Opcode : 'load' 'store'> <Ports = 2> <Width = 16> <Depth = 1024> <RAM>
ST_1 : Operation 43 [1/1] (0.00ns)   --->   "%weights_im_2_addr = getelementptr i16 %weights_im_2, i64 0, i64 %zext_ln137" [beamformer.cpp:178]   --->   Operation 43 'getelementptr' 'weights_im_2_addr' <Predicate = (!icmp_ln137)> <Delay = 0.00>
ST_1 : Operation 44 [2/2] (1.23ns)   --->   "%w_im_2 = load i10 %weights_im_2_addr" [beamformer.cpp:178]   --->   Operation 44 'load' 'w_im_2' <Predicate = (!icmp_ln137)> <Delay = 1.23> <CoreInst = "RAM">   --->   Core 82 'RAM' <Latency = 1> <II = 1> <Delay = 1.23> <Storage> <Opcode : 'load' 'store'> <Ports = 2> <Width = 16> <Depth = 1024> <RAM>
ST_1 : Operation 45 [1/1] (0.00ns)   --->   "%weights_re_3_addr = getelementptr i16 %weights_re_3, i64 0, i64 %zext_ln137" [beamformer.cpp:178]   --->   Operation 45 'getelementptr' 'weights_re_3_addr' <Predicate = (!icmp_ln137)> <Delay = 0.00>
ST_1 : Operation 46 [2/2] (1.23ns)   --->   "%w_re_3 = load i10 %weights_re_3_addr" [beamformer.cpp:178]   --->   Operation 46 'load' 'w_re_3' <Predicate = (!icmp_ln137)> <Delay = 1.23> <CoreInst = "RAM">   --->   Core 82 'RAM' <Latency = 1> <II = 1> <Delay = 1.23> <Storage> <Opcode : 'load' 'store'> <Ports = 2> <Width = 16> <Depth = 1024> <RAM>
ST_1 : Operation 47 [1/1] (0.00ns)   --->   "%weights_im_3_addr = getelementptr i16 %weights_im_3, i64 0, i64 %zext_ln137" [beamformer.cpp:178]   --->   Operation 47 'getelementptr' 'weights_im_3_addr' <Predicate = (!icmp_ln137)> <Delay = 0.00>
ST_1 : Operation 48 [2/2] (1.23ns)   --->   "%w_im_3 = load i10 %weights_im_3_addr" [beamformer.cpp:178]   --->   Operation 48 'load' 'w_im_3' <Predicate = (!icmp_ln137)> <Delay = 1.23> <CoreInst = "RAM">   --->   Core 82 'RAM' <Latency = 1> <II = 1> <Delay = 1.23> <Storage> <Opcode : 'load' 'store'> <Ports = 2> <Width = 16> <Depth = 1024> <RAM>
ST_1 : Operation 49 [1/1] (0.42ns)   --->   "%store_ln137 = store i11 %add_ln137, i11 %k" [beamformer.cpp:137]   --->   Operation 49 'store' 'store_ln137' <Predicate = (!icmp_ln137)> <Delay = 0.42>

State 2 <SV = 1> <Delay = 1.23>
ST_2 : Operation 50 [1/2] (1.23ns)   --->   "%w_re = load i10 %weights_re_addr" [beamformer.cpp:178]   --->   Operation 50 'load' 'w_re' <Predicate = true> <Delay = 1.23> <CoreInst = "RAM">   --->   Core 82 'RAM' <Latency = 1> <II = 1> <Delay = 1.23> <Storage> <Opcode : 'load' 'store'> <Ports = 2> <Width = 16> <Depth = 1024> <RAM>
ST_2 : Operation 51 [1/2] (1.23ns)   --->   "%w_im = load i10 %weights_im_addr" [beamformer.cpp:178]   --->   Operation 51 'load' 'w_im' <Predicate = true> <Delay = 1.23> <CoreInst = "RAM">   --->   Core 82 'RAM' <Latency = 1> <II = 1> <Delay = 1.23> <Storage> <Opcode : 'load' 'store'> <Ports = 2> <Width = 16> <Depth = 1024> <RAM>
ST_2 : Operation 52 [1/2] (1.23ns)   --->   "%w_re_1 = load i10 %weights_re_1_addr" [beamformer.cpp:178]   --->   Operation 52 'load' 'w_re_1' <Predicate = true> <Delay = 1.23> <CoreInst = "RAM">   --->   Core 82 'RAM' <Latency = 1> <II = 1> <Delay = 1.23> <Storage> <Opcode : 'load' 'store'> <Ports = 2> <Width = 16> <Depth = 1024> <RAM>
ST_2 : Operation 53 [1/2] (1.23ns)   --->   "%w_im_1 = load i10 %weights_im_1_addr" [beamformer.cpp:178]   --->   Operation 53 'load' 'w_im_1' <Predicate = true> <Delay = 1.23> <CoreInst = "RAM">   --->   Core 82 'RAM' <Latency = 1> <II = 1> <Delay = 1.23> <Storage> <Opcode : 'load' 'store'> <Ports = 2> <Width = 16> <Depth = 1024> <RAM>
ST_2 : Operation 54 [1/2] (1.23ns)   --->   "%w_re_2 = load i10 %weights_re_2_addr" [beamformer.cpp:178]   --->   Operation 54 'load' 'w_re_2' <Predicate = true> <Delay = 1.23> <CoreInst = "RAM">   --->   Core 82 'RAM' <Latency = 1> <II = 1> <Delay = 1.23> <Storage> <Opcode : 'load' 'store'> <Ports = 2> <Width = 16> <Depth = 1024> <RAM>
ST_2 : Operation 55 [1/2] (1.23ns)   --->   "%w_im_2 = load i10 %weights_im_2_addr" [beamformer.cpp:178]   --->   Operation 55 'load' 'w_im_2' <Predicate = true> <Delay = 1.23> <CoreInst = "RAM">   --->   Core 82 'RAM' <Latency = 1> <II = 1> <Delay = 1.23> <Storage> <Opcode : 'load' 'store'> <Ports = 2> <Width = 16> <Depth = 1024> <RAM>
ST_2 : Operation 56 [1/2] (1.23ns)   --->   "%w_re_3 = load i10 %weights_re_3_addr" [beamformer.cpp:178]   --->   Operation 56 'load' 'w_re_3' <Predicate = true> <Delay = 1.23> <CoreInst = "RAM">   --->   Core 82 'RAM' <Latency = 1> <II = 1> <Delay = 1.23> <Storage> <Opcode : 'load' 'store'> <Ports = 2> <Width = 16> <Depth = 1024> <RAM>
ST_2 : Operation 57 [1/2] (1.23ns)   --->   "%w_im_3 = load i10 %weights_im_3_addr" [beamformer.cpp:178]   --->   Operation 57 'load' 'w_im_3' <Predicate = true> <Delay = 1.23> <CoreInst = "RAM">   --->   Core 82 'RAM' <Latency = 1> <II = 1> <Delay = 1.23> <Storage> <Opcode : 'load' 'store'> <Ports = 2> <Width = 16> <Depth = 1024> <RAM>

State 3 <SV = 2> <Delay = 2.38>
ST_3 : Operation 58 [1/1] (0.00ns)   --->   "%sext_ln74 = sext i16 %x_re" [beamformer.cpp:74->beamformer.cpp:177]   --->   Operation 58 'sext' 'sext_ln74' <Predicate = true> <Delay = 0.00>
ST_3 : Operation 59 [1/1] (0.00ns)   --->   "%sext_ln74_1 = sext i16 %w_re" [beamformer.cpp:74->beamformer.cpp:177]   --->   Operation 59 'sext' 'sext_ln74_1' <Predicate = true> <Delay = 0.00>
ST_3 : Operation 60 [1/1] (2.38ns)   --->   "%mul_ln74 = mul i32 %sext_ln74_1, i32 %sext_ln74" [beamformer.cpp:74->beamformer.cpp:177]   --->   Operation 60 'mul' 'mul_ln74' <Predicate = true> <Delay = 2.38> <CoreInst = "Multiplier">   --->   Core 3 'Multiplier' <Latency = 0> <II = 1> <Delay = 2.38> <FuncUnit> <Opcode : 'mul'> <InPorts = 2> <OutPorts = 1>
ST_3 : Operation 61 [1/1] (0.00ns)   --->   "%tmp_6_cast = partselect i17 @_ssdm_op_PartSelect.i17.i32.i32.i32, i32 %mul_ln74, i32 14, i32 30" [beamformer.cpp:74->beamformer.cpp:177]   --->   Operation 61 'partselect' 'tmp_6_cast' <Predicate = true> <Delay = 0.00>
ST_3 : Operation 62 [1/1] (0.00ns)   --->   "%trunc_ln74 = trunc i32 %mul_ln74" [beamformer.cpp:74->beamformer.cpp:177]   --->   Operation 62 'trunc' 'trunc_ln74' <Predicate = true> <Delay = 0.00>
ST_3 : Operation 63 [1/1] (0.00ns)   --->   "%sext_ln74_2 = sext i16 %x_im" [beamformer.cpp:74->beamformer.cpp:177]   --->   Operation 63 'sext' 'sext_ln74_2' <Predicate = true> <Delay = 0.00>
ST_3 : Operation 64 [1/1] (0.00ns)   --->   "%sext_ln74_3 = sext i16 %w_im" [beamformer.cpp:74->beamformer.cpp:177]   --->   Operation 64 'sext' 'sext_ln74_3' <Predicate = true> <Delay = 0.00>
ST_3 : Operation 65 [1/1] (2.38ns)   --->   "%mul_ln74_1 = mul i32 %sext_ln74_3, i32 %sext_ln74_2" [beamformer.cpp:74->beamformer.cpp:177]   --->   Operation 65 'mul' 'mul_ln74_1' <Predicate = true> <Delay = 2.38> <CoreInst = "Multiplier">   --->   Core 3 'Multiplier' <Latency = 0> <II = 1> <Delay = 2.38> <FuncUnit> <Opcode : 'mul'> <InPorts = 2> <OutPorts = 1>
ST_3 : Operation 66 [1/1] (0.00ns)   --->   "%tmp_9_cast = partselect i17 @_ssdm_op_PartSelect.i17.i32.i32.i32, i32 %mul_ln74_1, i32 14, i32 30" [beamformer.cpp:74->beamformer.cpp:177]   --->   Operation 66 'partselect' 'tmp_9_cast' <Predicate = true> <Delay = 0.00>
ST_3 : Operation 67 [1/1] (0.00ns)   --->   "%trunc_ln74_1 = trunc i32 %mul_ln74_1" [beamformer.cpp:74->beamformer.cpp:177]   --->   Operation 67 'trunc' 'trunc_ln74_1' <Predicate = true> <Delay = 0.00>
ST_3 : Operation 68 [1/1] (2.38ns)   --->   "%mul_ln75 = mul i32 %sext_ln74_1, i32 %sext_ln74_2" [beamformer.cpp:75->beamformer.cpp:177]   --->   Operation 68 'mul' 'mul_ln75' <Predicate = true> <Delay = 2.38> <CoreInst = "Multiplier">   --->   Core 3 'Multiplier' <Latency = 0> <II = 1> <Delay = 2.38> <FuncUnit> <Opcode : 'mul'> <InPorts = 2> <OutPorts = 1>
ST_3 : Operation 69 [1/1] (0.00ns)   --->   "%tmp_3_cast = partselect i17 @_ssdm_op_PartSelect.i17.i32.i32.i32, i32 %mul_ln75, i32 14, i32 30" [beamformer.cpp:75->beamformer.cpp:177]   --->   Operation 69 'partselect' 'tmp_3_cast' <Predicate = true> <Delay = 0.00>
ST_3 : Operation 70 [1/1] (0.00ns)   --->   "%trunc_ln75 = trunc i32 %mul_ln75" [beamformer.cpp:75->beamformer.cpp:177]   --->   Operation 70 'trunc' 'trunc_ln75' <Predicate = true> <Delay = 0.00>
ST_3 : Operation 71 [1/1] (2.38ns)   --->   "%mul_ln75_1 = mul i32 %sext_ln74_3, i32 %sext_ln74" [beamformer.cpp:75->beamformer.cpp:177]   --->   Operation 71 'mul' 'mul_ln75_1' <Predicate = true> <Delay = 2.38> <CoreInst = "Multiplier">   --->   Core 3 'Multiplier' <Latency = 0> <II = 1> <Delay = 2.38> <FuncUnit> <Opcode : 'mul'> <InPorts = 2> <OutPorts = 1>
ST_3 : Operation 72 [1/1] (0.00ns)   --->   "%tmp_10_cast = partselect i17 @_ssdm_op_PartSelect.i17.i32.i32.i32, i32 %mul_ln75_1, i32 14, i32 30" [beamformer.cpp:75->beamformer.cpp:177]   --->   Operation 72 'partselect' 'tmp_10_cast' <Predicate = true> <Delay = 0.00>
ST_3 : Operation 73 [1/1] (0.00ns)   --->   "%trunc_ln75_1 = trunc i32 %mul_ln75_1" [beamformer.cpp:75->beamformer.cpp:177]   --->   Operation 73 'trunc' 'trunc_ln75_1' <Predicate = true> <Delay = 0.00>
ST_3 : Operation 74 [1/1] (0.00ns)   --->   "%sext_ln74_4 = sext i16 %x_re_1" [beamformer.cpp:74->beamformer.cpp:177]   --->   Operation 74 'sext' 'sext_ln74_4' <Predicate = true> <Delay = 0.00>
ST_3 : Operation 75 [1/1] (0.00ns)   --->   "%sext_ln74_5 = sext i16 %w_re_1" [beamformer.cpp:74->beamformer.cpp:177]   --->   Operation 75 'sext' 'sext_ln74_5' <Predicate = true> <Delay = 0.00>
ST_3 : Operation 76 [1/1] (2.38ns)   --->   "%mul_ln74_2 = mul i32 %sext_ln74_5, i32 %sext_ln74_4" [beamformer.cpp:74->beamformer.cpp:177]   --->   Operation 76 'mul' 'mul_ln74_2' <Predicate = true> <Delay = 2.38> <CoreInst = "Multiplier">   --->   Core 3 'Multiplier' <Latency = 0> <II = 1> <Delay = 2.38> <FuncUnit> <Opcode : 'mul'> <InPorts = 2> <OutPorts = 1>
ST_3 : Operation 77 [1/1] (0.00ns)   --->   "%tmp_13_cast = partselect i17 @_ssdm_op_PartSelect.i17.i32.i32.i32, i32 %mul_ln74_2, i32 14, i32 30" [beamformer.cpp:74->beamformer.cpp:177]   --->   Operation 77 'partselect' 'tmp_13_cast' <Predicate = true> <Delay = 0.00>
ST_3 : Operation 78 [1/1] (0.00ns)   --->   "%trunc_ln74_2 = trunc i32 %mul_ln74_2" [beamformer.cpp:74->beamformer.cpp:177]   --->   Operation 78 'trunc' 'trunc_ln74_2' <Predicate = true> <Delay = 0.00>
ST_3 : Operation 79 [1/1] (0.00ns)   --->   "%sext_ln74_6 = sext i16 %x_im_1" [beamformer.cpp:74->beamformer.cpp:177]   --->   Operation 79 'sext' 'sext_ln74_6' <Predicate = true> <Delay = 0.00>
ST_3 : Operation 80 [1/1] (0.00ns)   --->   "%sext_ln74_7 = sext i16 %w_im_1" [beamformer.cpp:74->beamformer.cpp:177]   --->   Operation 80 'sext' 'sext_ln74_7' <Predicate = true> <Delay = 0.00>
ST_3 : Operation 81 [1/1] (2.38ns)   --->   "%mul_ln74_3 = mul i32 %sext_ln74_7, i32 %sext_ln74_6" [beamformer.cpp:74->beamformer.cpp:177]   --->   Operation 81 'mul' 'mul_ln74_3' <Predicate = true> <Delay = 2.38> <CoreInst = "Multiplier">   --->   Core 3 'Multiplier' <Latency = 0> <II = 1> <Delay = 2.38> <FuncUnit> <Opcode : 'mul'> <InPorts = 2> <OutPorts = 1>
ST_3 : Operation 82 [1/1] (0.00ns)   --->   "%tmp_16_cast = partselect i17 @_ssdm_op_PartSelect.i17.i32.i32.i32, i32 %mul_ln74_3, i32 14, i32 30" [beamformer.cpp:74->beamformer.cpp:177]   --->   Operation 82 'partselect' 'tmp_16_cast' <Predicate = true> <Delay = 0.00>
ST_3 : Operation 83 [1/1] (0.00ns)   --->   "%trunc_ln74_3 = trunc i32 %mul_ln74_3" [beamformer.cpp:74->beamformer.cpp:177]   --->   Operation 83 'trunc' 'trunc_ln74_3' <Predicate = true> <Delay = 0.00>
ST_3 : Operation 84 [1/1] (2.38ns)   --->   "%mul_ln75_2 = mul i32 %sext_ln74_5, i32 %sext_ln74_6" [beamformer.cpp:75->beamformer.cpp:177]   --->   Operation 84 'mul' 'mul_ln75_2' <Predicate = true> <Delay = 2.38> <CoreInst = "Multiplier">   --->   Core 3 'Multiplier' <Latency = 0> <II = 1> <Delay = 2.38> <FuncUnit> <Opcode : 'mul'> <InPorts = 2> <OutPorts = 1>
ST_3 : Operation 85 [1/1] (0.00ns)   --->   "%tmp_19_cast = partselect i17 @_ssdm_op_PartSelect.i17.i32.i32.i32, i32 %mul_ln75_2, i32 14, i32 30" [beamformer.cpp:75->beamformer.cpp:177]   --->   Operation 85 'partselect' 'tmp_19_cast' <Predicate = true> <Delay = 0.00>
ST_3 : Operation 86 [1/1] (0.00ns)   --->   "%trunc_ln75_2 = trunc i32 %mul_ln75_2" [beamformer.cpp:75->beamformer.cpp:177]   --->   Operation 86 'trunc' 'trunc_ln75_2' <Predicate = true> <Delay = 0.00>
ST_3 : Operation 87 [1/1] (2.38ns)   --->   "%mul_ln75_3 = mul i32 %sext_ln74_7, i32 %sext_ln74_4" [beamformer.cpp:75->beamformer.cpp:177]   --->   Operation 87 'mul' 'mul_ln75_3' <Predicate = true> <Delay = 2.38> <CoreInst = "Multiplier">   --->   Core 3 'Multiplier' <Latency = 0> <II = 1> <Delay = 2.38> <FuncUnit> <Opcode : 'mul'> <InPorts = 2> <OutPorts = 1>
ST_3 : Operation 88 [1/1] (0.00ns)   --->   "%tmp_22_cast = partselect i17 @_ssdm_op_PartSelect.i17.i32.i32.i32, i32 %mul_ln75_3, i32 14, i32 30" [beamformer.cpp:75->beamformer.cpp:177]   --->   Operation 88 'partselect' 'tmp_22_cast' <Predicate = true> <Delay = 0.00>
ST_3 : Operation 89 [1/1] (0.00ns)   --->   "%trunc_ln75_3 = trunc i32 %mul_ln75_3" [beamformer.cpp:75->beamformer.cpp:177]   --->   Operation 89 'trunc' 'trunc_ln75_3' <Predicate = true> <Delay = 0.00>
ST_3 : Operation 90 [1/1] (0.00ns)   --->   "%sext_ln74_8 = sext i16 %w_re_2" [beamformer.cpp:74->beamformer.cpp:177]   --->   Operation 90 'sext' 'sext_ln74_8' <Predicate = true> <Delay = 0.00>
ST_3 : Operation 91 [1/1] (2.38ns)   --->   "%mul_ln74_4 = mul i32 %sext_ln74_8, i32 %sext_ln74" [beamformer.cpp:74->beamformer.cpp:177]   --->   Operation 91 'mul' 'mul_ln74_4' <Predicate = true> <Delay = 2.38> <CoreInst = "Multiplier">   --->   Core 3 'Multiplier' <Latency = 0> <II = 1> <Delay = 2.38> <FuncUnit> <Opcode : 'mul'> <InPorts = 2> <OutPorts = 1>
ST_3 : Operation 92 [1/1] (0.00ns)   --->   "%tmp_25_cast = partselect i17 @_ssdm_op_PartSelect.i17.i32.i32.i32, i32 %mul_ln74_4, i32 14, i32 30" [beamformer.cpp:74->beamformer.cpp:177]   --->   Operation 92 'partselect' 'tmp_25_cast' <Predicate = true> <Delay = 0.00>
ST_3 : Operation 93 [1/1] (0.00ns)   --->   "%trunc_ln74_4 = trunc i32 %mul_ln74_4" [beamformer.cpp:74->beamformer.cpp:177]   --->   Operation 93 'trunc' 'trunc_ln74_4' <Predicate = true> <Delay = 0.00>
ST_3 : Operation 94 [1/1] (0.00ns)   --->   "%sext_ln74_9 = sext i16 %w_im_2" [beamformer.cpp:74->beamformer.cpp:177]   --->   Operation 94 'sext' 'sext_ln74_9' <Predicate = true> <Delay = 0.00>
ST_3 : Operation 95 [1/1] (2.38ns)   --->   "%mul_ln74_5 = mul i32 %sext_ln74_9, i32 %sext_ln74_2" [beamformer.cpp:74->beamformer.cpp:177]   --->   Operation 95 'mul' 'mul_ln74_5' <Predicate = true> <Delay = 2.38> <CoreInst = "Multiplier">   --->   Core 3 'Multiplier' <Latency = 0> <II = 1> <Delay = 2.38> <FuncUnit> <Opcode : 'mul'> <InPorts = 2> <OutPorts = 1>
ST_3 : Operation 96 [1/1] (0.00ns)   --->   "%tmp_28_cast = partselect i17 @_ssdm_op_PartSelect.i17.i32.i32.i32, i32 %mul_ln74_5, i32 14, i32 30" [beamformer.cpp:74->beamformer.cpp:177]   --->   Operation 96 'partselect' 'tmp_28_cast' <Predicate = true> <Delay = 0.00>
ST_3 : Operation 97 [1/1] (0.00ns)   --->   "%trunc_ln74_5 = trunc i32 %mul_ln74_5" [beamformer.cpp:74->beamformer.cpp:177]   --->   Operation 97 'trunc' 'trunc_ln74_5' <Predicate = true> <Delay = 0.00>
ST_3 : Operation 98 [1/1] (2.38ns)   --->   "%mul_ln75_4 = mul i32 %sext_ln74_8, i32 %sext_ln74_2" [beamformer.cpp:75->beamformer.cpp:177]   --->   Operation 98 'mul' 'mul_ln75_4' <Predicate = true> <Delay = 2.38> <CoreInst = "Multiplier">   --->   Core 3 'Multiplier' <Latency = 0> <II = 1> <Delay = 2.38> <FuncUnit> <Opcode : 'mul'> <InPorts = 2> <OutPorts = 1>
ST_3 : Operation 99 [1/1] (0.00ns)   --->   "%tmp_31_cast = partselect i17 @_ssdm_op_PartSelect.i17.i32.i32.i32, i32 %mul_ln75_4, i32 14, i32 30" [beamformer.cpp:75->beamformer.cpp:177]   --->   Operation 99 'partselect' 'tmp_31_cast' <Predicate = true> <Delay = 0.00>
ST_3 : Operation 100 [1/1] (0.00ns)   --->   "%trunc_ln75_4 = trunc i32 %mul_ln75_4" [beamformer.cpp:75->beamformer.cpp:177]   --->   Operation 100 'trunc' 'trunc_ln75_4' <Predicate = true> <Delay = 0.00>
ST_3 : Operation 101 [1/1] (2.38ns)   --->   "%mul_ln75_5 = mul i32 %sext_ln74_9, i32 %sext_ln74" [beamformer.cpp:75->beamformer.cpp:177]   --->   Operation 101 'mul' 'mul_ln75_5' <Predicate = true> <Delay = 2.38> <CoreInst = "Multiplier">   --->   Core 3 'Multiplier' <Latency = 0> <II = 1> <Delay = 2.38> <FuncUnit> <Opcode : 'mul'> <InPorts = 2> <OutPorts = 1>
ST_3 : Operation 102 [1/1] (0.00ns)   --->   "%tmp_34_cast = partselect i17 @_ssdm_op_PartSelect.i17.i32.i32.i32, i32 %mul_ln75_5, i32 14, i32 30" [beamformer.cpp:75->beamformer.cpp:177]   --->   Operation 102 'partselect' 'tmp_34_cast' <Predicate = true> <Delay = 0.00>
ST_3 : Operation 103 [1/1] (0.00ns)   --->   "%trunc_ln75_5 = trunc i32 %mul_ln75_5" [beamformer.cpp:75->beamformer.cpp:177]   --->   Operation 103 'trunc' 'trunc_ln75_5' <Predicate = true> <Delay = 0.00>
ST_3 : Operation 104 [1/1] (0.00ns)   --->   "%sext_ln74_10 = sext i16 %w_re_3" [beamformer.cpp:74->beamformer.cpp:177]   --->   Operation 104 'sext' 'sext_ln74_10' <Predicate = true> <Delay = 0.00>
ST_3 : Operation 105 [1/1] (2.38ns)   --->   "%mul_ln74_6 = mul i32 %sext_ln74_10, i32 %sext_ln74_4" [beamformer.cpp:74->beamformer.cpp:177]   --->   Operation 105 'mul' 'mul_ln74_6' <Predicate = true> <Delay = 2.38> <CoreInst = "Multiplier">   --->   Core 3 'Multiplier' <Latency = 0> <II = 1> <Delay = 2.38> <FuncUnit> <Opcode : 'mul'> <InPorts = 2> <OutPorts = 1>
ST_3 : Operation 106 [1/1] (0.00ns)   --->   "%tmp_37_cast = partselect i17 @_ssdm_op_PartSelect.i17.i32.i32.i32, i32 %mul_ln74_6, i32 14, i32 30" [beamformer.cpp:74->beamformer.cpp:177]   --->   Operation 106 'partselect' 'tmp_37_cast' <Predicate = true> <Delay = 0.00>
ST_3 : Operation 107 [1/1] (0.00ns)   --->   "%trunc_ln74_6 = trunc i32 %mul_ln74_6" [beamformer.cpp:74->beamformer.cpp:177]   --->   Operation 107 'trunc' 'trunc_ln74_6' <Predicate = true> <Delay = 0.00>
ST_3 : Operation 108 [1/1] (0.00ns)   --->   "%sext_ln74_11 = sext i16 %w_im_3" [beamformer.cpp:74->beamformer.cpp:177]   --->   Operation 108 'sext' 'sext_ln74_11' <Predicate = true> <Delay = 0.00>
ST_3 : Operation 109 [1/1] (2.38ns)   --->   "%mul_ln74_7 = mul i32 %sext_ln74_11, i32 %sext_ln74_6" [beamformer.cpp:74->beamformer.cpp:177]   --->   Operation 109 'mul' 'mul_ln74_7' <Predicate = true> <Delay = 2.38> <CoreInst = "Multiplier">   --->   Core 3 'Multiplier' <Latency = 0> <II = 1> <Delay = 2.38> <FuncUnit> <Opcode : 'mul'> <InPorts = 2> <OutPorts = 1>
ST_3 : Operation 110 [1/1] (0.00ns)   --->   "%tmp_40_cast = partselect i17 @_ssdm_op_PartSelect.i17.i32.i32.i32, i32 %mul_ln74_7, i32 14, i32 30" [beamformer.cpp:74->beamformer.cpp:177]   --->   Operation 110 'partselect' 'tmp_40_cast' <Predicate = true> <Delay = 0.00>
ST_3 : Operation 111 [1/1] (0.00ns)   --->   "%trunc_ln74_7 = trunc i32 %mul_ln74_7" [beamformer.cpp:74->beamformer.cpp:177]   --->   Operation 111 'trunc' 'trunc_ln74_7' <Predicate = true> <Delay = 0.00>
ST_3 : Operation 112 [1/1] (2.38ns)   --->   "%mul_ln75_6 = mul i32 %sext_ln74_10, i32 %sext_ln74_6" [beamformer.cpp:75->beamformer.cpp:177]   --->   Operation 112 'mul' 'mul_ln75_6' <Predicate = true> <Delay = 2.38> <CoreInst = "Multiplier">   --->   Core 3 'Multiplier' <Latency = 0> <II = 1> <Delay = 2.38> <FuncUnit> <Opcode : 'mul'> <InPorts = 2> <OutPorts = 1>
ST_3 : Operation 113 [1/1] (0.00ns)   --->   "%tmp_43_cast = partselect i17 @_ssdm_op_PartSelect.i17.i32.i32.i32, i32 %mul_ln75_6, i32 14, i32 30" [beamformer.cpp:75->beamformer.cpp:177]   --->   Operation 113 'partselect' 'tmp_43_cast' <Predicate = true> <Delay = 0.00>
ST_3 : Operation 114 [1/1] (0.00ns)   --->   "%trunc_ln75_6 = trunc i32 %mul_ln75_6" [beamformer.cpp:75->beamformer.cpp:177]   --->   Operation 114 'trunc' 'trunc_ln75_6' <Predicate = true> <Delay = 0.00>
ST_3 : Operation 115 [1/1] (2.38ns)   --->   "%mul_ln75_7 = mul i32 %sext_ln74_11, i32 %sext_ln74_4" [beamformer.cpp:75->beamformer.cpp:177]   --->   Operation 115 'mul' 'mul_ln75_7' <Predicate = true> <Delay = 2.38> <CoreInst = "Multiplier">   --->   Core 3 'Multiplier' <Latency = 0> <II = 1> <Delay = 2.38> <FuncUnit> <Opcode : 'mul'> <InPorts = 2> <OutPorts = 1>
ST_3 : Operation 116 [1/1] (0.00ns)   --->   "%tmp_46_cast = partselect i17 @_ssdm_op_PartSelect.i17.i32.i32.i32, i32 %mul_ln75_7, i32 14, i32 30" [beamformer.cpp:75->beamformer.cpp:177]   --->   Operation 116 'partselect' 'tmp_46_cast' <Predicate = true> <Delay = 0.00>
ST_3 : Operation 117 [1/1] (0.00ns)   --->   "%trunc_ln75_7 = trunc i32 %mul_ln75_7" [beamformer.cpp:75->beamformer.cpp:177]   --->   Operation 117 'trunc' 'trunc_ln75_7' <Predicate = true> <Delay = 0.00>

State 4 <SV = 3> <Delay = 2.08>
ST_4 : Operation 118 [1/1] (0.00ns) (grouped into LUT with out node ref_tmp_i_i321_i_0)   --->   "%tmp = bitselect i1 @_ssdm_op_BitSelect.i1.i32.i32, i32 %mul_ln74, i32 31" [beamformer.cpp:74->beamformer.cpp:177]   --->   Operation 118 'bitselect' 'tmp' <Predicate = true> <Delay = 0.00>
ST_4 : Operation 119 [1/1] (0.83ns)   --->   "%icmp_ln74 = icmp_ne  i14 %trunc_ln74, i14 0" [beamformer.cpp:74->beamformer.cpp:177]   --->   Operation 119 'icmp' 'icmp_ln74' <Predicate = true> <Delay = 0.83> <CoreInst = "Cmp">   --->   Core 9 'Cmp' <Latency = 0> <II = 1> <Delay = 0.83> <FuncUnit> <Opcode : 'seteq' 'setne' 'setle' 'setge' 'setlt' 'setgt'> <InPorts = 2> <OutPorts = 1>
ST_4 : Operation 120 [1/1] (0.86ns)   --->   "%add_ln74 = add i17 %tmp_6_cast, i17 1" [beamformer.cpp:74->beamformer.cpp:177]   --->   Operation 120 'add' 'add_ln74' <Predicate = true> <Delay = 0.86> <CoreInst = "Adder">   --->   Core 1 'Adder' <Latency = 0> <II = 1> <Delay = 0.86> <FuncUnit> <Opcode : 'add' 'sub'> <InPorts = 2> <OutPorts = 1>
ST_4 : Operation 121 [1/1] (0.00ns) (grouped into LUT with out node ref_tmp_i_i321_i_0)   --->   "%select_ln74 = select i1 %icmp_ln74, i17 %add_ln74, i17 %tmp_6_cast" [beamformer.cpp:74->beamformer.cpp:177]   --->   Operation 121 'select' 'select_ln74' <Predicate = true> <Delay = 0.00> <CoreInst = "Sel">   --->   Core 73 'Sel' <Latency = 0> <II = 1> <Delay = 0.35> <FuncUnit> <Opcode : 'select'> <InPorts = 3> <OutPorts = 1>
ST_4 : Operation 122 [1/1] (0.35ns) (out node of the LUT)   --->   "%ref_tmp_i_i321_i_0 = select i1 %tmp, i17 %select_ln74, i17 %tmp_6_cast" [beamformer.cpp:74->beamformer.cpp:177]   --->   Operation 122 'select' 'ref_tmp_i_i321_i_0' <Predicate = true> <Delay = 0.35> <CoreInst = "Sel">   --->   Core 73 'Sel' <Latency = 0> <II = 1> <Delay = 0.35> <FuncUnit> <Opcode : 'select'> <InPorts = 3> <OutPorts = 1>
ST_4 : Operation 123 [1/1] (0.00ns) (grouped into LUT with out node ref_tmp_i_i214_i_0)   --->   "%tmp_3 = bitselect i1 @_ssdm_op_BitSelect.i1.i32.i32, i32 %mul_ln74_1, i32 31" [beamformer.cpp:74->beamformer.cpp:177]   --->   Operation 123 'bitselect' 'tmp_3' <Predicate = true> <Delay = 0.00>
ST_4 : Operation 124 [1/1] (0.83ns)   --->   "%icmp_ln74_1 = icmp_ne  i14 %trunc_ln74_1, i14 0" [beamformer.cpp:74->beamformer.cpp:177]   --->   Operation 124 'icmp' 'icmp_ln74_1' <Predicate = true> <Delay = 0.83> <CoreInst = "Cmp">   --->   Core 9 'Cmp' <Latency = 0> <II = 1> <Delay = 0.83> <FuncUnit> <Opcode : 'seteq' 'setne' 'setle' 'setge' 'setlt' 'setgt'> <InPorts = 2> <OutPorts = 1>
ST_4 : Operation 125 [1/1] (0.86ns)   --->   "%add_ln74_1 = add i17 %tmp_9_cast, i17 1" [beamformer.cpp:74->beamformer.cpp:177]   --->   Operation 125 'add' 'add_ln74_1' <Predicate = true> <Delay = 0.86> <CoreInst = "Adder">   --->   Core 1 'Adder' <Latency = 0> <II = 1> <Delay = 0.86> <FuncUnit> <Opcode : 'add' 'sub'> <InPorts = 2> <OutPorts = 1>
ST_4 : Operation 126 [1/1] (0.00ns) (grouped into LUT with out node ref_tmp_i_i214_i_0)   --->   "%select_ln74_1 = select i1 %icmp_ln74_1, i17 %add_ln74_1, i17 %tmp_9_cast" [beamformer.cpp:74->beamformer.cpp:177]   --->   Operation 126 'select' 'select_ln74_1' <Predicate = true> <Delay = 0.00> <CoreInst = "Sel">   --->   Core 73 'Sel' <Latency = 0> <II = 1> <Delay = 0.35> <FuncUnit> <Opcode : 'select'> <InPorts = 3> <OutPorts = 1>
ST_4 : Operation 127 [1/1] (0.35ns) (out node of the LUT)   --->   "%ref_tmp_i_i214_i_0 = select i1 %tmp_3, i17 %select_ln74_1, i17 %tmp_9_cast" [beamformer.cpp:74->beamformer.cpp:177]   --->   Operation 127 'select' 'ref_tmp_i_i214_i_0' <Predicate = true> <Delay = 0.35> <CoreInst = "Sel">   --->   Core 73 'Sel' <Latency = 0> <II = 1> <Delay = 0.35> <FuncUnit> <Opcode : 'select'> <InPorts = 3> <OutPorts = 1>
ST_4 : Operation 128 [1/1] (0.00ns) (grouped into LUT with out node sub_ln75)   --->   "%tmp_4 = bitselect i1 @_ssdm_op_BitSelect.i1.i32.i32, i32 %mul_ln75, i32 31" [beamformer.cpp:75->beamformer.cpp:177]   --->   Operation 128 'bitselect' 'tmp_4' <Predicate = true> <Delay = 0.00>
ST_4 : Operation 129 [1/1] (0.83ns)   --->   "%icmp_ln75 = icmp_ne  i14 %trunc_ln75, i14 0" [beamformer.cpp:75->beamformer.cpp:177]   --->   Operation 129 'icmp' 'icmp_ln75' <Predicate = true> <Delay = 0.83> <CoreInst = "Cmp">   --->   Core 9 'Cmp' <Latency = 0> <II = 1> <Delay = 0.83> <FuncUnit> <Opcode : 'seteq' 'setne' 'setle' 'setge' 'setlt' 'setgt'> <InPorts = 2> <OutPorts = 1>
ST_4 : Operation 130 [1/1] (0.86ns)   --->   "%add_ln75 = add i17 %tmp_3_cast, i17 1" [beamformer.cpp:75->beamformer.cpp:177]   --->   Operation 130 'add' 'add_ln75' <Predicate = true> <Delay = 0.86> <CoreInst = "Adder">   --->   Core 1 'Adder' <Latency = 0> <II = 1> <Delay = 0.86> <FuncUnit> <Opcode : 'add' 'sub'> <InPorts = 2> <OutPorts = 1>
ST_4 : Operation 131 [1/1] (0.00ns) (grouped into LUT with out node sub_ln75)   --->   "%select_ln75 = select i1 %icmp_ln75, i17 %add_ln75, i17 %tmp_3_cast" [beamformer.cpp:75->beamformer.cpp:177]   --->   Operation 131 'select' 'select_ln75' <Predicate = true> <Delay = 0.00> <CoreInst = "Sel">   --->   Core 73 'Sel' <Latency = 0> <II = 1> <Delay = 0.35> <FuncUnit> <Opcode : 'select'> <InPorts = 3> <OutPorts = 1>
ST_4 : Operation 132 [1/1] (0.00ns) (grouped into LUT with out node sub_ln75)   --->   "%ref_tmp_i_i84_i_0 = select i1 %tmp_4, i17 %select_ln75, i17 %tmp_3_cast" [beamformer.cpp:75->beamformer.cpp:177]   --->   Operation 132 'select' 'ref_tmp_i_i84_i_0' <Predicate = true> <Delay = 0.00> <CoreInst = "Sel">   --->   Core 73 'Sel' <Latency = 0> <II = 1> <Delay = 0.35> <FuncUnit> <Opcode : 'select'> <InPorts = 3> <OutPorts = 1>
ST_4 : Operation 133 [1/1] (0.00ns) (grouped into LUT with out node ref_tmp_i_i_i_0)   --->   "%tmp_5 = bitselect i1 @_ssdm_op_BitSelect.i1.i32.i32, i32 %mul_ln75_1, i32 31" [beamformer.cpp:75->beamformer.cpp:177]   --->   Operation 133 'bitselect' 'tmp_5' <Predicate = true> <Delay = 0.00>
ST_4 : Operation 134 [1/1] (0.83ns)   --->   "%icmp_ln75_1 = icmp_ne  i14 %trunc_ln75_1, i14 0" [beamformer.cpp:75->beamformer.cpp:177]   --->   Operation 134 'icmp' 'icmp_ln75_1' <Predicate = true> <Delay = 0.83> <CoreInst = "Cmp">   --->   Core 9 'Cmp' <Latency = 0> <II = 1> <Delay = 0.83> <FuncUnit> <Opcode : 'seteq' 'setne' 'setle' 'setge' 'setlt' 'setgt'> <InPorts = 2> <OutPorts = 1>
ST_4 : Operation 135 [1/1] (0.86ns)   --->   "%add_ln75_1 = add i17 %tmp_10_cast, i17 1" [beamformer.cpp:75->beamformer.cpp:177]   --->   Operation 135 'add' 'add_ln75_1' <Predicate = true> <Delay = 0.86> <CoreInst = "Adder">   --->   Core 1 'Adder' <Latency = 0> <II = 1> <Delay = 0.86> <FuncUnit> <Opcode : 'add' 'sub'> <InPorts = 2> <OutPorts = 1>
ST_4 : Operation 136 [1/1] (0.00ns) (grouped into LUT with out node ref_tmp_i_i_i_0)   --->   "%select_ln75_1 = select i1 %icmp_ln75_1, i17 %add_ln75_1, i17 %tmp_10_cast" [beamformer.cpp:75->beamformer.cpp:177]   --->   Operation 136 'select' 'select_ln75_1' <Predicate = true> <Delay = 0.00> <CoreInst = "Sel">   --->   Core 73 'Sel' <Latency = 0> <II = 1> <Delay = 0.35> <FuncUnit> <Opcode : 'select'> <InPorts = 3> <OutPorts = 1>
ST_4 : Operation 137 [1/1] (0.35ns) (out node of the LUT)   --->   "%ref_tmp_i_i_i_0 = select i1 %tmp_5, i17 %select_ln75_1, i17 %tmp_10_cast" [beamformer.cpp:75->beamformer.cpp:177]   --->   Operation 137 'select' 'ref_tmp_i_i_i_0' <Predicate = true> <Delay = 0.35> <CoreInst = "Sel">   --->   Core 73 'Sel' <Latency = 0> <II = 1> <Delay = 0.35> <FuncUnit> <Opcode : 'select'> <InPorts = 3> <OutPorts = 1>
ST_4 : Operation 138 [1/1] (0.00ns) (grouped into LUT with out node add_ln74_5)   --->   "%tmp_6 = bitselect i1 @_ssdm_op_BitSelect.i1.i32.i32, i32 %mul_ln74_2, i32 31" [beamformer.cpp:74->beamformer.cpp:177]   --->   Operation 138 'bitselect' 'tmp_6' <Predicate = true> <Delay = 0.00>
ST_4 : Operation 139 [1/1] (0.83ns)   --->   "%icmp_ln74_2 = icmp_ne  i14 %trunc_ln74_2, i14 0" [beamformer.cpp:74->beamformer.cpp:177]   --->   Operation 139 'icmp' 'icmp_ln74_2' <Predicate = true> <Delay = 0.83> <CoreInst = "Cmp">   --->   Core 9 'Cmp' <Latency = 0> <II = 1> <Delay = 0.83> <FuncUnit> <Opcode : 'seteq' 'setne' 'setle' 'setge' 'setlt' 'setgt'> <InPorts = 2> <OutPorts = 1>
ST_4 : Operation 140 [1/1] (0.86ns)   --->   "%add_ln74_2 = add i17 %tmp_13_cast, i17 1" [beamformer.cpp:74->beamformer.cpp:177]   --->   Operation 140 'add' 'add_ln74_2' <Predicate = true> <Delay = 0.86> <CoreInst = "Adder">   --->   Core 1 'Adder' <Latency = 0> <II = 1> <Delay = 0.86> <FuncUnit> <Opcode : 'add' 'sub'> <InPorts = 2> <OutPorts = 1>
ST_4 : Operation 141 [1/1] (0.00ns) (grouped into LUT with out node add_ln74_5)   --->   "%select_ln74_2 = select i1 %icmp_ln74_2, i17 %add_ln74_2, i17 %tmp_13_cast" [beamformer.cpp:74->beamformer.cpp:177]   --->   Operation 141 'select' 'select_ln74_2' <Predicate = true> <Delay = 0.00> <CoreInst = "Sel">   --->   Core 73 'Sel' <Latency = 0> <II = 1> <Delay = 0.35> <FuncUnit> <Opcode : 'select'> <InPorts = 3> <OutPorts = 1>
ST_4 : Operation 142 [1/1] (0.00ns) (grouped into LUT with out node add_ln74_5)   --->   "%ref_tmp_i_i321_i_0_1558 = select i1 %tmp_6, i17 %select_ln74_2, i17 %tmp_13_cast" [beamformer.cpp:74->beamformer.cpp:177]   --->   Operation 142 'select' 'ref_tmp_i_i321_i_0_1558' <Predicate = true> <Delay = 0.00> <CoreInst = "Sel">   --->   Core 73 'Sel' <Latency = 0> <II = 1> <Delay = 0.35> <FuncUnit> <Opcode : 'select'> <InPorts = 3> <OutPorts = 1>
ST_4 : Operation 143 [1/1] (0.00ns) (grouped into LUT with out node ref_tmp_i_i214_i_0_1579)   --->   "%tmp_7 = bitselect i1 @_ssdm_op_BitSelect.i1.i32.i32, i32 %mul_ln74_3, i32 31" [beamformer.cpp:74->beamformer.cpp:177]   --->   Operation 143 'bitselect' 'tmp_7' <Predicate = true> <Delay = 0.00>
ST_4 : Operation 144 [1/1] (0.83ns)   --->   "%icmp_ln74_3 = icmp_ne  i14 %trunc_ln74_3, i14 0" [beamformer.cpp:74->beamformer.cpp:177]   --->   Operation 144 'icmp' 'icmp_ln74_3' <Predicate = true> <Delay = 0.83> <CoreInst = "Cmp">   --->   Core 9 'Cmp' <Latency = 0> <II = 1> <Delay = 0.83> <FuncUnit> <Opcode : 'seteq' 'setne' 'setle' 'setge' 'setlt' 'setgt'> <InPorts = 2> <OutPorts = 1>
ST_4 : Operation 145 [1/1] (0.86ns)   --->   "%add_ln74_3 = add i17 %tmp_16_cast, i17 1" [beamformer.cpp:74->beamformer.cpp:177]   --->   Operation 145 'add' 'add_ln74_3' <Predicate = true> <Delay = 0.86> <CoreInst = "Adder">   --->   Core 1 'Adder' <Latency = 0> <II = 1> <Delay = 0.86> <FuncUnit> <Opcode : 'add' 'sub'> <InPorts = 2> <OutPorts = 1>
ST_4 : Operation 146 [1/1] (0.00ns) (grouped into LUT with out node ref_tmp_i_i214_i_0_1579)   --->   "%select_ln74_3 = select i1 %icmp_ln74_3, i17 %add_ln74_3, i17 %tmp_16_cast" [beamformer.cpp:74->beamformer.cpp:177]   --->   Operation 146 'select' 'select_ln74_3' <Predicate = true> <Delay = 0.00> <CoreInst = "Sel">   --->   Core 73 'Sel' <Latency = 0> <II = 1> <Delay = 0.35> <FuncUnit> <Opcode : 'select'> <InPorts = 3> <OutPorts = 1>
ST_4 : Operation 147 [1/1] (0.35ns) (out node of the LUT)   --->   "%ref_tmp_i_i214_i_0_1579 = select i1 %tmp_7, i17 %select_ln74_3, i17 %tmp_16_cast" [beamformer.cpp:74->beamformer.cpp:177]   --->   Operation 147 'select' 'ref_tmp_i_i214_i_0_1579' <Predicate = true> <Delay = 0.35> <CoreInst = "Sel">   --->   Core 73 'Sel' <Latency = 0> <II = 1> <Delay = 0.35> <FuncUnit> <Opcode : 'select'> <InPorts = 3> <OutPorts = 1>
ST_4 : Operation 148 [1/1] (0.86ns) (out node of the LUT)   --->   "%add_ln74_5 = add i17 %ref_tmp_i_i321_i_0_1558, i17 %ref_tmp_i_i214_i_0_1579" [beamformer.cpp:74->beamformer.cpp:177]   --->   Operation 148 'add' 'add_ln74_5' <Predicate = true> <Delay = 0.86> <CoreInst = "Adder">   --->   Core 1 'Adder' <Latency = 0> <II = 1> <Delay = 0.86> <FuncUnit> <Opcode : 'add' 'sub'> <InPorts = 2> <OutPorts = 1>
ST_4 : Operation 149 [1/1] (0.00ns) (grouped into LUT with out node ref_tmp_i_i84_i_0_1601)   --->   "%tmp_8 = bitselect i1 @_ssdm_op_BitSelect.i1.i32.i32, i32 %mul_ln75_2, i32 31" [beamformer.cpp:75->beamformer.cpp:177]   --->   Operation 149 'bitselect' 'tmp_8' <Predicate = true> <Delay = 0.00>
ST_4 : Operation 150 [1/1] (0.83ns)   --->   "%icmp_ln75_2 = icmp_ne  i14 %trunc_ln75_2, i14 0" [beamformer.cpp:75->beamformer.cpp:177]   --->   Operation 150 'icmp' 'icmp_ln75_2' <Predicate = true> <Delay = 0.83> <CoreInst = "Cmp">   --->   Core 9 'Cmp' <Latency = 0> <II = 1> <Delay = 0.83> <FuncUnit> <Opcode : 'seteq' 'setne' 'setle' 'setge' 'setlt' 'setgt'> <InPorts = 2> <OutPorts = 1>
ST_4 : Operation 151 [1/1] (0.86ns)   --->   "%add_ln75_2 = add i17 %tmp_19_cast, i17 1" [beamformer.cpp:75->beamformer.cpp:177]   --->   Operation 151 'add' 'add_ln75_2' <Predicate = true> <Delay = 0.86> <CoreInst = "Adder">   --->   Core 1 'Adder' <Latency = 0> <II = 1> <Delay = 0.86> <FuncUnit> <Opcode : 'add' 'sub'> <InPorts = 2> <OutPorts = 1>
ST_4 : Operation 152 [1/1] (0.00ns) (grouped into LUT with out node ref_tmp_i_i84_i_0_1601)   --->   "%select_ln75_2 = select i1 %icmp_ln75_2, i17 %add_ln75_2, i17 %tmp_19_cast" [beamformer.cpp:75->beamformer.cpp:177]   --->   Operation 152 'select' 'select_ln75_2' <Predicate = true> <Delay = 0.00> <CoreInst = "Sel">   --->   Core 73 'Sel' <Latency = 0> <II = 1> <Delay = 0.35> <FuncUnit> <Opcode : 'select'> <InPorts = 3> <OutPorts = 1>
ST_4 : Operation 153 [1/1] (0.35ns) (out node of the LUT)   --->   "%ref_tmp_i_i84_i_0_1601 = select i1 %tmp_8, i17 %select_ln75_2, i17 %tmp_19_cast" [beamformer.cpp:75->beamformer.cpp:177]   --->   Operation 153 'select' 'ref_tmp_i_i84_i_0_1601' <Predicate = true> <Delay = 0.35> <CoreInst = "Sel">   --->   Core 73 'Sel' <Latency = 0> <II = 1> <Delay = 0.35> <FuncUnit> <Opcode : 'select'> <InPorts = 3> <OutPorts = 1>
ST_4 : Operation 154 [1/1] (0.00ns) (grouped into LUT with out node ref_tmp_i_i_i_0_1622)   --->   "%tmp_9 = bitselect i1 @_ssdm_op_BitSelect.i1.i32.i32, i32 %mul_ln75_3, i32 31" [beamformer.cpp:75->beamformer.cpp:177]   --->   Operation 154 'bitselect' 'tmp_9' <Predicate = true> <Delay = 0.00>
ST_4 : Operation 155 [1/1] (0.83ns)   --->   "%icmp_ln75_3 = icmp_ne  i14 %trunc_ln75_3, i14 0" [beamformer.cpp:75->beamformer.cpp:177]   --->   Operation 155 'icmp' 'icmp_ln75_3' <Predicate = true> <Delay = 0.83> <CoreInst = "Cmp">   --->   Core 9 'Cmp' <Latency = 0> <II = 1> <Delay = 0.83> <FuncUnit> <Opcode : 'seteq' 'setne' 'setle' 'setge' 'setlt' 'setgt'> <InPorts = 2> <OutPorts = 1>
ST_4 : Operation 156 [1/1] (0.86ns)   --->   "%add_ln75_3 = add i17 %tmp_22_cast, i17 1" [beamformer.cpp:75->beamformer.cpp:177]   --->   Operation 156 'add' 'add_ln75_3' <Predicate = true> <Delay = 0.86> <CoreInst = "Adder">   --->   Core 1 'Adder' <Latency = 0> <II = 1> <Delay = 0.86> <FuncUnit> <Opcode : 'add' 'sub'> <InPorts = 2> <OutPorts = 1>
ST_4 : Operation 157 [1/1] (0.00ns) (grouped into LUT with out node ref_tmp_i_i_i_0_1622)   --->   "%select_ln75_3 = select i1 %icmp_ln75_3, i17 %add_ln75_3, i17 %tmp_22_cast" [beamformer.cpp:75->beamformer.cpp:177]   --->   Operation 157 'select' 'select_ln75_3' <Predicate = true> <Delay = 0.00> <CoreInst = "Sel">   --->   Core 73 'Sel' <Latency = 0> <II = 1> <Delay = 0.35> <FuncUnit> <Opcode : 'select'> <InPorts = 3> <OutPorts = 1>
ST_4 : Operation 158 [1/1] (0.35ns) (out node of the LUT)   --->   "%ref_tmp_i_i_i_0_1622 = select i1 %tmp_9, i17 %select_ln75_3, i17 %tmp_22_cast" [beamformer.cpp:75->beamformer.cpp:177]   --->   Operation 158 'select' 'ref_tmp_i_i_i_0_1622' <Predicate = true> <Delay = 0.35> <CoreInst = "Sel">   --->   Core 73 'Sel' <Latency = 0> <II = 1> <Delay = 0.35> <FuncUnit> <Opcode : 'select'> <InPorts = 3> <OutPorts = 1>
ST_4 : Operation 159 [1/1] (0.86ns) (out node of the LUT)   --->   "%sub_ln75 = sub i17 %ref_tmp_i_i84_i_0, i17 %ref_tmp_i_i_i_0" [beamformer.cpp:75->beamformer.cpp:177]   --->   Operation 159 'sub' 'sub_ln75' <Predicate = true> <Delay = 0.86> <CoreInst = "Adder">   --->   Core 1 'Adder' <Latency = 0> <II = 1> <Delay = 0.86> <FuncUnit> <Opcode : 'add' 'sub'> <InPorts = 2> <OutPorts = 1>
ST_4 : Operation 160 [1/1] (0.00ns) (grouped into LUT with out node ref_tmp_i_i321_i_0_1)   --->   "%tmp_10 = bitselect i1 @_ssdm_op_BitSelect.i1.i32.i32, i32 %mul_ln74_4, i32 31" [beamformer.cpp:74->beamformer.cpp:177]   --->   Operation 160 'bitselect' 'tmp_10' <Predicate = true> <Delay = 0.00>
ST_4 : Operation 161 [1/1] (0.83ns)   --->   "%icmp_ln74_4 = icmp_ne  i14 %trunc_ln74_4, i14 0" [beamformer.cpp:74->beamformer.cpp:177]   --->   Operation 161 'icmp' 'icmp_ln74_4' <Predicate = true> <Delay = 0.83> <CoreInst = "Cmp">   --->   Core 9 'Cmp' <Latency = 0> <II = 1> <Delay = 0.83> <FuncUnit> <Opcode : 'seteq' 'setne' 'setle' 'setge' 'setlt' 'setgt'> <InPorts = 2> <OutPorts = 1>
ST_4 : Operation 162 [1/1] (0.86ns)   --->   "%add_ln74_7 = add i17 %tmp_25_cast, i17 1" [beamformer.cpp:74->beamformer.cpp:177]   --->   Operation 162 'add' 'add_ln74_7' <Predicate = true> <Delay = 0.86> <CoreInst = "Adder">   --->   Core 1 'Adder' <Latency = 0> <II = 1> <Delay = 0.86> <FuncUnit> <Opcode : 'add' 'sub'> <InPorts = 2> <OutPorts = 1>
ST_4 : Operation 163 [1/1] (0.00ns) (grouped into LUT with out node ref_tmp_i_i321_i_0_1)   --->   "%select_ln74_4 = select i1 %icmp_ln74_4, i17 %add_ln74_7, i17 %tmp_25_cast" [beamformer.cpp:74->beamformer.cpp:177]   --->   Operation 163 'select' 'select_ln74_4' <Predicate = true> <Delay = 0.00> <CoreInst = "Sel">   --->   Core 73 'Sel' <Latency = 0> <II = 1> <Delay = 0.35> <FuncUnit> <Opcode : 'select'> <InPorts = 3> <OutPorts = 1>
ST_4 : Operation 164 [1/1] (0.35ns) (out node of the LUT)   --->   "%ref_tmp_i_i321_i_0_1 = select i1 %tmp_10, i17 %select_ln74_4, i17 %tmp_25_cast" [beamformer.cpp:74->beamformer.cpp:177]   --->   Operation 164 'select' 'ref_tmp_i_i321_i_0_1' <Predicate = true> <Delay = 0.35> <CoreInst = "Sel">   --->   Core 73 'Sel' <Latency = 0> <II = 1> <Delay = 0.35> <FuncUnit> <Opcode : 'select'> <InPorts = 3> <OutPorts = 1>
ST_4 : Operation 165 [1/1] (0.00ns) (grouped into LUT with out node ref_tmp_i_i214_i_0_1)   --->   "%tmp_11 = bitselect i1 @_ssdm_op_BitSelect.i1.i32.i32, i32 %mul_ln74_5, i32 31" [beamformer.cpp:74->beamformer.cpp:177]   --->   Operation 165 'bitselect' 'tmp_11' <Predicate = true> <Delay = 0.00>
ST_4 : Operation 166 [1/1] (0.83ns)   --->   "%icmp_ln74_5 = icmp_ne  i14 %trunc_ln74_5, i14 0" [beamformer.cpp:74->beamformer.cpp:177]   --->   Operation 166 'icmp' 'icmp_ln74_5' <Predicate = true> <Delay = 0.83> <CoreInst = "Cmp">   --->   Core 9 'Cmp' <Latency = 0> <II = 1> <Delay = 0.83> <FuncUnit> <Opcode : 'seteq' 'setne' 'setle' 'setge' 'setlt' 'setgt'> <InPorts = 2> <OutPorts = 1>
ST_4 : Operation 167 [1/1] (0.86ns)   --->   "%add_ln74_8 = add i17 %tmp_28_cast, i17 1" [beamformer.cpp:74->beamformer.cpp:177]   --->   Operation 167 'add' 'add_ln74_8' <Predicate = true> <Delay = 0.86> <CoreInst = "Adder">   --->   Core 1 'Adder' <Latency = 0> <II = 1> <Delay = 0.86> <FuncUnit> <Opcode : 'add' 'sub'> <InPorts = 2> <OutPorts = 1>
ST_4 : Operation 168 [1/1] (0.00ns) (grouped into LUT with out node ref_tmp_i_i214_i_0_1)   --->   "%select_ln74_5 = select i1 %icmp_ln74_5, i17 %add_ln74_8, i17 %tmp_28_cast" [beamformer.cpp:74->beamformer.cpp:177]   --->   Operation 168 'select' 'select_ln74_5' <Predicate = true> <Delay = 0.00> <CoreInst = "Sel">   --->   Core 73 'Sel' <Latency = 0> <II = 1> <Delay = 0.35> <FuncUnit> <Opcode : 'select'> <InPorts = 3> <OutPorts = 1>
ST_4 : Operation 169 [1/1] (0.35ns) (out node of the LUT)   --->   "%ref_tmp_i_i214_i_0_1 = select i1 %tmp_11, i17 %select_ln74_5, i17 %tmp_28_cast" [beamformer.cpp:74->beamformer.cpp:177]   --->   Operation 169 'select' 'ref_tmp_i_i214_i_0_1' <Predicate = true> <Delay = 0.35> <CoreInst = "Sel">   --->   Core 73 'Sel' <Latency = 0> <II = 1> <Delay = 0.35> <FuncUnit> <Opcode : 'select'> <InPorts = 3> <OutPorts = 1>
ST_4 : Operation 170 [1/1] (0.00ns) (grouped into LUT with out node sub_ln75_2)   --->   "%tmp_12 = bitselect i1 @_ssdm_op_BitSelect.i1.i32.i32, i32 %mul_ln75_4, i32 31" [beamformer.cpp:75->beamformer.cpp:177]   --->   Operation 170 'bitselect' 'tmp_12' <Predicate = true> <Delay = 0.00>
ST_4 : Operation 171 [1/1] (0.83ns)   --->   "%icmp_ln75_4 = icmp_ne  i14 %trunc_ln75_4, i14 0" [beamformer.cpp:75->beamformer.cpp:177]   --->   Operation 171 'icmp' 'icmp_ln75_4' <Predicate = true> <Delay = 0.83> <CoreInst = "Cmp">   --->   Core 9 'Cmp' <Latency = 0> <II = 1> <Delay = 0.83> <FuncUnit> <Opcode : 'seteq' 'setne' 'setle' 'setge' 'setlt' 'setgt'> <InPorts = 2> <OutPorts = 1>
ST_4 : Operation 172 [1/1] (0.86ns)   --->   "%add_ln75_5 = add i17 %tmp_31_cast, i17 1" [beamformer.cpp:75->beamformer.cpp:177]   --->   Operation 172 'add' 'add_ln75_5' <Predicate = true> <Delay = 0.86> <CoreInst = "Adder">   --->   Core 1 'Adder' <Latency = 0> <II = 1> <Delay = 0.86> <FuncUnit> <Opcode : 'add' 'sub'> <InPorts = 2> <OutPorts = 1>
ST_4 : Operation 173 [1/1] (0.00ns) (grouped into LUT with out node sub_ln75_2)   --->   "%select_ln75_4 = select i1 %icmp_ln75_4, i17 %add_ln75_5, i17 %tmp_31_cast" [beamformer.cpp:75->beamformer.cpp:177]   --->   Operation 173 'select' 'select_ln75_4' <Predicate = true> <Delay = 0.00> <CoreInst = "Sel">   --->   Core 73 'Sel' <Latency = 0> <II = 1> <Delay = 0.35> <FuncUnit> <Opcode : 'select'> <InPorts = 3> <OutPorts = 1>
ST_4 : Operation 174 [1/1] (0.00ns) (grouped into LUT with out node sub_ln75_2)   --->   "%ref_tmp_i_i84_i_0_1 = select i1 %tmp_12, i17 %select_ln75_4, i17 %tmp_31_cast" [beamformer.cpp:75->beamformer.cpp:177]   --->   Operation 174 'select' 'ref_tmp_i_i84_i_0_1' <Predicate = true> <Delay = 0.00> <CoreInst = "Sel">   --->   Core 73 'Sel' <Latency = 0> <II = 1> <Delay = 0.35> <FuncUnit> <Opcode : 'select'> <InPorts = 3> <OutPorts = 1>
ST_4 : Operation 175 [1/1] (0.00ns) (grouped into LUT with out node ref_tmp_i_i_i_0_1)   --->   "%tmp_13 = bitselect i1 @_ssdm_op_BitSelect.i1.i32.i32, i32 %mul_ln75_5, i32 31" [beamformer.cpp:75->beamformer.cpp:177]   --->   Operation 175 'bitselect' 'tmp_13' <Predicate = true> <Delay = 0.00>
ST_4 : Operation 176 [1/1] (0.83ns)   --->   "%icmp_ln75_5 = icmp_ne  i14 %trunc_ln75_5, i14 0" [beamformer.cpp:75->beamformer.cpp:177]   --->   Operation 176 'icmp' 'icmp_ln75_5' <Predicate = true> <Delay = 0.83> <CoreInst = "Cmp">   --->   Core 9 'Cmp' <Latency = 0> <II = 1> <Delay = 0.83> <FuncUnit> <Opcode : 'seteq' 'setne' 'setle' 'setge' 'setlt' 'setgt'> <InPorts = 2> <OutPorts = 1>
ST_4 : Operation 177 [1/1] (0.86ns)   --->   "%add_ln75_6 = add i17 %tmp_34_cast, i17 1" [beamformer.cpp:75->beamformer.cpp:177]   --->   Operation 177 'add' 'add_ln75_6' <Predicate = true> <Delay = 0.86> <CoreInst = "Adder">   --->   Core 1 'Adder' <Latency = 0> <II = 1> <Delay = 0.86> <FuncUnit> <Opcode : 'add' 'sub'> <InPorts = 2> <OutPorts = 1>
ST_4 : Operation 178 [1/1] (0.00ns) (grouped into LUT with out node ref_tmp_i_i_i_0_1)   --->   "%select_ln75_5 = select i1 %icmp_ln75_5, i17 %add_ln75_6, i17 %tmp_34_cast" [beamformer.cpp:75->beamformer.cpp:177]   --->   Operation 178 'select' 'select_ln75_5' <Predicate = true> <Delay = 0.00> <CoreInst = "Sel">   --->   Core 73 'Sel' <Latency = 0> <II = 1> <Delay = 0.35> <FuncUnit> <Opcode : 'select'> <InPorts = 3> <OutPorts = 1>
ST_4 : Operation 179 [1/1] (0.35ns) (out node of the LUT)   --->   "%ref_tmp_i_i_i_0_1 = select i1 %tmp_13, i17 %select_ln75_5, i17 %tmp_34_cast" [beamformer.cpp:75->beamformer.cpp:177]   --->   Operation 179 'select' 'ref_tmp_i_i_i_0_1' <Predicate = true> <Delay = 0.35> <CoreInst = "Sel">   --->   Core 73 'Sel' <Latency = 0> <II = 1> <Delay = 0.35> <FuncUnit> <Opcode : 'select'> <InPorts = 3> <OutPorts = 1>
ST_4 : Operation 180 [1/1] (0.00ns) (grouped into LUT with out node add_ln74_12)   --->   "%tmp_14 = bitselect i1 @_ssdm_op_BitSelect.i1.i32.i32, i32 %mul_ln74_6, i32 31" [beamformer.cpp:74->beamformer.cpp:177]   --->   Operation 180 'bitselect' 'tmp_14' <Predicate = true> <Delay = 0.00>
ST_4 : Operation 181 [1/1] (0.83ns)   --->   "%icmp_ln74_6 = icmp_ne  i14 %trunc_ln74_6, i14 0" [beamformer.cpp:74->beamformer.cpp:177]   --->   Operation 181 'icmp' 'icmp_ln74_6' <Predicate = true> <Delay = 0.83> <CoreInst = "Cmp">   --->   Core 9 'Cmp' <Latency = 0> <II = 1> <Delay = 0.83> <FuncUnit> <Opcode : 'seteq' 'setne' 'setle' 'setge' 'setlt' 'setgt'> <InPorts = 2> <OutPorts = 1>
ST_4 : Operation 182 [1/1] (0.86ns)   --->   "%add_ln74_9 = add i17 %tmp_37_cast, i17 1" [beamformer.cpp:74->beamformer.cpp:177]   --->   Operation 182 'add' 'add_ln74_9' <Predicate = true> <Delay = 0.86> <CoreInst = "Adder">   --->   Core 1 'Adder' <Latency = 0> <II = 1> <Delay = 0.86> <FuncUnit> <Opcode : 'add' 'sub'> <InPorts = 2> <OutPorts = 1>
ST_4 : Operation 183 [1/1] (0.00ns) (grouped into LUT with out node add_ln74_12)   --->   "%select_ln74_6 = select i1 %icmp_ln74_6, i17 %add_ln74_9, i17 %tmp_37_cast" [beamformer.cpp:74->beamformer.cpp:177]   --->   Operation 183 'select' 'select_ln74_6' <Predicate = true> <Delay = 0.00> <CoreInst = "Sel">   --->   Core 73 'Sel' <Latency = 0> <II = 1> <Delay = 0.35> <FuncUnit> <Opcode : 'select'> <InPorts = 3> <OutPorts = 1>
ST_4 : Operation 184 [1/1] (0.00ns) (grouped into LUT with out node add_ln74_12)   --->   "%ref_tmp_i_i321_i_0_1_1 = select i1 %tmp_14, i17 %select_ln74_6, i17 %tmp_37_cast" [beamformer.cpp:74->beamformer.cpp:177]   --->   Operation 184 'select' 'ref_tmp_i_i321_i_0_1_1' <Predicate = true> <Delay = 0.00> <CoreInst = "Sel">   --->   Core 73 'Sel' <Latency = 0> <II = 1> <Delay = 0.35> <FuncUnit> <Opcode : 'select'> <InPorts = 3> <OutPorts = 1>
ST_4 : Operation 185 [1/1] (0.00ns) (grouped into LUT with out node ref_tmp_i_i214_i_0_1_1)   --->   "%tmp_15 = bitselect i1 @_ssdm_op_BitSelect.i1.i32.i32, i32 %mul_ln74_7, i32 31" [beamformer.cpp:74->beamformer.cpp:177]   --->   Operation 185 'bitselect' 'tmp_15' <Predicate = true> <Delay = 0.00>
ST_4 : Operation 186 [1/1] (0.83ns)   --->   "%icmp_ln74_7 = icmp_ne  i14 %trunc_ln74_7, i14 0" [beamformer.cpp:74->beamformer.cpp:177]   --->   Operation 186 'icmp' 'icmp_ln74_7' <Predicate = true> <Delay = 0.83> <CoreInst = "Cmp">   --->   Core 9 'Cmp' <Latency = 0> <II = 1> <Delay = 0.83> <FuncUnit> <Opcode : 'seteq' 'setne' 'setle' 'setge' 'setlt' 'setgt'> <InPorts = 2> <OutPorts = 1>
ST_4 : Operation 187 [1/1] (0.86ns)   --->   "%add_ln74_10 = add i17 %tmp_40_cast, i17 1" [beamformer.cpp:74->beamformer.cpp:177]   --->   Operation 187 'add' 'add_ln74_10' <Predicate = true> <Delay = 0.86> <CoreInst = "Adder">   --->   Core 1 'Adder' <Latency = 0> <II = 1> <Delay = 0.86> <FuncUnit> <Opcode : 'add' 'sub'> <InPorts = 2> <OutPorts = 1>
ST_4 : Operation 188 [1/1] (0.00ns) (grouped into LUT with out node ref_tmp_i_i214_i_0_1_1)   --->   "%select_ln74_7 = select i1 %icmp_ln74_7, i17 %add_ln74_10, i17 %tmp_40_cast" [beamformer.cpp:74->beamformer.cpp:177]   --->   Operation 188 'select' 'select_ln74_7' <Predicate = true> <Delay = 0.00> <CoreInst = "Sel">   --->   Core 73 'Sel' <Latency = 0> <II = 1> <Delay = 0.35> <FuncUnit> <Opcode : 'select'> <InPorts = 3> <OutPorts = 1>
ST_4 : Operation 189 [1/1] (0.35ns) (out node of the LUT)   --->   "%ref_tmp_i_i214_i_0_1_1 = select i1 %tmp_15, i17 %select_ln74_7, i17 %tmp_40_cast" [beamformer.cpp:74->beamformer.cpp:177]   --->   Operation 189 'select' 'ref_tmp_i_i214_i_0_1_1' <Predicate = true> <Delay = 0.35> <CoreInst = "Sel">   --->   Core 73 'Sel' <Latency = 0> <II = 1> <Delay = 0.35> <FuncUnit> <Opcode : 'select'> <InPorts = 3> <OutPorts = 1>
ST_4 : Operation 190 [1/1] (0.86ns) (out node of the LUT)   --->   "%add_ln74_12 = add i17 %ref_tmp_i_i321_i_0_1_1, i17 %ref_tmp_i_i214_i_0_1_1" [beamformer.cpp:74->beamformer.cpp:177]   --->   Operation 190 'add' 'add_ln74_12' <Predicate = true> <Delay = 0.86> <CoreInst = "Adder">   --->   Core 1 'Adder' <Latency = 0> <II = 1> <Delay = 0.86> <FuncUnit> <Opcode : 'add' 'sub'> <InPorts = 2> <OutPorts = 1>
ST_4 : Operation 191 [1/1] (0.00ns) (grouped into LUT with out node ref_tmp_i_i84_i_0_1_1)   --->   "%tmp_16 = bitselect i1 @_ssdm_op_BitSelect.i1.i32.i32, i32 %mul_ln75_6, i32 31" [beamformer.cpp:75->beamformer.cpp:177]   --->   Operation 191 'bitselect' 'tmp_16' <Predicate = true> <Delay = 0.00>
ST_4 : Operation 192 [1/1] (0.83ns)   --->   "%icmp_ln75_6 = icmp_ne  i14 %trunc_ln75_6, i14 0" [beamformer.cpp:75->beamformer.cpp:177]   --->   Operation 192 'icmp' 'icmp_ln75_6' <Predicate = true> <Delay = 0.83> <CoreInst = "Cmp">   --->   Core 9 'Cmp' <Latency = 0> <II = 1> <Delay = 0.83> <FuncUnit> <Opcode : 'seteq' 'setne' 'setle' 'setge' 'setlt' 'setgt'> <InPorts = 2> <OutPorts = 1>
ST_4 : Operation 193 [1/1] (0.86ns)   --->   "%add_ln75_7 = add i17 %tmp_43_cast, i17 1" [beamformer.cpp:75->beamformer.cpp:177]   --->   Operation 193 'add' 'add_ln75_7' <Predicate = true> <Delay = 0.86> <CoreInst = "Adder">   --->   Core 1 'Adder' <Latency = 0> <II = 1> <Delay = 0.86> <FuncUnit> <Opcode : 'add' 'sub'> <InPorts = 2> <OutPorts = 1>
ST_4 : Operation 194 [1/1] (0.00ns) (grouped into LUT with out node ref_tmp_i_i84_i_0_1_1)   --->   "%select_ln75_6 = select i1 %icmp_ln75_6, i17 %add_ln75_7, i17 %tmp_43_cast" [beamformer.cpp:75->beamformer.cpp:177]   --->   Operation 194 'select' 'select_ln75_6' <Predicate = true> <Delay = 0.00> <CoreInst = "Sel">   --->   Core 73 'Sel' <Latency = 0> <II = 1> <Delay = 0.35> <FuncUnit> <Opcode : 'select'> <InPorts = 3> <OutPorts = 1>
ST_4 : Operation 195 [1/1] (0.35ns) (out node of the LUT)   --->   "%ref_tmp_i_i84_i_0_1_1 = select i1 %tmp_16, i17 %select_ln75_6, i17 %tmp_43_cast" [beamformer.cpp:75->beamformer.cpp:177]   --->   Operation 195 'select' 'ref_tmp_i_i84_i_0_1_1' <Predicate = true> <Delay = 0.35> <CoreInst = "Sel">   --->   Core 73 'Sel' <Latency = 0> <II = 1> <Delay = 0.35> <FuncUnit> <Opcode : 'select'> <InPorts = 3> <OutPorts = 1>
ST_4 : Operation 196 [1/1] (0.00ns) (grouped into LUT with out node ref_tmp_i_i_i_0_1_1)   --->   "%tmp_17 = bitselect i1 @_ssdm_op_BitSelect.i1.i32.i32, i32 %mul_ln75_7, i32 31" [beamformer.cpp:75->beamformer.cpp:177]   --->   Operation 196 'bitselect' 'tmp_17' <Predicate = true> <Delay = 0.00>
ST_4 : Operation 197 [1/1] (0.83ns)   --->   "%icmp_ln75_7 = icmp_ne  i14 %trunc_ln75_7, i14 0" [beamformer.cpp:75->beamformer.cpp:177]   --->   Operation 197 'icmp' 'icmp_ln75_7' <Predicate = true> <Delay = 0.83> <CoreInst = "Cmp">   --->   Core 9 'Cmp' <Latency = 0> <II = 1> <Delay = 0.83> <FuncUnit> <Opcode : 'seteq' 'setne' 'setle' 'setge' 'setlt' 'setgt'> <InPorts = 2> <OutPorts = 1>
ST_4 : Operation 198 [1/1] (0.86ns)   --->   "%add_ln75_8 = add i17 %tmp_46_cast, i17 1" [beamformer.cpp:75->beamformer.cpp:177]   --->   Operation 198 'add' 'add_ln75_8' <Predicate = true> <Delay = 0.86> <CoreInst = "Adder">   --->   Core 1 'Adder' <Latency = 0> <II = 1> <Delay = 0.86> <FuncUnit> <Opcode : 'add' 'sub'> <InPorts = 2> <OutPorts = 1>
ST_4 : Operation 199 [1/1] (0.00ns) (grouped into LUT with out node ref_tmp_i_i_i_0_1_1)   --->   "%select_ln75_7 = select i1 %icmp_ln75_7, i17 %add_ln75_8, i17 %tmp_46_cast" [beamformer.cpp:75->beamformer.cpp:177]   --->   Operation 199 'select' 'select_ln75_7' <Predicate = true> <Delay = 0.00> <CoreInst = "Sel">   --->   Core 73 'Sel' <Latency = 0> <II = 1> <Delay = 0.35> <FuncUnit> <Opcode : 'select'> <InPorts = 3> <OutPorts = 1>
ST_4 : Operation 200 [1/1] (0.35ns) (out node of the LUT)   --->   "%ref_tmp_i_i_i_0_1_1 = select i1 %tmp_17, i17 %select_ln75_7, i17 %tmp_46_cast" [beamformer.cpp:75->beamformer.cpp:177]   --->   Operation 200 'select' 'ref_tmp_i_i_i_0_1_1' <Predicate = true> <Delay = 0.35> <CoreInst = "Sel">   --->   Core 73 'Sel' <Latency = 0> <II = 1> <Delay = 0.35> <FuncUnit> <Opcode : 'select'> <InPorts = 3> <OutPorts = 1>
ST_4 : Operation 201 [1/1] (0.86ns) (out node of the LUT)   --->   "%sub_ln75_2 = sub i17 %ref_tmp_i_i84_i_0_1, i17 %ref_tmp_i_i_i_0_1" [beamformer.cpp:75->beamformer.cpp:177]   --->   Operation 201 'sub' 'sub_ln75_2' <Predicate = true> <Delay = 0.86> <CoreInst = "Adder">   --->   Core 1 'Adder' <Latency = 0> <II = 1> <Delay = 0.86> <FuncUnit> <Opcode : 'add' 'sub'> <InPorts = 2> <OutPorts = 1>
ST_4 : Operation 222 [1/1] (0.42ns)   --->   "%ret_ln0 = ret"   --->   Operation 222 'ret' 'ret_ln0' <Predicate = (icmp_ln137)> <Delay = 0.42>

State 5 <SV = 4> <Delay = 1.18>
ST_5 : Operation 202 [1/1] (0.00ns)   --->   "%specpipeline_ln139 = specpipeline void @_ssdm_op_SpecPipeline, i32 1, i32 0, i32 0, i32 0, void @empty_1" [beamformer.cpp:139]   --->   Operation 202 'specpipeline' 'specpipeline_ln139' <Predicate = true> <Delay = 0.00>
ST_5 : Operation 203 [1/1] (0.00ns)   --->   "%speclooptripcount_ln137 = speclooptripcount void @_ssdm_op_SpecLoopTripCount, i64 1024, i64 1024, i64 1024" [beamformer.cpp:137]   --->   Operation 203 'speclooptripcount' 'speclooptripcount_ln137' <Predicate = true> <Delay = 0.00>
ST_5 : Operation 204 [1/1] (0.00ns)   --->   "%specloopname_ln137 = specloopname void @_ssdm_op_SpecLoopName, void @empty_9" [beamformer.cpp:137]   --->   Operation 204 'specloopname' 'specloopname_ln137' <Predicate = true> <Delay = 0.00>
ST_5 : Operation 205 [1/1] (0.00ns) (grouped into TernaryAdder)   --->   "%add_ln74_4 = add i17 %ref_tmp_i_i214_i_0, i17 %ref_tmp_i_i321_i_0" [beamformer.cpp:74->beamformer.cpp:177]   --->   Operation 205 'add' 'add_ln74_4' <Predicate = true> <Delay = 0.00> <CoreInst = "TAddSub">   --->   Core 10 'TAddSub' <Latency = 0> <II = 1> <Delay = 0.34> <IPBlock> <Opcode : '' 'add' 'sub'> <InPorts = 3> <OutPorts = 1> <Sync> <CReg>
ST_5 : Operation 206 [1/1] (0.68ns) (root node of TernaryAdder)   --->   "%acc_re = add i17 %add_ln74_5, i17 %add_ln74_4" [beamformer.cpp:74->beamformer.cpp:177]   --->   Operation 206 'add' 'acc_re' <Predicate = true> <Delay = 0.68> <CoreInst = "TAddSub">   --->   Core 10 'TAddSub' <Latency = 0> <II = 1> <Delay = 0.34> <IPBlock> <Opcode : '' 'add' 'sub'> <InPorts = 3> <OutPorts = 1> <Sync> <CReg>
ST_5 : Operation 207 [1/1] (0.00ns) (grouped into TernaryAdder)   --->   "%acc_im_4 = add i17 %sub_ln75, i17 %ref_tmp_i_i84_i_0_1601" [beamformer.cpp:75->beamformer.cpp:177]   --->   Operation 207 'add' 'acc_im_4' <Predicate = true> <Delay = 0.00> <CoreInst = "TAddSub">   --->   Core 10 'TAddSub' <Latency = 0> <II = 1> <Delay = 0.34> <IPBlock> <Opcode : '' 'add' 'sub'> <InPorts = 3> <OutPorts = 1> <Sync> <CReg>
ST_5 : Operation 208 [1/1] (0.68ns) (root node of TernaryAdder)   --->   "%acc_im = sub i17 %acc_im_4, i17 %ref_tmp_i_i_i_0_1622" [beamformer.cpp:75->beamformer.cpp:177]   --->   Operation 208 'sub' 'acc_im' <Predicate = true> <Delay = 0.68> <CoreInst = "TAddSub">   --->   Core 10 'TAddSub' <Latency = 0> <II = 1> <Delay = 0.34> <IPBlock> <Opcode : '' 'add' 'sub'> <InPorts = 3> <OutPorts = 1> <Sync> <CReg>
ST_5 : Operation 209 [1/1] (0.00ns)   --->   "%out_re = partselect i16 @_ssdm_op_PartSelect.i16.i17.i32.i32, i17 %acc_re, i32 1, i32 16" [beamformer.cpp:183]   --->   Operation 209 'partselect' 'out_re' <Predicate = true> <Delay = 0.00>
ST_5 : Operation 210 [1/1] (0.00ns)   --->   "%out_im = partselect i16 @_ssdm_op_PartSelect.i16.i17.i32.i32, i17 %acc_im, i32 1, i32 16" [beamformer.cpp:184]   --->   Operation 210 'partselect' 'out_im' <Predicate = true> <Delay = 0.00>
ST_5 : Operation 211 [1/1] (0.00ns)   --->   "%s_out_data = bitconcatenate i32 @_ssdm_op_BitConcatenate.i32.i16.i16, i16 %out_im, i16 %out_re" [beamformer.cpp:188]   --->   Operation 211 'bitconcatenate' 's_out_data' <Predicate = true> <Delay = 0.00>
ST_5 : Operation 212 [1/1] (0.49ns)   --->   "%write_ln198 = write void @_ssdm_op_Write.axis.volatile.i32P0A.i4P0A.i4P0A.i1P0A, i32 %out_stream_0_V_data_V, i4 %out_stream_0_V_keep_V, i4 %out_stream_0_V_strb_V, i1 %out_stream_0_V_last_V, i32 %s_out_data, i4 15, i4 0, i1 %s_last" [beamformer.cpp:198]   --->   Operation 212 'write' 'write_ln198' <Predicate = true> <Delay = 0.49> <CoreInst = "regslice">   --->   Core 148 'regslice' <Latency = 0> <II = 1> <Delay = 0.65> <Adapter> <Opcode : 'read' 'write'>
ST_5 : Operation 213 [1/1] (0.00ns) (grouped into TernaryAdder)   --->   "%add_ln74_11 = add i17 %ref_tmp_i_i214_i_0_1, i17 %ref_tmp_i_i321_i_0_1" [beamformer.cpp:74->beamformer.cpp:177]   --->   Operation 213 'add' 'add_ln74_11' <Predicate = true> <Delay = 0.00> <CoreInst = "TAddSub">   --->   Core 10 'TAddSub' <Latency = 0> <II = 1> <Delay = 0.34> <IPBlock> <Opcode : '' 'add' 'sub'> <InPorts = 3> <OutPorts = 1> <Sync> <CReg>
ST_5 : Operation 214 [1/1] (0.68ns) (root node of TernaryAdder)   --->   "%acc_re_1 = add i17 %add_ln74_12, i17 %add_ln74_11" [beamformer.cpp:74->beamformer.cpp:177]   --->   Operation 214 'add' 'acc_re_1' <Predicate = true> <Delay = 0.68> <CoreInst = "TAddSub">   --->   Core 10 'TAddSub' <Latency = 0> <II = 1> <Delay = 0.34> <IPBlock> <Opcode : '' 'add' 'sub'> <InPorts = 3> <OutPorts = 1> <Sync> <CReg>
ST_5 : Operation 215 [1/1] (0.00ns) (grouped into TernaryAdder)   --->   "%acc_im_5 = add i17 %sub_ln75_2, i17 %ref_tmp_i_i84_i_0_1_1" [beamformer.cpp:75->beamformer.cpp:177]   --->   Operation 215 'add' 'acc_im_5' <Predicate = true> <Delay = 0.00> <CoreInst = "TAddSub">   --->   Core 10 'TAddSub' <Latency = 0> <II = 1> <Delay = 0.34> <IPBlock> <Opcode : '' 'add' 'sub'> <InPorts = 3> <OutPorts = 1> <Sync> <CReg>
ST_5 : Operation 216 [1/1] (0.68ns) (root node of TernaryAdder)   --->   "%acc_im_3 = sub i17 %acc_im_5, i17 %ref_tmp_i_i_i_0_1_1" [beamformer.cpp:75->beamformer.cpp:177]   --->   Operation 216 'sub' 'acc_im_3' <Predicate = true> <Delay = 0.68> <CoreInst = "TAddSub">   --->   Core 10 'TAddSub' <Latency = 0> <II = 1> <Delay = 0.34> <IPBlock> <Opcode : '' 'add' 'sub'> <InPorts = 3> <OutPorts = 1> <Sync> <CReg>
ST_5 : Operation 217 [1/1] (0.00ns)   --->   "%out_re_1 = partselect i16 @_ssdm_op_PartSelect.i16.i17.i32.i32, i17 %acc_re_1, i32 1, i32 16" [beamformer.cpp:183]   --->   Operation 217 'partselect' 'out_re_1' <Predicate = true> <Delay = 0.00>
ST_5 : Operation 218 [1/1] (0.00ns)   --->   "%out_im_1 = partselect i16 @_ssdm_op_PartSelect.i16.i17.i32.i32, i17 %acc_im_3, i32 1, i32 16" [beamformer.cpp:184]   --->   Operation 218 'partselect' 'out_im_1' <Predicate = true> <Delay = 0.00>
ST_5 : Operation 219 [1/1] (0.00ns)   --->   "%s_out_data_1 = bitconcatenate i32 @_ssdm_op_BitConcatenate.i32.i16.i16, i16 %out_im_1, i16 %out_re_1" [beamformer.cpp:188]   --->   Operation 219 'bitconcatenate' 's_out_data_1' <Predicate = true> <Delay = 0.00>
ST_5 : Operation 220 [1/1] (0.49ns)   --->   "%write_ln198 = write void @_ssdm_op_Write.axis.volatile.i32P0A.i4P0A.i4P0A.i1P0A, i32 %out_stream_1_V_data_V, i4 %out_stream_1_V_keep_V, i4 %out_stream_1_V_strb_V, i1 %out_stream_1_V_last_V, i32 %s_out_data_1, i4 15, i4 0, i1 %s_last" [beamformer.cpp:198]   --->   Operation 220 'write' 'write_ln198' <Predicate = true> <Delay = 0.49> <CoreInst = "regslice">   --->   Core 148 'regslice' <Latency = 0> <II = 1> <Delay = 0.65> <Adapter> <Opcode : 'read' 'write'>
ST_5 : Operation 221 [1/1] (0.00ns)   --->   "%br_ln137 = br void %read_loop" [beamformer.cpp:137]   --->   Operation 221 'br' 'br_ln137' <Predicate = true> <Delay = 0.00>


============================================================
+ Verbose Summary: Timing violations
============================================================
Target clock period: 3.330ns, clock uncertainty: 0.899ns.

 <State 1>: 1.664ns
The critical path consists of the following:
	'store' operation 0 bit ('store_ln137', beamformer.cpp:137) of constant 0 on local variable 'k', beamformer.cpp:137 [34]  (0.427 ns)
	'load' operation 11 bit ('k', beamformer.cpp:137) on local variable 'k', beamformer.cpp:137 [37]  (0.000 ns)
	'getelementptr' operation 10 bit ('weights_re_addr', beamformer.cpp:178) [55]  (0.000 ns)
	'load' operation 16 bit ('w_re', beamformer.cpp:178) on array 'weights_re' [56]  (1.237 ns)

 <State 2>: 1.237ns
The critical path consists of the following:
	'load' operation 16 bit ('w_re', beamformer.cpp:178) on array 'weights_re' [56]  (1.237 ns)

 <State 3>: 2.380ns
The critical path consists of the following:
	'mul' operation 32 bit ('mul_ln74', beamformer.cpp:74->beamformer.cpp:177) [61]  (2.380 ns)

 <State 4>: 2.085ns
The critical path consists of the following:
	'add' operation 17 bit ('add_ln74_3', beamformer.cpp:74->beamformer.cpp:177) [116]  (0.863 ns)
	'select' operation 17 bit ('select_ln74_3', beamformer.cpp:74->beamformer.cpp:177) [117]  (0.000 ns)
	'select' operation 17 bit ('ref_tmp_i_i214_i_0_1579', beamformer.cpp:74->beamformer.cpp:177) [118]  (0.358 ns)
	'add' operation 17 bit ('add_ln74_5', beamformer.cpp:74->beamformer.cpp:177) [120]  (0.863 ns)

 <State 5>: 1.187ns
The critical path consists of the following:
	'add' operation 17 bit ('add_ln74_4', beamformer.cpp:74->beamformer.cpp:177) [119]  (0.000 ns)
	'add' operation 17 bit ('acc_re', beamformer.cpp:74->beamformer.cpp:177) [121]  (0.690 ns)
	axis write operation ('write_ln198', beamformer.cpp:198) on port 'out_stream_0_V_data_V' (beamformer.cpp:198) [144]  (0.497 ns)


============================================================
+ Verbose Summary: Binding
============================================================
N/A
* FSMD analyzer results:
  - Output states:
 - Input state : 
  - Chain level:
	State 1
	State 2
	State 3
	State 4
	State 5


============================================================
+ Verbose Summary: Datapath Resource usage 
============================================================
N/A
