

================================================================
== Vitis HLS Report for 'beamformer_top_Pipeline_weight_load'
================================================================
* Date:           Sat Feb 28 17:35:08 2026

* Version:        2024.1 (Build 5069499 on May 21 2024)
* Project:        beamforming
* Solution:       solution1 (Vivado IP Flow Target)
* Product family: zynquplus
* Target device:  xczu7ev-ffvc1156-2-e


================================================================
== Performance Estimates
================================================================
+ Timing: 
    * Summary: 
    +--------+---------+----------+------------+
    |  Clock |  Target | Estimated| Uncertainty|
    +--------+---------+----------+------------+
    |ap_clk  |  3.33 ns|  1.674 ns|     0.90 ns|
    +--------+---------+----------+------------+

+ Latency: 
    * Summary: 
    +---------+---------+-----------+-----------+------+------+-----------------------------------------------+
    |  Latency (cycles) |   Latency (absolute)  |   Interval  |                    Pipeline                   |
    |   min   |   max   |    min    |    max    |  min |  max |                      Type                     |
    +---------+---------+-----------+-----------+------+------+-----------------------------------------------+
    |     4098|     4098|  13.646 us|  13.646 us|  4097|  4097|  loop auto-rewind stp(delay=0 clock cycles(s))|
    +---------+---------+-----------+-----------+------+------+-----------------------------------------------+

    + Detail: 
        * Instance: 
        N/A

        * Loop: 
        +---------------+---------+---------+----------+-----------+-----------+------+----------+
        |               |  Latency (cycles) | Iteration|  Initiation Interval  | Trip |          |
        |   Loop Name   |   min   |   max   |  Latency |  achieved |   target  | Count| Pipelined|
        +---------------+---------+---------+----------+-----------+-----------+------+----------+
        |- weight_load  |     4096|     4096|         2|          1|          1|  4096|       yes|
        +---------------+---------+---------+----------+-----------+-----------+------+----------+

============================================================
+ Verbose Summary: Synthesis Manager
============================================================
InlineROM: 1
ExposeGlobal: 0
============================================================
+ Verbose Summary: CDFG Model
============================================================
IsTopModel: 0
ResetActiveHigh: 1
IsCombinational: 0
IsDatapathOnly: 0
HasWiredReturn: 1
HasMFsm: 2
HasVarLatency: 1
IsPipeline: 0
IsRtlPipelined: 0
IsInstanceOverlapped: 0
IsDontTouch: 0
HasImplIP: 0
IsGatedGlobalClock: 0

+ Individual pipeline summary: 
  * Pipeline-0: initiation interval (II) = 1, depth = 2


============================================================
+ Verbose Summary: Schedule
============================================================
* Number of FSM states : 2
* Pipeline : 1
  Pipeline-0 : II = 1, D = 2, States = { 1 2 }
* Dataflow Pipeline: 0

* FSM state transitions: 
1 --> 2 
2 --> 

* FSM state operations: 

State 1 <SV = 0> <Delay = 1.67>
ST_1 : Operation 5 [1/1] (0.00ns)   --->   "%idx = alloca i32 1" [beamformer.cpp:121]   --->   Operation 5 'alloca' 'idx' <Predicate = true> <Delay = 0.00>
ST_1 : Operation 6 [1/1] (0.00ns)   --->   "%specaxissidechannel_ln0 = specaxissidechannel void @_ssdm_op_SpecAXISSideChannel, i32 %weight_stream_V_data_V, i4 %weight_stream_V_keep_V, i4 %weight_stream_V_strb_V, i1 0, i1 %weight_stream_V_last_V, i1 0, i1 0, void @empty_6"   --->   Operation 6 'specaxissidechannel' 'specaxissidechannel_ln0' <Predicate = true> <Delay = 0.00>
ST_1 : Operation 7 [1/1] (0.00ns)   --->   "%specinterface_ln0 = specinterface void @_ssdm_op_SpecInterface, i1 %weight_stream_V_last_V, i4 %weight_stream_V_strb_V, i4 %weight_stream_V_keep_V, i32 %weight_stream_V_data_V, void @empty, i32 0, i32 0, void @empty_0, i32 0, i32 0, void @empty_1, void @empty_1, void @empty_1, i32 0, i32 0, i32 0, i32 0, void @empty_1, void @empty_1, i32 4294967295, i32 0, i32 0"   --->   Operation 7 'specinterface' 'specinterface_ln0' <Predicate = true> <Delay = 0.00>
ST_1 : Operation 8 [1/1] (0.42ns)   --->   "%store_ln121 = store i13 0, i13 %idx" [beamformer.cpp:121]   --->   Operation 8 'store' 'store_ln121' <Predicate = true> <Delay = 0.42>
ST_1 : Operation 9 [1/1] (0.00ns)   --->   "%br_ln121 = br void %for.inc" [beamformer.cpp:121]   --->   Operation 9 'br' 'br_ln121' <Predicate = true> <Delay = 0.00>
ST_1 : Operation 10 [1/1] (0.00ns)   --->   "%idx_1 = load i13 %idx" [beamformer.cpp:121]   --->   Operation 10 'load' 'idx_1' <Predicate = true> <Delay = 0.00>
ST_1 : Operation 11 [1/1] (0.82ns)   --->   "%icmp_ln121 = icmp_eq  i13 %idx_1, i13 4096" [beamformer.cpp:121]   --->   Operation 11 'icmp' 'icmp_ln121' <Predicate = true> <Delay = 0.82> <CoreInst = "Cmp">   --->   Core 9 'Cmp' <Latency = 0> <II = 1> <Delay = 0.82> <FuncUnit> <Opcode : 'seteq' 'setne' 'setle' 'setge' 'setlt' 'setgt'> <InPorts = 2> <OutPorts = 1>
ST_1 : Operation 12 [1/1] (0.82ns)   --->   "%idx_2 = add i13 %idx_1, i13 1" [beamformer.cpp:121]   --->   Operation 12 'add' 'idx_2' <Predicate = true> <Delay = 0.82> <CoreInst = "Adder">   --->   Core 1 'Adder' <Latency = 0> <II = 1> <Delay = 0.82> <FuncUnit> <Opcode : 'add' 'sub'> <InPorts = 2> <OutPorts = 1>
ST_1 : Operation 13 [1/1] (0.00ns)   --->   "%br_ln121 = br i1 %icmp_ln121, void %for.inc.split, void %read_loop.preheader.exitStub" [beamformer.cpp:121]   --->   Operation 13 'br' 'br_ln121' <Predicate = true> <Delay = 0.00>
ST_1 : Operation 14 [1/1] (0.00ns)   --->   "%k = trunc i13 %idx_1" [beamformer.cpp:121]   --->   Operation 14 'trunc' 'k' <Predicate = (!icmp_ln121)> <Delay = 0.00>
ST_1 : Operation 15 [1/1] (0.07ns)   --->   "%empty = read i41 @_ssdm_op_Read.axis.volatile.i32P0A.i4P0A.i4P0A.i1P0A, i32 %weight_stream_V_data_V, i4 %weight_stream_V_keep_V, i4 %weight_stream_V_strb_V, i1 %weight_stream_V_last_V" [beamformer.cpp:123]   --->   Operation 15 'read' 'empty' <Predicate = (!icmp_ln121)> <Delay = 0.07> <CoreInst = "regslice">   --->   Core 148 'regslice' <Latency = 0> <II = 1> <Delay = 0.65> <Adapter> <Opcode : 'read' 'write'>
ST_1 : Operation 16 [1/1] (0.00ns)   --->   "%w_data = extractvalue i41 %empty" [beamformer.cpp:123]   --->   Operation 16 'extractvalue' 'w_data' <Predicate = (!icmp_ln121)> <Delay = 0.00>
ST_1 : Operation 17 [1/1] (0.00ns)   --->   "%trunc_ln128 = trunc i32 %w_data" [beamformer.cpp:128]   --->   Operation 17 'trunc' 'trunc_ln128' <Predicate = (!icmp_ln121)> <Delay = 0.00>
ST_1 : Operation 18 [1/1] (0.00ns)   --->   "%tmp = partselect i2 @_ssdm_op_PartSelect.i2.i13.i32.i32, i13 %idx_1, i32 11, i32 12" [beamformer.cpp:128]   --->   Operation 18 'partselect' 'tmp' <Predicate = (!icmp_ln121)> <Delay = 0.00>
ST_1 : Operation 19 [1/1] (0.54ns)   --->   "%icmp_ln128 = icmp_eq  i2 %tmp, i2 0" [beamformer.cpp:128]   --->   Operation 19 'icmp' 'icmp_ln128' <Predicate = (!icmp_ln121)> <Delay = 0.54> <CoreInst = "Cmp">   --->   Core 9 'Cmp' <Latency = 0> <II = 1> <Delay = 0.54> <FuncUnit> <Opcode : 'seteq' 'setne' 'setle' 'setge' 'setlt' 'setgt'> <InPorts = 2> <OutPorts = 1>
ST_1 : Operation 20 [1/1] (0.00ns)   --->   "%tmp_1 = bitselect i1 @_ssdm_op_BitSelect.i1.i13.i32, i13 %idx_1, i32 10" [beamformer.cpp:128]   --->   Operation 20 'bitselect' 'tmp_1' <Predicate = (!icmp_ln121)> <Delay = 0.00>
ST_1 : Operation 21 [1/1] (0.00ns)   --->   "%tmp_s = partselect i16 @_ssdm_op_PartSelect.i16.i32.i32.i32, i32 %w_data, i32 16, i32 31" [beamformer.cpp:129]   --->   Operation 21 'partselect' 'tmp_s' <Predicate = (!icmp_ln121)> <Delay = 0.00>
ST_1 : Operation 22 [1/1] (0.00ns)   --->   "%br_ln128 = br i1 %icmp_ln128, void %V43.i.i154254.case.1, void %V43.i.i154254.case.0" [beamformer.cpp:128]   --->   Operation 22 'br' 'br_ln128' <Predicate = (!icmp_ln121)> <Delay = 0.00>
ST_1 : Operation 23 [1/1] (0.00ns)   --->   "%br_ln128 = br i1 %tmp_1, void %V43.i.i130257.case.031, void %V43.i.i130257.case.132" [beamformer.cpp:128]   --->   Operation 23 'br' 'br_ln128' <Predicate = (!icmp_ln121 & !icmp_ln128)> <Delay = 0.00>
ST_1 : Operation 24 [1/1] (0.00ns)   --->   "%br_ln129 = br void %V43.i.i130257.exit" [beamformer.cpp:129]   --->   Operation 24 'br' 'br_ln129' <Predicate = (!icmp_ln121 & !icmp_ln128)> <Delay = 0.00>
ST_1 : Operation 25 [1/1] (0.00ns)   --->   "%br_ln128 = br i1 %tmp_1, void %V43.i.i130257.case.027, void %V43.i.i130257.case.128" [beamformer.cpp:128]   --->   Operation 25 'br' 'br_ln128' <Predicate = (!icmp_ln121 & icmp_ln128)> <Delay = 0.00>
ST_1 : Operation 26 [1/1] (0.00ns)   --->   "%br_ln129 = br void %V43.i.i130257.exit" [beamformer.cpp:129]   --->   Operation 26 'br' 'br_ln129' <Predicate = (!icmp_ln121 & icmp_ln128)> <Delay = 0.00>
ST_1 : Operation 27 [1/1] (0.42ns)   --->   "%store_ln121 = store i13 %idx_2, i13 %idx" [beamformer.cpp:121]   --->   Operation 27 'store' 'store_ln121' <Predicate = (!icmp_ln121)> <Delay = 0.42>
ST_1 : Operation 28 [1/1] (0.00ns)   --->   "%br_ln121 = br void %for.inc" [beamformer.cpp:121]   --->   Operation 28 'br' 'br_ln121' <Predicate = (!icmp_ln121)> <Delay = 0.00>
ST_1 : Operation 53 [1/1] (0.42ns)   --->   "%ret_ln0 = ret"   --->   Operation 53 'ret' 'ret_ln0' <Predicate = (icmp_ln121)> <Delay = 0.42>

State 2 <SV = 1> <Delay = 1.23>
ST_2 : Operation 29 [1/1] (0.00ns)   --->   "%specpipeline_ln122 = specpipeline void @_ssdm_op_SpecPipeline, i32 1, i32 0, i32 0, i32 0, void @empty_1" [beamformer.cpp:122]   --->   Operation 29 'specpipeline' 'specpipeline_ln122' <Predicate = true> <Delay = 0.00>
ST_2 : Operation 30 [1/1] (0.00ns)   --->   "%speclooptripcount_ln123 = speclooptripcount void @_ssdm_op_SpecLoopTripCount, i64 4096, i64 4096, i64 4096" [beamformer.cpp:123]   --->   Operation 30 'speclooptripcount' 'speclooptripcount_ln123' <Predicate = true> <Delay = 0.00>
ST_2 : Operation 31 [1/1] (0.00ns)   --->   "%specloopname_ln121 = specloopname void @_ssdm_op_SpecLoopName, void @empty_10" [beamformer.cpp:121]   --->   Operation 31 'specloopname' 'specloopname_ln121' <Predicate = true> <Delay = 0.00>
ST_2 : Operation 32 [1/1] (0.00ns)   --->   "%zext_ln128 = zext i10 %k" [beamformer.cpp:128]   --->   Operation 32 'zext' 'zext_ln128' <Predicate = true> <Delay = 0.00>
ST_2 : Operation 33 [1/1] (0.00ns)   --->   "%weights_re_addr = getelementptr i16 %weights_re, i64 0, i64 %zext_ln128" [beamformer.cpp:128]   --->   Operation 33 'getelementptr' 'weights_re_addr' <Predicate = true> <Delay = 0.00>
ST_2 : Operation 34 [1/1] (0.00ns)   --->   "%weights_re_1_addr = getelementptr i16 %weights_re_1, i64 0, i64 %zext_ln128" [beamformer.cpp:128]   --->   Operation 34 'getelementptr' 'weights_re_1_addr' <Predicate = true> <Delay = 0.00>
ST_2 : Operation 35 [1/1] (0.00ns)   --->   "%weights_re_2_addr = getelementptr i16 %weights_re_2, i64 0, i64 %zext_ln128" [beamformer.cpp:128]   --->   Operation 35 'getelementptr' 'weights_re_2_addr' <Predicate = true> <Delay = 0.00>
ST_2 : Operation 36 [1/1] (0.00ns)   --->   "%weights_re_3_addr = getelementptr i16 %weights_re_3, i64 0, i64 %zext_ln128" [beamformer.cpp:128]   --->   Operation 36 'getelementptr' 'weights_re_3_addr' <Predicate = true> <Delay = 0.00>
ST_2 : Operation 37 [1/1] (0.00ns)   --->   "%weights_im_addr = getelementptr i16 %weights_im, i64 0, i64 %zext_ln128" [beamformer.cpp:129]   --->   Operation 37 'getelementptr' 'weights_im_addr' <Predicate = true> <Delay = 0.00>
ST_2 : Operation 38 [1/1] (0.00ns)   --->   "%weights_im_1_addr = getelementptr i16 %weights_im_1, i64 0, i64 %zext_ln128" [beamformer.cpp:129]   --->   Operation 38 'getelementptr' 'weights_im_1_addr' <Predicate = true> <Delay = 0.00>
ST_2 : Operation 39 [1/1] (0.00ns)   --->   "%weights_im_2_addr = getelementptr i16 %weights_im_2, i64 0, i64 %zext_ln128" [beamformer.cpp:129]   --->   Operation 39 'getelementptr' 'weights_im_2_addr' <Predicate = true> <Delay = 0.00>
ST_2 : Operation 40 [1/1] (0.00ns)   --->   "%weights_im_3_addr = getelementptr i16 %weights_im_3, i64 0, i64 %zext_ln128" [beamformer.cpp:129]   --->   Operation 40 'getelementptr' 'weights_im_3_addr' <Predicate = true> <Delay = 0.00>
ST_2 : Operation 41 [1/1] (1.23ns)   --->   "%store_ln128 = store i16 %trunc_ln128, i10 %weights_re_2_addr" [beamformer.cpp:128]   --->   Operation 41 'store' 'store_ln128' <Predicate = (!icmp_ln128 & !tmp_1)> <Delay = 1.23> <CoreInst = "RAM">   --->   Core 82 'RAM' <Latency = 1> <II = 1> <Delay = 1.23> <Storage> <Opcode : 'load' 'store'> <Ports = 2> <Width = 16> <Depth = 1024> <RAM>
ST_2 : Operation 42 [1/1] (1.23ns)   --->   "%store_ln129 = store i16 %tmp_s, i10 %weights_im_2_addr" [beamformer.cpp:129]   --->   Operation 42 'store' 'store_ln129' <Predicate = (!icmp_ln128 & !tmp_1)> <Delay = 1.23> <CoreInst = "RAM">   --->   Core 82 'RAM' <Latency = 1> <II = 1> <Delay = 1.23> <Storage> <Opcode : 'load' 'store'> <Ports = 2> <Width = 16> <Depth = 1024> <RAM>
ST_2 : Operation 43 [1/1] (0.00ns)   --->   "%br_ln129 = br void %V43.i.i130257.exit30" [beamformer.cpp:129]   --->   Operation 43 'br' 'br_ln129' <Predicate = (!icmp_ln128 & !tmp_1)> <Delay = 0.00>
ST_2 : Operation 44 [1/1] (1.23ns)   --->   "%store_ln128 = store i16 %trunc_ln128, i10 %weights_re_3_addr" [beamformer.cpp:128]   --->   Operation 44 'store' 'store_ln128' <Predicate = (!icmp_ln128 & tmp_1)> <Delay = 1.23> <CoreInst = "RAM">   --->   Core 82 'RAM' <Latency = 1> <II = 1> <Delay = 1.23> <Storage> <Opcode : 'load' 'store'> <Ports = 2> <Width = 16> <Depth = 1024> <RAM>
ST_2 : Operation 45 [1/1] (1.23ns)   --->   "%store_ln129 = store i16 %tmp_s, i10 %weights_im_3_addr" [beamformer.cpp:129]   --->   Operation 45 'store' 'store_ln129' <Predicate = (!icmp_ln128 & tmp_1)> <Delay = 1.23> <CoreInst = "RAM">   --->   Core 82 'RAM' <Latency = 1> <II = 1> <Delay = 1.23> <Storage> <Opcode : 'load' 'store'> <Ports = 2> <Width = 16> <Depth = 1024> <RAM>
ST_2 : Operation 46 [1/1] (0.00ns)   --->   "%br_ln129 = br void %V43.i.i130257.exit30" [beamformer.cpp:129]   --->   Operation 46 'br' 'br_ln129' <Predicate = (!icmp_ln128 & tmp_1)> <Delay = 0.00>
ST_2 : Operation 47 [1/1] (1.23ns)   --->   "%store_ln128 = store i16 %trunc_ln128, i10 %weights_re_addr" [beamformer.cpp:128]   --->   Operation 47 'store' 'store_ln128' <Predicate = (icmp_ln128 & !tmp_1)> <Delay = 1.23> <CoreInst = "RAM">   --->   Core 82 'RAM' <Latency = 1> <II = 1> <Delay = 1.23> <Storage> <Opcode : 'load' 'store'> <Ports = 2> <Width = 16> <Depth = 1024> <RAM>
ST_2 : Operation 48 [1/1] (1.23ns)   --->   "%store_ln129 = store i16 %tmp_s, i10 %weights_im_addr" [beamformer.cpp:129]   --->   Operation 48 'store' 'store_ln129' <Predicate = (icmp_ln128 & !tmp_1)> <Delay = 1.23> <CoreInst = "RAM">   --->   Core 82 'RAM' <Latency = 1> <II = 1> <Delay = 1.23> <Storage> <Opcode : 'load' 'store'> <Ports = 2> <Width = 16> <Depth = 1024> <RAM>
ST_2 : Operation 49 [1/1] (0.00ns)   --->   "%br_ln129 = br void %V43.i.i130257.exit26" [beamformer.cpp:129]   --->   Operation 49 'br' 'br_ln129' <Predicate = (icmp_ln128 & !tmp_1)> <Delay = 0.00>
ST_2 : Operation 50 [1/1] (1.23ns)   --->   "%store_ln128 = store i16 %trunc_ln128, i10 %weights_re_1_addr" [beamformer.cpp:128]   --->   Operation 50 'store' 'store_ln128' <Predicate = (icmp_ln128 & tmp_1)> <Delay = 1.23> <CoreInst = "RAM">   --->   Core 82 'RAM' <Latency = 1> <II = 1> <Delay = 1.23> <Storage> <Opcode : 'load' 'store'> <Ports = 2> <Width = 16> <Depth = 1024> <RAM>
ST_2 : Operation 51 [1/1] (1.23ns)   --->   "%store_ln129 = store i16 %tmp_s, i10 %weights_im_1_addr" [beamformer.cpp:129]   --->   Operation 51 'store' 'store_ln129' <Predicate = (icmp_ln128 & tmp_1)> <Delay = 1.23> <CoreInst = "RAM">   --->   Core 82 'RAM' <Latency = 1> <II = 1> <Delay = 1.23> <Storage> <Opcode : 'load' 'store'> <Ports = 2> <Width = 16> <Depth = 1024> <RAM>
ST_2 : Operation 52 [1/1] (0.00ns)   --->   "%br_ln129 = br void %V43.i.i130257.exit26" [beamformer.cpp:129]   --->   Operation 52 'br' 'br_ln129' <Predicate = (icmp_ln128 & tmp_1)> <Delay = 0.00>


============================================================
+ Verbose Summary: Timing violations
============================================================
Target clock period: 3.330ns, clock uncertainty: 0.899ns.

 <State 1>: 1.674ns
The critical path consists of the following:
	'store' operation 0 bit ('store_ln121', beamformer.cpp:121) of constant 0 on local variable 'idx', beamformer.cpp:121 [16]  (0.427 ns)
	'load' operation 13 bit ('idx', beamformer.cpp:121) on local variable 'idx', beamformer.cpp:121 [19]  (0.000 ns)
	'icmp' operation 1 bit ('icmp_ln121', beamformer.cpp:121) [20]  (0.820 ns)
	'store' operation 0 bit ('store_ln121', beamformer.cpp:121) of variable 'idx', beamformer.cpp:121 on local variable 'idx', beamformer.cpp:121 [70]  (0.427 ns)

 <State 2>: 1.237ns
The critical path consists of the following:
	'getelementptr' operation 10 bit ('weights_re_addr', beamformer.cpp:128) [32]  (0.000 ns)
	'store' operation 0 bit ('store_ln128', beamformer.cpp:128) of variable 'trunc_ln128', beamformer.cpp:128 on array 'weights_re' [60]  (1.237 ns)


============================================================
+ Verbose Summary: Binding
============================================================
N/A
* FSMD analyzer results:
  - Output states:
 - Input state : 
  - Chain level:
	State 1
	State 2


============================================================
+ Verbose Summary: Datapath Resource usage 
============================================================
N/A
