Copyright 1986-2022 Xilinx, Inc. All Rights Reserved. Copyright 2022-2024 Advanced Micro Devices, Inc. All Rights Reserved.
-------------------------------------------------------------------------------------------------------------------------------------------------
| Tool Version     : Vivado v.2024.1 (lin64) Build 5076996 Wed May 22 18:36:09 MDT 2024
| Date             : Sun Mar  1 10:32:33 2026
| Host             : localhost.localdomain running 64-bit unknown
| Command          : report_power -file route_report_power_0.rpt -pb route_report_power_summary_0.pb -rpx route_report_power_0.rpx
| Design           : thz_pipeline_top_wrapper
| Device           : xczu7ev-ffvc1156-2-e
| Design State     : routed
| Grade            : extended
| Process          : typical
| Characterization : Production
-------------------------------------------------------------------------------------------------------------------------------------------------

Power Report

Table of Contents
-----------------
1. Summary
1.1 On-Chip Components
1.2 Power Supply Summary
1.3 Confidence Level
2. Settings
2.1 Environment
2.2 Clock Constraints
3. Detailed Reports
3.1 By Hierarchy

1. Summary
----------

+--------------------------+--------------+
| Total On-Chip Power (W)  | 3.956        |
| Design Power Budget (W)  | Unspecified* |
| Power Budget Margin (W)  | NA           |
| Dynamic (W)              | 3.258        |
| Device Static (W)        | 0.698        |
| Effective TJA (C/W)      | 1.0          |
| Max Ambient (C)          | 96.1         |
| Junction Temperature (C) | 28.9         |
| Confidence Level         | Medium       |
| Setting File             | ---          |
| Simulation Activity File | ---          |
| Design Nets Matched      | NA           |
+--------------------------+--------------+
* Specify Design Power Budget using, set_operating_conditions -design_power_budget <value in Watts>


1.1 On-Chip Components
----------------------

+--------------------------+-----------+----------+-----------+-----------------+
| On-Chip                  | Power (W) | Used     | Available | Utilization (%) |
+--------------------------+-----------+----------+-----------+-----------------+
| Clocks                   |     0.187 |        3 |       --- |             --- |
| CLB Logic                |     0.322 |    48112 |       --- |             --- |
|   LUT as Logic           |     0.142 |    12407 |    230400 |            5.38 |
|   LUT as Distributed RAM |     0.134 |     1772 |    101760 |            1.74 |
|   Register               |     0.025 |    24418 |    460800 |            5.30 |
|   LUT as Shift Register  |     0.015 |      765 |    101760 |            0.75 |
|   CARRY8                 |     0.005 |      376 |     28800 |            1.31 |
|   Others                 |     0.000 |     2862 |       --- |             --- |
|   F7/F8 Muxes            |     0.000 |      154 |    230400 |            0.07 |
| Signals                  |     0.248 |    33953 |       --- |             --- |
| Block RAM                |     0.172 |       32 |       312 |           10.26 |
| DSPs                     |     0.099 |       74 |      1728 |            4.28 |
| PS8                      |     2.229 |        1 |       --- |             --- |
| Static Power             |     0.698 |          |           |                 |
|   PS Static              |     0.102 |          |           |                 |
|   PL Static              |     0.596 |          |           |                 |
| Total                    |     3.956 |          |           |                 |
+--------------------------+-----------+----------+-----------+-----------------+


1.2 Power Supply Summary
------------------------

+-----------------+-------------+-----------+-------------+------------+-------------+-------------+------------+
| Source          | Voltage (V) | Total (A) | Dynamic (A) | Static (A) | Powerup (A) | Budget (A)  | Margin (A) |
+-----------------+-------------+-----------+-------------+------------+-------------+-------------+------------+
| Vccint          |       0.850 |     1.349 |       1.195 |      0.155 |       NA    | Unspecified | NA         |
| Vccint_io       |       0.850 |     0.071 |       0.000 |      0.071 |       NA    | Unspecified | NA         |
| Vccbram         |       0.850 |     0.018 |       0.016 |      0.002 |       NA    | Unspecified | NA         |
| Vccaux          |       1.800 |     0.147 |       0.000 |      0.147 |       NA    | Unspecified | NA         |
| Vccaux_io       |       1.800 |     0.055 |       0.000 |      0.055 |       NA    | Unspecified | NA         |
| Vcco33          |       3.300 |     0.000 |       0.000 |      0.000 |       NA    | Unspecified | NA         |
| Vcco25          |       2.500 |     0.000 |       0.000 |      0.000 |       NA    | Unspecified | NA         |
| Vcco18          |       1.800 |     0.000 |       0.000 |      0.000 |       NA    | Unspecified | NA         |
| Vcco15          |       1.500 |     0.000 |       0.000 |      0.000 |       NA    | Unspecified | NA         |
| Vcco135         |       1.350 |     0.000 |       0.000 |      0.000 |       NA    | Unspecified | NA         |
| Vcco12          |       1.200 |     0.000 |       0.000 |      0.000 |       NA    | Unspecified | NA         |
| Vcco10          |       1.000 |     0.000 |       0.000 |      0.000 |       NA    | Unspecified | NA         |
| Vccadc          |       1.800 |     0.008 |       0.000 |      0.008 |       NA    | Unspecified | NA         |
| VCC_PSINTFP     |       0.850 |     1.091 |       1.055 |      0.035 |       NA    | Unspecified | NA         |
| VCC_PSINTLP     |       0.850 |     0.239 |       0.232 |      0.007 |       NA    | Unspecified | NA         |
| VPS_MGTRAVCC    |       0.850 |     0.001 |       0.000 |      0.001 |       NA    | Unspecified | NA         |
| VCC_PSINTFP_DDR |       0.850 |     0.549 |       0.544 |      0.004 |       NA    | Unspecified | NA         |
| VCC_PSPLL       |       1.200 |     0.072 |       0.070 |      0.002 |       NA    | Unspecified | NA         |
| VPS_MGTRAVTT    |       1.800 |     0.001 |       0.000 |      0.001 |       NA    | Unspecified | NA         |
| VCCO_PSDDR_504  |       1.200 |     0.525 |       0.491 |      0.034 |       NA    | Unspecified | NA         |
| VCC_PSAUX       |       1.800 |     0.002 |       0.000 |      0.002 |       NA    | Unspecified | NA         |
| VCC_PSBATT      |       1.200 |     0.000 |       0.000 |      0.000 |       NA    | Unspecified | NA         |
| VCC_PSDDR_PLL   |       1.800 |     0.001 |       0.000 |      0.001 |       NA    | Unspecified | NA         |
| VCCO_PSIO0_500  |       3.300 |     0.001 |       0.000 |      0.001 |       NA    | Unspecified | NA         |
| VCCO_PSIO1_501  |       3.300 |     0.001 |       0.000 |      0.001 |       NA    | Unspecified | NA         |
| VCCO_PSIO2_502  |       3.300 |     0.001 |       0.000 |      0.001 |       NA    | Unspecified | NA         |
| VCCO_PSIO3_503  |       3.300 |     0.001 |       0.000 |      0.001 |       NA    | Unspecified | NA         |
| VCC_PSADC       |       1.800 |     0.002 |       0.000 |      0.002 |       NA    | Unspecified | NA         |
| VCCINT_VCU      |       0.900 |     0.027 |       0.000 |      0.027 |       NA    | Unspecified | NA         |
| MGTAVcc         |       0.900 |     0.000 |       0.000 |      0.000 |       NA    | Unspecified | NA         |
| MGTAVtt         |       1.200 |     0.000 |       0.000 |      0.000 |       NA    | Unspecified | NA         |
| MGTVccaux       |       1.800 |     0.000 |       0.000 |      0.000 |       NA    | Unspecified | NA         |
+-----------------+-------------+-----------+-------------+------------+-------------+-------------+------------+


1.3 Confidence Level
--------------------

+-----------------------------+------------+------------------------------------------------+------------------------------------------------------------------------------------------------------------+
| User Input Data             | Confidence | Details                                        | Action                                                                                                     |
+-----------------------------+------------+------------------------------------------------+------------------------------------------------------------------------------------------------------------+
| Design implementation state | High       | Design is routed                               |                                                                                                            |
| Clock nodes activity        | High       | User specified more than 95% of clocks         |                                                                                                            |
| I/O nodes activity          | High       | User specified more than 95% of inputs         |                                                                                                            |
| Internal nodes activity     | Medium     | User specified less than 25% of internal nodes | Provide missing internal nodes activity with simulation results or by editing the "By Resource Type" views |
| Device models               | High       | Device models are Production                   |                                                                                                            |
|                             |            |                                                |                                                                                                            |
| Overall confidence level    | Medium     |                                                |                                                                                                            |
+-----------------------------+------------+------------------------------------------------+------------------------------------------------------------------------------------------------------------+


2. Settings
-----------

2.1 Environment
---------------

+-----------------------+--------------------------+
| Ambient Temp (C)      | 25.0                     |
| ThetaJA (C/W)         | 1.0                      |
| Airflow (LFM)         | 250                      |
| Heat Sink             | medium (Medium Profile)  |
| ThetaSA (C/W)         | 1.5                      |
| Board Selection       | medium (10"x10")         |
| # of Board Layers     | 12to15 (12 to 15 Layers) |
| Board Temperature (C) | 25.0                     |
+-----------------------+--------------------------+


2.2 Clock Constraints
---------------------

+----------+----------------------------------------------------------------+-----------------+
| Clock    | Domain                                                         | Constraint (ns) |
+----------+----------------------------------------------------------------+-----------------+
| clk_pl_0 | thz_pipeline_top_i/zynq_ultra_ps_e_0/inst/pl_clk_unbuffered[0] |             3.3 |
+----------+----------------------------------------------------------------+-----------------+


3. Detailed Reports
-------------------

3.1 By Hierarchy
----------------

+--------------------------+-----------+
| Name                     | Power (W) |
+--------------------------+-----------+
| thz_pipeline_top_wrapper |     3.258 |
|   thz_pipeline_top_i     |     3.258 |
|     axi_dma_0            |     0.019 |
|       U0                 |     0.019 |
|     axi_dma_1            |     0.020 |
|       U0                 |     0.020 |
|     axi_smc              |     0.135 |
|       inst               |     0.135 |
|     axi_smc1             |     0.131 |
|       inst               |     0.131 |
|     axis_data_fifo_0     |     0.006 |
|       inst               |     0.006 |
|     axis_data_fifo_1     |     0.007 |
|       inst               |     0.007 |
|     beamformer_top_0     |     0.034 |
|       inst               |     0.034 |
|     chan_est_top_0       |     0.042 |
|       inst               |     0.042 |
|     cp_insertion_0       |     0.014 |
|       inst               |     0.014 |
|     cp_insertion_1       |     0.023 |
|       inst               |     0.023 |
|     cp_removal_0         |     0.003 |
|       inst               |     0.003 |
|     cp_removal_1         |     0.003 |
|       inst               |     0.003 |
|     mlkem_top_0          |     0.031 |
|       inst               |     0.031 |
|     mlkem_top_1          |     0.031 |
|       inst               |     0.031 |
|     ps8_0_axi_periph     |     0.013 |
|       s00_couplers       |     0.010 |
|       xbar               |     0.003 |
|     xfft_0               |     0.115 |
|       U0                 |     0.115 |
|     xfft_1               |     0.123 |
|       U0                 |     0.123 |
|     xfft_2               |     0.133 |
|       U0                 |     0.133 |
|     xfft_3               |     0.138 |
|       U0                 |     0.138 |
|     zynq_ultra_ps_e_0    |     2.236 |
|       inst               |     2.236 |
+--------------------------+-----------+


