

================================================================
== Vitis HLS Report for 'cp_removal_Pipeline_cp_forward'
================================================================
* Date:           Sat Feb 28 13:09:39 2026

* Version:        2024.1 (Build 5069499 on May 21 2024)
* Project:        cp_removal
* Solution:       solution1 (Vivado IP Flow Target)
* Product family: zynquplus
* Target device:  xczu7ev-ffvc1156-2-e


================================================================
== Performance Estimates
================================================================
+ Timing: 
    * Summary: 
    +--------+---------+----------+------------+
    |  Clock |  Target | Estimated| Uncertainty|
    +--------+---------+----------+------------+
    |ap_clk  |  3.33 ns|  1.652 ns|     0.90 ns|
    +--------+---------+----------+------------+

+ Latency: 
    * Summary: 
    +---------+---------+----------+----------+------+------+-----------------------------------------------+
    |  Latency (cycles) |  Latency (absolute) |   Interval  |                    Pipeline                   |
    |   min   |   max   |    min   |    max   |  min |  max |                      Type                     |
    +---------+---------+----------+----------+------+------+-----------------------------------------------+
    |     1026|     1026|  3.417 us|  3.417 us|  1025|  1025|  loop auto-rewind stp(delay=0 clock cycles(s))|
    +---------+---------+----------+----------+------+------+-----------------------------------------------+

    + Detail: 
        * Instance: 
        N/A

        * Loop: 
        +--------------+---------+---------+----------+-----------+-----------+------+----------+
        |              |  Latency (cycles) | Iteration|  Initiation Interval  | Trip |          |
        |   Loop Name  |   min   |   max   |  Latency |  achieved |   target  | Count| Pipelined|
        +--------------+---------+---------+----------+-----------+-----------+------+----------+
        |- cp_forward  |     1024|     1024|         2|          1|          1|  1024|       yes|
        +--------------+---------+---------+----------+-----------+-----------+------+----------+



================================================================
== Utilization Estimates
================================================================
* Summary: 
+-----------------+---------+------+--------+--------+-----+
|       Name      | BRAM_18K|  DSP |   FF   |   LUT  | URAM|
+-----------------+---------+------+--------+--------+-----+
|DSP              |        -|     -|       -|       -|    -|
|Expression       |        -|     -|       0|      63|    -|
|FIFO             |        -|     -|       -|       -|    -|
|Instance         |        -|     -|       -|       -|    -|
|Memory           |        -|     -|       -|       -|    -|
|Multiplexer      |        -|     -|       0|      54|    -|
|Register         |        -|     -|      51|       -|    -|
+-----------------+---------+------+--------+--------+-----+
|Total            |        0|     0|      51|     117|    0|
+-----------------+---------+------+--------+--------+-----+
|Available        |      624|  1728|  460800|  230400|   96|
+-----------------+---------+------+--------+--------+-----+
|Utilization (%)  |        0|     0|      ~0|      ~0|    0|
+-----------------+---------+------+--------+--------+-----+

+ Detail: 
    * Instance: 
    N/A

    * DSP: 
    N/A

    * Memory: 
    N/A

    * FIFO: 
    N/A

    * Expression: 
    +----------------------------------+----------+----+---+----+------------+------------+
    |           Variable Name          | Operation| DSP| FF| LUT| Bitwidth P0| Bitwidth P1|
    +----------------------------------+----------+----+---+----+------------+------------+
    |i_2_fu_109_p2                     |         +|   0|  0|  18|          11|           1|
    |ap_block_state1_pp0_stage0_iter0  |       and|   0|  0|   2|           1|           1|
    |icmp_ln64_fu_103_p2               |      icmp|   0|  0|  19|          11|          12|
    |icmp_ln68_fu_123_p2               |      icmp|   0|  0|  18|          11|          10|
    |ap_block_pp0_stage0_01001         |        or|   0|  0|   2|           1|           1|
    |ap_block_pp0_stage0_11001         |        or|   0|  0|   2|           1|           1|
    |ap_enable_pp0                     |       xor|   0|  0|   2|           1|           2|
    +----------------------------------+----------+----+---+----+------------+------------+
    |Total                             |          |   0|  0|  63|          37|          28|
    +----------------------------------+----------+----+---+----+------------+------------+

    * Multiplexer: 
    +-------------------------+----+-----------+-----+-----------+
    |           Name          | LUT| Input Size| Bits| Total Bits|
    +-------------------------+----+-----------+-----+-----------+
    |ap_done_int              |   9|          2|    1|          2|
    |ap_enable_reg_pp0_iter1  |   9|          2|    1|          2|
    |ap_sig_allocacmp_i_1     |   9|          2|   11|         22|
    |i_fu_62                  |   9|          2|   11|         22|
    |in_stream_TDATA_blk_n    |   9|          2|    1|          2|
    |out_stream_TDATA_blk_n   |   9|          2|    1|          2|
    +-------------------------+----+-----------+-----+-----------+
    |Total                    |  54|         12|   26|         52|
    +-------------------------+----+-----------+-----+-----------+

    * Register: 
    +-------------------------+----+----+-----+-----------+
    |           Name          | FF | LUT| Bits| Const Bits|
    +-------------------------+----+----+-----+-----------+
    |ap_CS_fsm                |   1|   0|    1|          0|
    |ap_done_reg              |   1|   0|    1|          0|
    |ap_enable_reg_pp0_iter1  |   1|   0|    1|          0|
    |i_fu_62                  |  11|   0|   11|          0|
    |icmp_ln68_reg_154        |   1|   0|    1|          0|
    |s_data_reg_144           |  32|   0|   32|          0|
    |s_strb_reg_149           |   4|   0|    4|          0|
    +-------------------------+----+----+-----+-----------+
    |Total                    |  51|   0|   51|          0|
    +-------------------------+----+----+-----+-----------+



================================================================
== Interface
================================================================
* Summary: 
+-------------------+-----+-----+------------+--------------------------------+--------------+
|     RTL Ports     | Dir | Bits|  Protocol  |          Source Object         |    C Type    |
+-------------------+-----+-----+------------+--------------------------------+--------------+
|ap_clk             |   in|    1|  ap_ctrl_hs|  cp_removal_Pipeline_cp_forward|  return value|
|ap_rst             |   in|    1|  ap_ctrl_hs|  cp_removal_Pipeline_cp_forward|  return value|
|ap_start           |   in|    1|  ap_ctrl_hs|  cp_removal_Pipeline_cp_forward|  return value|
|ap_done            |  out|    1|  ap_ctrl_hs|  cp_removal_Pipeline_cp_forward|  return value|
|ap_idle            |  out|    1|  ap_ctrl_hs|  cp_removal_Pipeline_cp_forward|  return value|
|ap_ready           |  out|    1|  ap_ctrl_hs|  cp_removal_Pipeline_cp_forward|  return value|
|in_stream_TVALID   |   in|    1|        axis|              in_stream_V_data_V|       pointer|
|in_stream_TDATA    |   in|   32|        axis|              in_stream_V_data_V|       pointer|
|out_stream_TREADY  |   in|    1|        axis|             out_stream_V_data_V|       pointer|
|out_stream_TDATA   |  out|   32|        axis|             out_stream_V_data_V|       pointer|
|in_stream_TREADY   |  out|    1|        axis|              in_stream_V_last_V|       pointer|
|in_stream_TLAST    |   in|    1|        axis|              in_stream_V_last_V|       pointer|
|in_stream_TKEEP    |   in|    4|        axis|              in_stream_V_keep_V|       pointer|
|in_stream_TSTRB    |   in|    4|        axis|              in_stream_V_strb_V|       pointer|
|out_stream_TVALID  |  out|    1|        axis|             out_stream_V_last_V|       pointer|
|out_stream_TLAST   |  out|    1|        axis|             out_stream_V_last_V|       pointer|
|out_stream_TKEEP   |  out|    4|        axis|             out_stream_V_keep_V|       pointer|
|out_stream_TSTRB   |  out|    4|        axis|             out_stream_V_strb_V|       pointer|
+-------------------+-----+-----+------------+--------------------------------+--------------+

