

================================================================
== Vitis HLS Report for 'cp_removal'
================================================================
* Date:           Sat Feb 28 13:09:39 2026

* Version:        2024.1 (Build 5069499 on May 21 2024)
* Project:        cp_removal
* Solution:       solution1 (Vivado IP Flow Target)
* Product family: zynquplus
* Target device:  xczu7ev-ffvc1156-2-e


================================================================
== Performance Estimates
================================================================
+ Timing: 
    * Summary: 
    +--------+---------+----------+------------+
    |  Clock |  Target | Estimated| Uncertainty|
    +--------+---------+----------+------------+
    |ap_clk  |  3.33 ns|  1.652 ns|     0.90 ns|
    +--------+---------+----------+------------+

+ Latency: 
    * Summary: 
    +---------+---------+----------+----------+------+------+---------+
    |  Latency (cycles) |  Latency (absolute) |   Interval  | Pipeline|
    |   min   |   max   |    min   |    max   |  min |  max |   Type  |
    +---------+---------+----------+----------+------+------+---------+
    |     1178|     1178|  3.923 us|  3.923 us|  1179|  1179|       no|
    +---------+---------+----------+----------+------+------+---------+

    + Detail: 
        * Instance: 
        +------------------------------------------+--------------------------------+---------+---------+----------+----------+------+------+-----------------------------------------------+
        |                                          |                                |  Latency (cycles) |  Latency (absolute) |   Interval  |                    Pipeline                   |
        |                 Instance                 |             Module             |   min   |   max   |    min   |    max   |  min |  max |                      Type                     |
        +------------------------------------------+--------------------------------+---------+---------+----------+----------+------+------+-----------------------------------------------+
        |grp_cp_removal_Pipeline_cp_discard_fu_52  |cp_removal_Pipeline_cp_discard  |      146|      146|  0.486 us|  0.486 us|   145|   145|  loop auto-rewind stp(delay=0 clock cycles(s))|
        |grp_cp_removal_Pipeline_cp_forward_fu_64  |cp_removal_Pipeline_cp_forward  |     1026|     1026|  3.417 us|  3.417 us|  1025|  1025|  loop auto-rewind stp(delay=0 clock cycles(s))|
        +------------------------------------------+--------------------------------+---------+---------+----------+----------+------+------+-----------------------------------------------+

        * Loop: 
        N/A



================================================================
== Utilization Estimates
================================================================
* Summary: 
+-----------------+---------+------+--------+--------+-----+
|       Name      | BRAM_18K|  DSP |   FF   |   LUT  | URAM|
+-----------------+---------+------+--------+--------+-----+
|DSP              |        -|     -|       -|       -|    -|
|Expression       |        -|     -|       0|       2|    -|
|FIFO             |        -|     -|       -|       -|    -|
|Instance         |        -|     -|      61|     185|    -|
|Memory           |        -|     -|       -|       -|    -|
|Multiplexer      |        -|     -|       0|      57|    -|
|Register         |        -|     -|       9|       -|    -|
+-----------------+---------+------+--------+--------+-----+
|Total            |        0|     0|      70|     244|    0|
+-----------------+---------+------+--------+--------+-----+
|Available        |      624|  1728|  460800|  230400|   96|
+-----------------+---------+------+--------+--------+-----+
|Utilization (%)  |        0|     0|      ~0|      ~0|    0|
+-----------------+---------+------+--------+--------+-----+

+ Detail: 
    * Instance: 
    +------------------------------------------+--------------------------------+---------+----+----+-----+-----+
    |                 Instance                 |             Module             | BRAM_18K| DSP| FF | LUT | URAM|
    +------------------------------------------+--------------------------------+---------+----+----+-----+-----+
    |grp_cp_removal_Pipeline_cp_discard_fu_52  |cp_removal_Pipeline_cp_discard  |        0|   0|  10|   68|    0|
    |grp_cp_removal_Pipeline_cp_forward_fu_64  |cp_removal_Pipeline_cp_forward  |        0|   0|  51|  117|    0|
    +------------------------------------------+--------------------------------+---------+----+----+-----+-----+
    |Total                                     |                                |        0|   0|  61|  185|    0|
    +------------------------------------------+--------------------------------+---------+----+----+-----+-----+

    * DSP: 
    N/A

    * Memory: 
    N/A

    * FIFO: 
    N/A

    * Expression: 
    +------------------------------------------------------------+----------+----+---+----+------------+------------+
    |                        Variable Name                       | Operation| DSP| FF| LUT| Bitwidth P0| Bitwidth P1|
    +------------------------------------------------------------+----------+----+---+----+------------+------------+
    |grp_cp_removal_Pipeline_cp_forward_fu_64_out_stream_TREADY  |       and|   0|  0|   2|           1|           1|
    +------------------------------------------------------------+----------+----+---+----+------------+------------+
    |Total                                                       |          |   0|  0|   2|           1|           1|
    +------------------------------------------------------------+----------+----+---+----+------------+------------+

    * Multiplexer: 
    +-------------------------------+----+-----------+-----+-----------+
    |              Name             | LUT| Input Size| Bits| Total Bits|
    +-------------------------------+----+-----------+-----+-----------+
    |ap_NS_fsm                      |  43|          8|    1|          8|
    |in_stream_TREADY_int_regslice  |  14|          3|    1|          3|
    +-------------------------------+----+-----------+-----+-----------+
    |Total                          |  57|         11|    2|         11|
    +-------------------------------+----+-----------+-----+-----------+

    * Register: 
    +-------------------------------------------------------+---+----+-----+-----------+
    |                          Name                         | FF| LUT| Bits| Const Bits|
    +-------------------------------------------------------+---+----+-----+-----------+
    |ap_CS_fsm                                              |  7|   0|    7|          0|
    |grp_cp_removal_Pipeline_cp_discard_fu_52_ap_start_reg  |  1|   0|    1|          0|
    |grp_cp_removal_Pipeline_cp_forward_fu_64_ap_start_reg  |  1|   0|    1|          0|
    +-------------------------------------------------------+---+----+-----+-----------+
    |Total                                                  |  9|   0|    9|          0|
    +-------------------------------------------------------+---+----+-----+-----------+



================================================================
== Interface
================================================================
* Summary: 
+-------------------+-----+-----+------------+---------------------+--------------+
|     RTL Ports     | Dir | Bits|  Protocol  |    Source Object    |    C Type    |
+-------------------+-----+-----+------------+---------------------+--------------+
|ap_clk             |   in|    1|  ap_ctrl_hs|           cp_removal|  return value|
|ap_rst_n           |   in|    1|  ap_ctrl_hs|           cp_removal|  return value|
|ap_start           |   in|    1|  ap_ctrl_hs|           cp_removal|  return value|
|ap_done            |  out|    1|  ap_ctrl_hs|           cp_removal|  return value|
|ap_idle            |  out|    1|  ap_ctrl_hs|           cp_removal|  return value|
|ap_ready           |  out|    1|  ap_ctrl_hs|           cp_removal|  return value|
|in_stream_TDATA    |   in|   32|        axis|   in_stream_V_data_V|       pointer|
|in_stream_TVALID   |   in|    1|        axis|   in_stream_V_last_V|       pointer|
|in_stream_TREADY   |  out|    1|        axis|   in_stream_V_last_V|       pointer|
|in_stream_TLAST    |   in|    1|        axis|   in_stream_V_last_V|       pointer|
|in_stream_TKEEP    |   in|    4|        axis|   in_stream_V_keep_V|       pointer|
|in_stream_TSTRB    |   in|    4|        axis|   in_stream_V_strb_V|       pointer|
|out_stream_TDATA   |  out|   32|        axis|  out_stream_V_data_V|       pointer|
|out_stream_TVALID  |  out|    1|        axis|  out_stream_V_last_V|       pointer|
|out_stream_TREADY  |   in|    1|        axis|  out_stream_V_last_V|       pointer|
|out_stream_TLAST   |  out|    1|        axis|  out_stream_V_last_V|       pointer|
|out_stream_TKEEP   |  out|    4|        axis|  out_stream_V_keep_V|       pointer|
|out_stream_TSTRB   |  out|    4|        axis|  out_stream_V_strb_V|       pointer|
+-------------------+-----+-----+------------+---------------------+--------------+

