

================================================================
== Vitis HLS Report for 'cp_removal_Pipeline_cp_discard'
================================================================
* Date:           Sat Feb 28 13:09:39 2026

* Version:        2024.1 (Build 5069499 on May 21 2024)
* Project:        cp_removal
* Solution:       solution1 (Vivado IP Flow Target)
* Product family: zynquplus
* Target device:  xczu7ev-ffvc1156-2-e


================================================================
== Performance Estimates
================================================================
+ Timing: 
    * Summary: 
    +--------+---------+----------+------------+
    |  Clock |  Target | Estimated| Uncertainty|
    +--------+---------+----------+------------+
    |ap_clk  |  3.33 ns|  1.619 ns|     0.90 ns|
    +--------+---------+----------+------------+

+ Latency: 
    * Summary: 
    +---------+---------+----------+----------+-----+-----+-----------------------------------------------+
    |  Latency (cycles) |  Latency (absolute) |  Interval |                    Pipeline                   |
    |   min   |   max   |    min   |    max   | min | max |                      Type                     |
    +---------+---------+----------+----------+-----+-----+-----------------------------------------------+
    |      146|      146|  0.486 us|  0.486 us|  145|  145|  loop auto-rewind stp(delay=0 clock cycles(s))|
    +---------+---------+----------+----------+-----+-----+-----------------------------------------------+

    + Detail: 
        * Instance: 
        N/A

        * Loop: 
        +--------------+---------+---------+----------+-----------+-----------+------+----------+
        |              |  Latency (cycles) | Iteration|  Initiation Interval  | Trip |          |
        |   Loop Name  |   min   |   max   |  Latency |  achieved |   target  | Count| Pipelined|
        +--------------+---------+---------+----------+-----------+-----------+------+----------+
        |- cp_discard  |      144|      144|         1|          1|          1|   144|       yes|
        +--------------+---------+---------+----------+-----------+-----------+------+----------+



================================================================
== Utilization Estimates
================================================================
* Summary: 
+-----------------+---------+------+--------+--------+-----+
|       Name      | BRAM_18K|  DSP |   FF   |   LUT  | URAM|
+-----------------+---------+------+--------+--------+-----+
|DSP              |        -|     -|       -|       -|    -|
|Expression       |        -|     -|       0|      32|    -|
|FIFO             |        -|     -|       -|       -|    -|
|Instance         |        -|     -|       -|       -|    -|
|Memory           |        -|     -|       -|       -|    -|
|Multiplexer      |        -|     -|       0|      36|    -|
|Register         |        -|     -|      10|       -|    -|
+-----------------+---------+------+--------+--------+-----+
|Total            |        0|     0|      10|      68|    0|
+-----------------+---------+------+--------+--------+-----+
|Available        |      624|  1728|  460800|  230400|   96|
+-----------------+---------+------+--------+--------+-----+
|Utilization (%)  |        0|     0|      ~0|      ~0|    0|
+-----------------+---------+------+--------+--------+-----+

+ Detail: 
    * Instance: 
    N/A

    * DSP: 
    N/A

    * Memory: 
    N/A

    * FIFO: 
    N/A

    * Expression: 
    +----------------------------------+----------+----+---+----+------------+------------+
    |           Variable Name          | Operation| DSP| FF| LUT| Bitwidth P0| Bitwidth P1|
    +----------------------------------+----------+----+---+----+------------+------------+
    |i_4_fu_76_p2                      |         +|   0|  0|  15|           8|           1|
    |icmp_ln50_fu_70_p2                |      icmp|   0|  0|  15|           8|           8|
    |ap_block_state1_pp0_stage0_iter0  |        or|   0|  0|   2|           1|           1|
    +----------------------------------+----------+----+---+----+------------+------------+
    |Total                             |          |   0|  0|  32|          17|          10|
    +----------------------------------+----------+----+---+----+------------+------------+

    * Multiplexer: 
    +-----------------------+----+-----------+-----+-----------+
    |          Name         | LUT| Input Size| Bits| Total Bits|
    +-----------------------+----+-----------+-----+-----------+
    |ap_done_int            |   9|          2|    1|          2|
    |ap_sig_allocacmp_i_3   |   9|          2|    8|         16|
    |i_fu_46                |   9|          2|    8|         16|
    |in_stream_TDATA_blk_n  |   9|          2|    1|          2|
    +-----------------------+----+-----------+-----+-----------+
    |Total                  |  36|          8|   18|         36|
    +-----------------------+----+-----------+-----+-----------+

    * Register: 
    +-------------+---+----+-----+-----------+
    |     Name    | FF| LUT| Bits| Const Bits|
    +-------------+---+----+-----+-----------+
    |ap_CS_fsm    |  1|   0|    1|          0|
    |ap_done_reg  |  1|   0|    1|          0|
    |i_fu_46      |  8|   0|    8|          0|
    +-------------+---+----+-----+-----------+
    |Total        | 10|   0|   10|          0|
    +-------------+---+----+-----+-----------+



================================================================
== Interface
================================================================
* Summary: 
+------------------+-----+-----+------------+--------------------------------+--------------+
|     RTL Ports    | Dir | Bits|  Protocol  |          Source Object         |    C Type    |
+------------------+-----+-----+------------+--------------------------------+--------------+
|ap_clk            |   in|    1|  ap_ctrl_hs|  cp_removal_Pipeline_cp_discard|  return value|
|ap_rst            |   in|    1|  ap_ctrl_hs|  cp_removal_Pipeline_cp_discard|  return value|
|ap_start          |   in|    1|  ap_ctrl_hs|  cp_removal_Pipeline_cp_discard|  return value|
|ap_done           |  out|    1|  ap_ctrl_hs|  cp_removal_Pipeline_cp_discard|  return value|
|ap_idle           |  out|    1|  ap_ctrl_hs|  cp_removal_Pipeline_cp_discard|  return value|
|ap_ready          |  out|    1|  ap_ctrl_hs|  cp_removal_Pipeline_cp_discard|  return value|
|in_stream_TVALID  |   in|    1|        axis|              in_stream_V_data_V|       pointer|
|in_stream_TDATA   |   in|   32|        axis|              in_stream_V_data_V|       pointer|
|in_stream_TREADY  |  out|    1|        axis|              in_stream_V_last_V|       pointer|
|in_stream_TLAST   |   in|    1|        axis|              in_stream_V_last_V|       pointer|
|in_stream_TKEEP   |   in|    4|        axis|              in_stream_V_keep_V|       pointer|
|in_stream_TSTRB   |   in|    4|        axis|              in_stream_V_strb_V|       pointer|
+------------------+-----+-----+------------+--------------------------------+--------------+

