/home/samarth/Desktop/6g_ai_ran/cp_insertion/cp_insertion/solution1/csynth.tcl:16:9: warning: HLS pragma dump _XLX_SEP_ PragmaIsValid=1_XLX_SEP_ PragmaType=top_XLX_SEP_ PragmaContext=directive_XLX_SEP_ PragmaFunction=cp_insertion_XLX_SEP_ PragmaOptions=name=cp_insertion_XLX_SEP_ [-Wdump-hls-pragmas]
#pragma HLSDIRECTIVE TOP name=cp_insertion
        ^
cp_insertion.cpp:46:9: warning: HLS pragma dump _XLX_SEP_ PragmaIsValid=1_XLX_SEP_ PragmaType=interface_XLX_SEP_ PragmaContext=_XLX_SEP_ PragmaFunction=cp_insertion_XLX_SEP_ PragmaOptions=axis port=in_stream_XLX_SEP_ [-Wdump-hls-pragmas]
#pragma HLS INTERFACE axis port=in_stream
        ^
cp_insertion.cpp:47:9: warning: HLS pragma dump _XLX_SEP_ PragmaIsValid=1_XLX_SEP_ PragmaType=interface_XLX_SEP_ PragmaContext=_XLX_SEP_ PragmaFunction=cp_insertion_XLX_SEP_ PragmaOptions=axis port=out_stream_XLX_SEP_ [-Wdump-hls-pragmas]
#pragma HLS INTERFACE axis port=out_stream
        ^
cp_insertion.cpp:48:9: warning: HLS pragma dump _XLX_SEP_ PragmaIsValid=1_XLX_SEP_ PragmaType=interface_XLX_SEP_ PragmaContext=_XLX_SEP_ PragmaFunction=cp_insertion_XLX_SEP_ PragmaOptions=ap_ctrl_hs port=return_XLX_SEP_ [-Wdump-hls-pragmas]
#pragma HLS INTERFACE ap_ctrl_hs port=return
        ^
cp_insertion.cpp:52:9: warning: HLS pragma dump _XLX_SEP_ PragmaIsValid=1_XLX_SEP_ PragmaType=array_partition_XLX_SEP_ PragmaContext=_XLX_SEP_ PragmaFunction=cp_insertion_XLX_SEP_ PragmaOptions=variable=buf cyclic factor=4_XLX_SEP_ [-Wdump-hls-pragmas]
#pragma HLS ARRAY_PARTITION variable=buf cyclic factor=4
        ^
cp_insertion.cpp:58:9: warning: HLS pragma dump _XLX_SEP_ PragmaIsValid=1_XLX_SEP_ PragmaType=pipeline_XLX_SEP_ PragmaContext=_XLX_SEP_ PragmaFunction=cp_insertion_XLX_SEP_ PragmaOptions=II=1_XLX_SEP_ [-Wdump-hls-pragmas]
#pragma HLS PIPELINE II=1
        ^
cp_insertion.cpp:68:9: warning: HLS pragma dump _XLX_SEP_ PragmaIsValid=1_XLX_SEP_ PragmaType=pipeline_XLX_SEP_ PragmaContext=_XLX_SEP_ PragmaFunction=cp_insertion_XLX_SEP_ PragmaOptions=II=1_XLX_SEP_ [-Wdump-hls-pragmas]
#pragma HLS PIPELINE II=1
        ^
cp_insertion.cpp:81:9: warning: HLS pragma dump _XLX_SEP_ PragmaIsValid=1_XLX_SEP_ PragmaType=pipeline_XLX_SEP_ PragmaContext=_XLX_SEP_ PragmaFunction=cp_insertion_XLX_SEP_ PragmaOptions=II=1_XLX_SEP_ [-Wdump-hls-pragmas]
#pragma HLS PIPELINE II=1
        ^
8 warnings generated.
