

================================================================
== Vitis HLS Report for 'cp_insertion_Pipeline_data_out'
================================================================
* Date:           Sat Feb 28 13:05:15 2026

* Version:        2024.1 (Build 5069499 on May 21 2024)
* Project:        cp_insertion
* Solution:       solution1 (Vivado IP Flow Target)
* Product family: zynquplus
* Target device:  xczu7ev-ffvc1156-2-e


================================================================
== Performance Estimates
================================================================
+ Timing: 
    * Summary: 
    +--------+---------+----------+------------+
    |  Clock |  Target | Estimated| Uncertainty|
    +--------+---------+----------+------------+
    |ap_clk  |  3.33 ns|  2.259 ns|     0.90 ns|
    +--------+---------+----------+------------+

+ Latency: 
    * Summary: 
    +---------+---------+----------+----------+------+------+-----------------------------------------------+
    |  Latency (cycles) |  Latency (absolute) |   Interval  |                    Pipeline                   |
    |   min   |   max   |    min   |    max   |  min |  max |                      Type                     |
    +---------+---------+----------+----------+------+------+-----------------------------------------------+
    |     1026|     1026|  3.417 us|  3.417 us|  1025|  1025|  loop auto-rewind stp(delay=0 clock cycles(s))|
    +---------+---------+----------+----------+------+------+-----------------------------------------------+

    + Detail: 
        * Instance: 
        N/A

        * Loop: 
        +------------+---------+---------+----------+-----------+-----------+------+----------+
        |            |  Latency (cycles) | Iteration|  Initiation Interval  | Trip |          |
        |  Loop Name |   min   |   max   |  Latency |  achieved |   target  | Count| Pipelined|
        +------------+---------+---------+----------+-----------+-----------+------+----------+
        |- data_out  |     1024|     1024|         2|          1|          1|  1024|       yes|
        +------------+---------+---------+----------+-----------+-----------+------+----------+

============================================================
+ Verbose Summary: Synthesis Manager
============================================================
InlineROM: 1
ExposeGlobal: 0
============================================================
+ Verbose Summary: CDFG Model
============================================================
IsTopModel: 0
ResetActiveHigh: 1
IsCombinational: 0
IsDatapathOnly: 0
HasWiredReturn: 1
HasMFsm: 2
HasVarLatency: 1
IsPipeline: 0
IsRtlPipelined: 0
IsInstanceOverlapped: 0
IsDontTouch: 0
HasImplIP: 0
IsGatedGlobalClock: 0

+ Individual pipeline summary: 
  * Pipeline-0: initiation interval (II) = 1, depth = 2


============================================================
+ Verbose Summary: Schedule
============================================================
* Number of FSM states : 2
* Pipeline : 1
  Pipeline-0 : II = 1, D = 2, States = { 1 2 }
* Dataflow Pipeline: 0

* FSM state transitions: 
1 --> 2 
2 --> 

* FSM state operations: 

State 1 <SV = 0> <Delay = 1.66>
ST_1 : Operation 5 [1/1] (0.00ns)   --->   "%i = alloca i32 1" [cp_insertion.cpp:79]   --->   Operation 5 'alloca' 'i' <Predicate = true> <Delay = 0.00>
ST_1 : Operation 6 [1/1] (0.00ns)   --->   "%specaxissidechannel_ln0 = specaxissidechannel void @_ssdm_op_SpecAXISSideChannel, i32 %out_stream_V_data_V, i4 %out_stream_V_keep_V, i4 %out_stream_V_strb_V, i1 0, i1 %out_stream_V_last_V, i1 0, i1 0, void @empty_2"   --->   Operation 6 'specaxissidechannel' 'specaxissidechannel_ln0' <Predicate = true> <Delay = 0.00>
ST_1 : Operation 7 [1/1] (0.00ns)   --->   "%specinterface_ln0 = specinterface void @_ssdm_op_SpecInterface, i1 %out_stream_V_last_V, void @empty, i32 0, i32 0, void @empty_0, i32 0, i32 0, void @empty_1, void @empty_1, void @empty_1, i32 0, i32 0, i32 0, i32 0, void @empty_1, void @empty_1, i32 4294967295, i32 0, i32 0"   --->   Operation 7 'specinterface' 'specinterface_ln0' <Predicate = true> <Delay = 0.00>
ST_1 : Operation 8 [1/1] (0.00ns)   --->   "%specinterface_ln0 = specinterface void @_ssdm_op_SpecInterface, i4 %out_stream_V_strb_V, void @empty, i32 0, i32 0, void @empty_0, i32 0, i32 0, void @empty_1, void @empty_1, void @empty_1, i32 0, i32 0, i32 0, i32 0, void @empty_1, void @empty_1, i32 4294967295, i32 0, i32 0"   --->   Operation 8 'specinterface' 'specinterface_ln0' <Predicate = true> <Delay = 0.00>
ST_1 : Operation 9 [1/1] (0.00ns)   --->   "%specinterface_ln0 = specinterface void @_ssdm_op_SpecInterface, i4 %out_stream_V_keep_V, void @empty, i32 0, i32 0, void @empty_0, i32 0, i32 0, void @empty_1, void @empty_1, void @empty_1, i32 0, i32 0, i32 0, i32 0, void @empty_1, void @empty_1, i32 4294967295, i32 0, i32 0"   --->   Operation 9 'specinterface' 'specinterface_ln0' <Predicate = true> <Delay = 0.00>
ST_1 : Operation 10 [1/1] (0.00ns)   --->   "%specinterface_ln0 = specinterface void @_ssdm_op_SpecInterface, i32 %out_stream_V_data_V, void @empty, i32 0, i32 0, void @empty_0, i32 0, i32 0, void @empty_1, void @empty_1, void @empty_1, i32 0, i32 0, i32 0, i32 0, void @empty_1, void @empty_1, i32 4294967295, i32 0, i32 0"   --->   Operation 10 'specinterface' 'specinterface_ln0' <Predicate = true> <Delay = 0.00>
ST_1 : Operation 11 [1/1] (0.42ns)   --->   "%store_ln79 = store i11 0, i11 %i" [cp_insertion.cpp:79]   --->   Operation 11 'store' 'store_ln79' <Predicate = true> <Delay = 0.42>
ST_1 : Operation 12 [1/1] (0.00ns)   --->   "%br_ln0 = br void %for.body17"   --->   Operation 12 'br' 'br_ln0' <Predicate = true> <Delay = 0.00>
ST_1 : Operation 13 [1/1] (0.00ns)   --->   "%i_1 = load i11 %i" [cp_insertion.cpp:79]   --->   Operation 13 'load' 'i_1' <Predicate = true> <Delay = 0.00>
ST_1 : Operation 14 [1/1] (0.79ns)   --->   "%icmp_ln79 = icmp_eq  i11 %i_1, i11 1024" [cp_insertion.cpp:79]   --->   Operation 14 'icmp' 'icmp_ln79' <Predicate = true> <Delay = 0.79> <CoreInst = "Cmp">   --->   Core 9 'Cmp' <Latency = 0> <II = 1> <Delay = 0.79> <FuncUnit> <Opcode : 'seteq' 'setne' 'setle' 'setge' 'setlt' 'setgt'> <InPorts = 2> <OutPorts = 1>
ST_1 : Operation 15 [1/1] (0.79ns)   --->   "%add_ln79 = add i11 %i_1, i11 1" [cp_insertion.cpp:79]   --->   Operation 15 'add' 'add_ln79' <Predicate = true> <Delay = 0.79> <CoreInst = "Adder">   --->   Core 1 'Adder' <Latency = 0> <II = 1> <Delay = 0.79> <FuncUnit> <Opcode : 'add' 'sub'> <InPorts = 2> <OutPorts = 1>
ST_1 : Operation 16 [1/1] (0.00ns)   --->   "%br_ln79 = br i1 %icmp_ln79, void %for.body17.split, void %for.end28.exitStub" [cp_insertion.cpp:79]   --->   Operation 16 'br' 'br_ln79' <Predicate = true> <Delay = 0.00>
ST_1 : Operation 17 [1/1] (0.00ns)   --->   "%trunc_ln79 = trunc i11 %i_1" [cp_insertion.cpp:79]   --->   Operation 17 'trunc' 'trunc_ln79' <Predicate = (!icmp_ln79)> <Delay = 0.00>
ST_1 : Operation 18 [1/1] (0.00ns)   --->   "%lshr_ln1 = partselect i8 @_ssdm_op_PartSelect.i8.i11.i32.i32, i11 %i_1, i32 2, i32 9" [cp_insertion.cpp:79]   --->   Operation 18 'partselect' 'lshr_ln1' <Predicate = (!icmp_ln79)> <Delay = 0.00>
ST_1 : Operation 19 [1/1] (0.00ns)   --->   "%zext_ln79 = zext i8 %lshr_ln1" [cp_insertion.cpp:79]   --->   Operation 19 'zext' 'zext_ln79' <Predicate = (!icmp_ln79)> <Delay = 0.00>
ST_1 : Operation 20 [1/1] (0.00ns)   --->   "%buf_data_addr = getelementptr i32 %buf_data, i64 0, i64 %zext_ln79" [cp_insertion.cpp:82]   --->   Operation 20 'getelementptr' 'buf_data_addr' <Predicate = (!icmp_ln79)> <Delay = 0.00>
ST_1 : Operation 21 [1/1] (0.00ns)   --->   "%buf_data_1_addr = getelementptr i32 %buf_data_1, i64 0, i64 %zext_ln79" [cp_insertion.cpp:82]   --->   Operation 21 'getelementptr' 'buf_data_1_addr' <Predicate = (!icmp_ln79)> <Delay = 0.00>
ST_1 : Operation 22 [1/1] (0.00ns)   --->   "%buf_data_2_addr = getelementptr i32 %buf_data_2, i64 0, i64 %zext_ln79" [cp_insertion.cpp:82]   --->   Operation 22 'getelementptr' 'buf_data_2_addr' <Predicate = (!icmp_ln79)> <Delay = 0.00>
ST_1 : Operation 23 [1/1] (0.00ns)   --->   "%buf_data_3_addr = getelementptr i32 %buf_data_3, i64 0, i64 %zext_ln79" [cp_insertion.cpp:82]   --->   Operation 23 'getelementptr' 'buf_data_3_addr' <Predicate = (!icmp_ln79)> <Delay = 0.00>
ST_1 : Operation 24 [1/1] (0.00ns)   --->   "%buf_strb_addr = getelementptr i4 %buf_strb, i64 0, i64 %zext_ln79" [cp_insertion.cpp:82]   --->   Operation 24 'getelementptr' 'buf_strb_addr' <Predicate = (!icmp_ln79)> <Delay = 0.00>
ST_1 : Operation 25 [1/1] (0.00ns)   --->   "%buf_strb_1_addr = getelementptr i4 %buf_strb_1, i64 0, i64 %zext_ln79" [cp_insertion.cpp:82]   --->   Operation 25 'getelementptr' 'buf_strb_1_addr' <Predicate = (!icmp_ln79)> <Delay = 0.00>
ST_1 : Operation 26 [1/1] (0.00ns)   --->   "%buf_strb_2_addr = getelementptr i4 %buf_strb_2, i64 0, i64 %zext_ln79" [cp_insertion.cpp:82]   --->   Operation 26 'getelementptr' 'buf_strb_2_addr' <Predicate = (!icmp_ln79)> <Delay = 0.00>
ST_1 : Operation 27 [1/1] (0.00ns)   --->   "%buf_strb_3_addr = getelementptr i4 %buf_strb_3, i64 0, i64 %zext_ln79" [cp_insertion.cpp:82]   --->   Operation 27 'getelementptr' 'buf_strb_3_addr' <Predicate = (!icmp_ln79)> <Delay = 0.00>
ST_1 : Operation 28 [2/2] (1.23ns)   --->   "%buf_data_load = load i8 %buf_data_addr" [cp_insertion.cpp:82]   --->   Operation 28 'load' 'buf_data_load' <Predicate = (!icmp_ln79)> <Delay = 1.23> <CoreInst = "RAM">   --->   Core 82 'RAM' <Latency = 1> <II = 1> <Delay = 1.23> <Storage> <Opcode : 'load' 'store'> <Ports = 2> <Width = 32> <Depth = 256> <RAM>
ST_1 : Operation 29 [2/2] (1.23ns)   --->   "%buf_data_1_load = load i8 %buf_data_1_addr" [cp_insertion.cpp:82]   --->   Operation 29 'load' 'buf_data_1_load' <Predicate = (!icmp_ln79)> <Delay = 1.23> <CoreInst = "RAM">   --->   Core 82 'RAM' <Latency = 1> <II = 1> <Delay = 1.23> <Storage> <Opcode : 'load' 'store'> <Ports = 2> <Width = 32> <Depth = 256> <RAM>
ST_1 : Operation 30 [2/2] (1.23ns)   --->   "%buf_data_2_load = load i8 %buf_data_2_addr" [cp_insertion.cpp:82]   --->   Operation 30 'load' 'buf_data_2_load' <Predicate = (!icmp_ln79)> <Delay = 1.23> <CoreInst = "RAM">   --->   Core 82 'RAM' <Latency = 1> <II = 1> <Delay = 1.23> <Storage> <Opcode : 'load' 'store'> <Ports = 2> <Width = 32> <Depth = 256> <RAM>
ST_1 : Operation 31 [2/2] (1.23ns)   --->   "%buf_data_3_load = load i8 %buf_data_3_addr" [cp_insertion.cpp:82]   --->   Operation 31 'load' 'buf_data_3_load' <Predicate = (!icmp_ln79)> <Delay = 1.23> <CoreInst = "RAM">   --->   Core 82 'RAM' <Latency = 1> <II = 1> <Delay = 1.23> <Storage> <Opcode : 'load' 'store'> <Ports = 2> <Width = 32> <Depth = 256> <RAM>
ST_1 : Operation 32 [2/2] (1.23ns)   --->   "%buf_strb_load = load i8 %buf_strb_addr" [cp_insertion.cpp:82]   --->   Operation 32 'load' 'buf_strb_load' <Predicate = (!icmp_ln79)> <Delay = 1.23> <CoreInst = "RAM">   --->   Core 82 'RAM' <Latency = 1> <II = 1> <Delay = 1.23> <Storage> <Opcode : 'load' 'store'> <Ports = 2> <Width = 4> <Depth = 256> <RAM>
ST_1 : Operation 33 [2/2] (1.23ns)   --->   "%buf_strb_1_load = load i8 %buf_strb_1_addr" [cp_insertion.cpp:82]   --->   Operation 33 'load' 'buf_strb_1_load' <Predicate = (!icmp_ln79)> <Delay = 1.23> <CoreInst = "RAM">   --->   Core 82 'RAM' <Latency = 1> <II = 1> <Delay = 1.23> <Storage> <Opcode : 'load' 'store'> <Ports = 2> <Width = 4> <Depth = 256> <RAM>
ST_1 : Operation 34 [2/2] (1.23ns)   --->   "%buf_strb_2_load = load i8 %buf_strb_2_addr" [cp_insertion.cpp:82]   --->   Operation 34 'load' 'buf_strb_2_load' <Predicate = (!icmp_ln79)> <Delay = 1.23> <CoreInst = "RAM">   --->   Core 82 'RAM' <Latency = 1> <II = 1> <Delay = 1.23> <Storage> <Opcode : 'load' 'store'> <Ports = 2> <Width = 4> <Depth = 256> <RAM>
ST_1 : Operation 35 [2/2] (1.23ns)   --->   "%buf_strb_3_load = load i8 %buf_strb_3_addr" [cp_insertion.cpp:82]   --->   Operation 35 'load' 'buf_strb_3_load' <Predicate = (!icmp_ln79)> <Delay = 1.23> <CoreInst = "RAM">   --->   Core 82 'RAM' <Latency = 1> <II = 1> <Delay = 1.23> <Storage> <Opcode : 'load' 'store'> <Ports = 2> <Width = 4> <Depth = 256> <RAM>
ST_1 : Operation 36 [1/1] (0.79ns)   --->   "%s_last = icmp_eq  i11 %i_1, i11 1023" [cp_insertion.cpp:83]   --->   Operation 36 'icmp' 's_last' <Predicate = (!icmp_ln79)> <Delay = 0.79> <CoreInst = "Cmp">   --->   Core 9 'Cmp' <Latency = 0> <II = 1> <Delay = 0.79> <FuncUnit> <Opcode : 'seteq' 'setne' 'setle' 'setge' 'setlt' 'setgt'> <InPorts = 2> <OutPorts = 1>
ST_1 : Operation 37 [1/1] (0.42ns)   --->   "%store_ln79 = store i11 %add_ln79, i11 %i" [cp_insertion.cpp:79]   --->   Operation 37 'store' 'store_ln79' <Predicate = (!icmp_ln79)> <Delay = 0.42>
ST_1 : Operation 53 [1/1] (0.42ns)   --->   "%ret_ln0 = ret"   --->   Operation 53 'ret' 'ret_ln0' <Predicate = (icmp_ln79)> <Delay = 0.42>

State 2 <SV = 1> <Delay = 2.25>
ST_2 : Operation 38 [1/1] (0.00ns)   --->   "%specpipeline_ln81 = specpipeline void @_ssdm_op_SpecPipeline, i32 1, i32 0, i32 0, i32 0, void @empty_1" [cp_insertion.cpp:81]   --->   Operation 38 'specpipeline' 'specpipeline_ln81' <Predicate = true> <Delay = 0.00>
ST_2 : Operation 39 [1/1] (0.00ns)   --->   "%speclooptripcount_ln79 = speclooptripcount void @_ssdm_op_SpecLoopTripCount, i64 1024, i64 1024, i64 1024" [cp_insertion.cpp:79]   --->   Operation 39 'speclooptripcount' 'speclooptripcount_ln79' <Predicate = true> <Delay = 0.00>
ST_2 : Operation 40 [1/1] (0.00ns)   --->   "%specloopname_ln79 = specloopname void @_ssdm_op_SpecLoopName, void @empty_6" [cp_insertion.cpp:79]   --->   Operation 40 'specloopname' 'specloopname_ln79' <Predicate = true> <Delay = 0.00>
ST_2 : Operation 41 [1/2] (1.23ns)   --->   "%buf_data_load = load i8 %buf_data_addr" [cp_insertion.cpp:82]   --->   Operation 41 'load' 'buf_data_load' <Predicate = true> <Delay = 1.23> <CoreInst = "RAM">   --->   Core 82 'RAM' <Latency = 1> <II = 1> <Delay = 1.23> <Storage> <Opcode : 'load' 'store'> <Ports = 2> <Width = 32> <Depth = 256> <RAM>
ST_2 : Operation 42 [1/2] (1.23ns)   --->   "%buf_data_1_load = load i8 %buf_data_1_addr" [cp_insertion.cpp:82]   --->   Operation 42 'load' 'buf_data_1_load' <Predicate = true> <Delay = 1.23> <CoreInst = "RAM">   --->   Core 82 'RAM' <Latency = 1> <II = 1> <Delay = 1.23> <Storage> <Opcode : 'load' 'store'> <Ports = 2> <Width = 32> <Depth = 256> <RAM>
ST_2 : Operation 43 [1/2] (1.23ns)   --->   "%buf_data_2_load = load i8 %buf_data_2_addr" [cp_insertion.cpp:82]   --->   Operation 43 'load' 'buf_data_2_load' <Predicate = true> <Delay = 1.23> <CoreInst = "RAM">   --->   Core 82 'RAM' <Latency = 1> <II = 1> <Delay = 1.23> <Storage> <Opcode : 'load' 'store'> <Ports = 2> <Width = 32> <Depth = 256> <RAM>
ST_2 : Operation 44 [1/2] (1.23ns)   --->   "%buf_data_3_load = load i8 %buf_data_3_addr" [cp_insertion.cpp:82]   --->   Operation 44 'load' 'buf_data_3_load' <Predicate = true> <Delay = 1.23> <CoreInst = "RAM">   --->   Core 82 'RAM' <Latency = 1> <II = 1> <Delay = 1.23> <Storage> <Opcode : 'load' 'store'> <Ports = 2> <Width = 32> <Depth = 256> <RAM>
ST_2 : Operation 45 [1/1] (0.52ns)   --->   "%s_data = sparsemux i32 @_ssdm_op_SparseMux.ap_auto.4i32.i32.i2, i2 0, i32 %buf_data_load, i2 1, i32 %buf_data_1_load, i2 2, i32 %buf_data_2_load, i2 3, i32 %buf_data_3_load, i32 0, i2 %trunc_ln79" [cp_insertion.cpp:82]   --->   Operation 45 'sparsemux' 's_data' <Predicate = true> <Delay = 0.52> <CoreInst = "SparseMux">   --->   Core 144 'SparseMux' <Latency = 0> <II = 1> <Delay = 0.52> <FuncUnit> <Opcode : 'sparsemux'> <InPorts = 2> <OutPorts = 1>
ST_2 : Operation 46 [1/2] (1.23ns)   --->   "%buf_strb_load = load i8 %buf_strb_addr" [cp_insertion.cpp:82]   --->   Operation 46 'load' 'buf_strb_load' <Predicate = true> <Delay = 1.23> <CoreInst = "RAM">   --->   Core 82 'RAM' <Latency = 1> <II = 1> <Delay = 1.23> <Storage> <Opcode : 'load' 'store'> <Ports = 2> <Width = 4> <Depth = 256> <RAM>
ST_2 : Operation 47 [1/2] (1.23ns)   --->   "%buf_strb_1_load = load i8 %buf_strb_1_addr" [cp_insertion.cpp:82]   --->   Operation 47 'load' 'buf_strb_1_load' <Predicate = true> <Delay = 1.23> <CoreInst = "RAM">   --->   Core 82 'RAM' <Latency = 1> <II = 1> <Delay = 1.23> <Storage> <Opcode : 'load' 'store'> <Ports = 2> <Width = 4> <Depth = 256> <RAM>
ST_2 : Operation 48 [1/2] (1.23ns)   --->   "%buf_strb_2_load = load i8 %buf_strb_2_addr" [cp_insertion.cpp:82]   --->   Operation 48 'load' 'buf_strb_2_load' <Predicate = true> <Delay = 1.23> <CoreInst = "RAM">   --->   Core 82 'RAM' <Latency = 1> <II = 1> <Delay = 1.23> <Storage> <Opcode : 'load' 'store'> <Ports = 2> <Width = 4> <Depth = 256> <RAM>
ST_2 : Operation 49 [1/2] (1.23ns)   --->   "%buf_strb_3_load = load i8 %buf_strb_3_addr" [cp_insertion.cpp:82]   --->   Operation 49 'load' 'buf_strb_3_load' <Predicate = true> <Delay = 1.23> <CoreInst = "RAM">   --->   Core 82 'RAM' <Latency = 1> <II = 1> <Delay = 1.23> <Storage> <Opcode : 'load' 'store'> <Ports = 2> <Width = 4> <Depth = 256> <RAM>
ST_2 : Operation 50 [1/1] (0.52ns)   --->   "%s_strb = sparsemux i4 @_ssdm_op_SparseMux.ap_auto.4i4.i4.i2, i2 0, i4 %buf_strb_load, i2 1, i4 %buf_strb_1_load, i2 2, i4 %buf_strb_2_load, i2 3, i4 %buf_strb_3_load, i4 0, i2 %trunc_ln79" [cp_insertion.cpp:82]   --->   Operation 50 'sparsemux' 's_strb' <Predicate = true> <Delay = 0.52> <CoreInst = "SparseMux">   --->   Core 144 'SparseMux' <Latency = 0> <II = 1> <Delay = 0.52> <FuncUnit> <Opcode : 'sparsemux'> <InPorts = 2> <OutPorts = 1>
ST_2 : Operation 51 [1/1] (0.49ns)   --->   "%write_ln85 = write void @_ssdm_op_Write.axis.volatile.i32P0A.i4P0A.i4P0A.i1P0A, i32 %out_stream_V_data_V, i4 %out_stream_V_keep_V, i4 %out_stream_V_strb_V, i1 %out_stream_V_last_V, i32 %s_data, i4 15, i4 %s_strb, i1 %s_last" [cp_insertion.cpp:85]   --->   Operation 51 'write' 'write_ln85' <Predicate = true> <Delay = 0.49> <CoreInst = "regslice">   --->   Core 148 'regslice' <Latency = 0> <II = 1> <Delay = 0.65> <Adapter> <Opcode : 'read' 'write'>
ST_2 : Operation 52 [1/1] (0.00ns)   --->   "%br_ln79 = br void %for.body17" [cp_insertion.cpp:79]   --->   Operation 52 'br' 'br_ln79' <Predicate = true> <Delay = 0.00>


============================================================
+ Verbose Summary: Timing violations
============================================================
Target clock period: 3.330ns, clock uncertainty: 0.899ns.

 <State 1>: 1.664ns
The critical path consists of the following:
	'store' operation 0 bit ('store_ln79', cp_insertion.cpp:79) of constant 0 on local variable 'i', cp_insertion.cpp:79 [19]  (0.427 ns)
	'load' operation 11 bit ('i', cp_insertion.cpp:79) on local variable 'i', cp_insertion.cpp:79 [22]  (0.000 ns)
	'getelementptr' operation 8 bit ('buf_data_addr', cp_insertion.cpp:82) [33]  (0.000 ns)
	'load' operation 32 bit ('buf_data_load', cp_insertion.cpp:82) on array 'buf_data' [41]  (1.237 ns)

 <State 2>: 2.259ns
The critical path consists of the following:
	'load' operation 32 bit ('buf_data_load', cp_insertion.cpp:82) on array 'buf_data' [41]  (1.237 ns)
	'sparsemux' operation 32 bit ('s.data', cp_insertion.cpp:82) [45]  (0.525 ns)
	axis write operation ('write_ln85', cp_insertion.cpp:85) on port 'out_stream_V_data_V' (cp_insertion.cpp:85) [52]  (0.497 ns)


============================================================
+ Verbose Summary: Binding
============================================================
N/A
* FSMD analyzer results:
  - Output states:
 - Input state : 
  - Chain level:
	State 1
	State 2


============================================================
+ Verbose Summary: Datapath Resource usage 
============================================================
N/A
